[2024-08-30T13:49:36.595+0000] {taskinstance.py:1979} INFO - Dependencies all met for dep_context=non-requeueable deps ti=<TaskInstance: spark_airflow_dag.spark_submit_task manual__2024-08-30T13:49:28.099749+00:00 [queued]>
[2024-08-30T13:49:36.625+0000] {taskinstance.py:1979} INFO - Dependencies all met for dep_context=requeueable deps ti=<TaskInstance: spark_airflow_dag.spark_submit_task manual__2024-08-30T13:49:28.099749+00:00 [queued]>
[2024-08-30T13:49:36.633+0000] {taskinstance.py:2193} INFO - Starting attempt 1 of 1
[2024-08-30T13:49:36.711+0000] {taskinstance.py:2214} INFO - Executing <Task(SparkSubmitOperator): spark_submit_task> on 2024-08-30 13:49:28.099749+00:00
[2024-08-30T13:49:36.731+0000] {standard_task_runner.py:87} INFO - Running: ['airflow', 'tasks', 'run', 'spark_airflow_dag', 'spark_submit_task', 'manual__2024-08-30T13:49:28.099749+00:00', '--job-id', '16', '--raw', '--subdir', 'DAGS_FOLDER/spark-dag-example.py', '--cfg-path', '/tmp/tmpx6sdr70n']
[2024-08-30T13:49:36.734+0000] {standard_task_runner.py:88} INFO - Job 16: Subtask spark_submit_task
[2024-08-30T13:49:36.727+0000] {standard_task_runner.py:60} INFO - Started process 2904 to run task
[2024-08-30T13:49:36.835+0000] {logging_mixin.py:188} WARNING - /home/airflow/.local/lib/python3.9/site-packages/airflow/settings.py:194 DeprecationWarning: The sql_alchemy_conn option in [core] has been moved to the sql_alchemy_conn option in [database] - the old setting has been used, but please update your config.
[2024-08-30T13:49:36.952+0000] {task_command.py:423} INFO - Running <TaskInstance: spark_airflow_dag.spark_submit_task manual__2024-08-30T13:49:28.099749+00:00 [running]> on host dataeng-airflow-scheduler
[2024-08-30T13:49:37.519+0000] {taskinstance.py:2510} INFO - Exporting env vars: AIRFLOW_CTX_DAG_OWNER='dibimbing' AIRFLOW_CTX_DAG_ID='spark_airflow_dag' AIRFLOW_CTX_TASK_ID='spark_submit_task' AIRFLOW_CTX_EXECUTION_DATE='2024-08-30T13:49:28.099749+00:00' AIRFLOW_CTX_TRY_NUMBER='1' AIRFLOW_CTX_DAG_RUN_ID='manual__2024-08-30T13:49:28.099749+00:00'
[2024-08-30T13:49:37.598+0000] {base.py:83} INFO - Using connection ID 'spark_main' for task execution.
[2024-08-30T13:49:37.607+0000] {spark_submit.py:403} INFO - Spark-Submit cmd: spark-submit --master spark://dataeng-spark-master:7077 --name arrow-spark /spark-scripts/spark-example.py
[2024-08-30T13:49:52.886+0000] {spark_submit.py:579} INFO - 24/08/30 13:49:52 INFO SparkContext: Running Spark version 3.3.2
[2024-08-30T13:49:53.406+0000] {spark_submit.py:579} INFO - 24/08/30 13:49:53 WARN NativeCodeLoader: Unable to load native-hadoop library for your platform... using builtin-java classes where applicable
[2024-08-30T13:49:54.676+0000] {spark_submit.py:579} INFO - 24/08/30 13:49:54 INFO ResourceUtils: ==============================================================
[2024-08-30T13:49:54.680+0000] {spark_submit.py:579} INFO - 24/08/30 13:49:54 INFO ResourceUtils: No custom resources configured for spark.driver.
[2024-08-30T13:49:54.681+0000] {spark_submit.py:579} INFO - 24/08/30 13:49:54 INFO ResourceUtils: ==============================================================
[2024-08-30T13:49:54.682+0000] {spark_submit.py:579} INFO - 24/08/30 13:49:54 INFO SparkContext: Submitted application: Dibimbing
[2024-08-30T13:49:54.833+0000] {spark_submit.py:579} INFO - 24/08/30 13:49:54 INFO ResourceProfile: Default ResourceProfile created, executor resources: Map(cores -> name: cores, amount: 1, script: , vendor: , memory -> name: memory, amount: 1024, script: , vendor: , offHeap -> name: offHeap, amount: 0, script: , vendor: ), task resources: Map(cpus -> name: cpus, amount: 1.0)
[2024-08-30T13:49:54.857+0000] {spark_submit.py:579} INFO - 24/08/30 13:49:54 INFO ResourceProfile: Limiting resource is cpu
[2024-08-30T13:49:54.860+0000] {spark_submit.py:579} INFO - 24/08/30 13:49:54 INFO ResourceProfileManager: Added ResourceProfile id: 0
[2024-08-30T13:49:55.381+0000] {spark_submit.py:579} INFO - 24/08/30 13:49:55 INFO SecurityManager: Changing view acls to: airflow
[2024-08-30T13:49:55.395+0000] {spark_submit.py:579} INFO - 24/08/30 13:49:55 INFO SecurityManager: Changing modify acls to: airflow
[2024-08-30T13:49:55.409+0000] {spark_submit.py:579} INFO - 24/08/30 13:49:55 INFO SecurityManager: Changing view acls groups to:
[2024-08-30T13:49:55.428+0000] {spark_submit.py:579} INFO - 24/08/30 13:49:55 INFO SecurityManager: Changing modify acls groups to:
[2024-08-30T13:49:55.432+0000] {spark_submit.py:579} INFO - 24/08/30 13:49:55 INFO SecurityManager: SecurityManager: authentication disabled; ui acls disabled; users  with view permissions: Set(airflow); groups with view permissions: Set(); users  with modify permissions: Set(airflow); groups with modify permissions: Set()
[2024-08-30T13:49:57.440+0000] {spark_submit.py:579} INFO - 24/08/30 13:49:57 INFO Utils: Successfully started service 'sparkDriver' on port 45087.
[2024-08-30T13:49:57.806+0000] {spark_submit.py:579} INFO - 24/08/30 13:49:57 INFO SparkEnv: Registering MapOutputTracker
[2024-08-30T13:49:58.145+0000] {spark_submit.py:579} INFO - 24/08/30 13:49:58 INFO SparkEnv: Registering BlockManagerMaster
[2024-08-30T13:49:58.246+0000] {spark_submit.py:579} INFO - 24/08/30 13:49:58 INFO BlockManagerMasterEndpoint: Using org.apache.spark.storage.DefaultTopologyMapper for getting topology information
[2024-08-30T13:49:58.249+0000] {spark_submit.py:579} INFO - 24/08/30 13:49:58 INFO BlockManagerMasterEndpoint: BlockManagerMasterEndpoint up
[2024-08-30T13:49:58.268+0000] {spark_submit.py:579} INFO - 24/08/30 13:49:58 INFO SparkEnv: Registering BlockManagerMasterHeartbeat
[2024-08-30T13:49:58.546+0000] {spark_submit.py:579} INFO - 24/08/30 13:49:58 INFO DiskBlockManager: Created local directory at /tmp/blockmgr-8488c326-1134-4556-af49-a8f1c8e67bf9
[2024-08-30T13:49:58.716+0000] {spark_submit.py:579} INFO - 24/08/30 13:49:58 INFO MemoryStore: MemoryStore started with capacity 434.4 MiB
[2024-08-30T13:49:58.866+0000] {spark_submit.py:579} INFO - 24/08/30 13:49:58 INFO SparkEnv: Registering OutputCommitCoordinator
[2024-08-30T13:50:00.192+0000] {spark_submit.py:579} INFO - 24/08/30 13:50:00 INFO Utils: Successfully started service 'SparkUI' on port 4040.
[2024-08-30T13:50:01.280+0000] {spark_submit.py:579} INFO - 24/08/30 13:50:01 INFO StandaloneAppClient$ClientEndpoint: Connecting to master spark://dataeng-spark-master:7077...
[2024-08-30T13:50:01.917+0000] {spark_submit.py:579} INFO - 24/08/30 13:50:01 INFO TransportClientFactory: Successfully created connection to dataeng-spark-master/172.18.0.6:7077 after 414 ms (0 ms spent in bootstraps)
[2024-08-30T13:50:14.066+0000] {spark_submit.py:579} INFO - 24/08/30 13:50:14 INFO StandaloneSchedulerBackend: Connected to Spark cluster with app ID app-20240830135013-0000
[2024-08-30T13:50:14.154+0000] {spark_submit.py:579} INFO - 24/08/30 13:50:14 INFO Utils: Successfully started service 'org.apache.spark.network.netty.NettyBlockTransferService' on port 40989.
[2024-08-30T13:50:14.182+0000] {spark_submit.py:579} INFO - 24/08/30 13:50:14 INFO NettyBlockTransferService: Server created on dataeng-airflow-scheduler:40989
[2024-08-30T13:50:14.189+0000] {spark_submit.py:579} INFO - 24/08/30 13:50:14 INFO BlockManager: Using org.apache.spark.storage.RandomBlockReplicationPolicy for block replication policy
[2024-08-30T13:50:14.321+0000] {spark_submit.py:579} INFO - 24/08/30 13:50:14 INFO BlockManagerMaster: Registering BlockManager BlockManagerId(driver, dataeng-airflow-scheduler, 40989, None)
[2024-08-30T13:50:14.339+0000] {spark_submit.py:579} INFO - 24/08/30 13:50:14 INFO BlockManagerMasterEndpoint: Registering block manager dataeng-airflow-scheduler:40989 with 434.4 MiB RAM, BlockManagerId(driver, dataeng-airflow-scheduler, 40989, None)
[2024-08-30T13:50:14.363+0000] {spark_submit.py:579} INFO - 24/08/30 13:50:14 INFO BlockManagerMaster: Registered BlockManager BlockManagerId(driver, dataeng-airflow-scheduler, 40989, None)
[2024-08-30T13:50:14.368+0000] {spark_submit.py:579} INFO - 24/08/30 13:50:14 INFO BlockManager: Initialized BlockManager: BlockManagerId(driver, dataeng-airflow-scheduler, 40989, None)
[2024-08-30T13:50:16.989+0000] {spark_submit.py:579} INFO - 24/08/30 13:50:16 INFO StandaloneAppClient$ClientEndpoint: Executor added: app-20240830135013-0000/0 on worker-20240830112207-172.18.0.7-43355 (172.18.0.7:43355) with 1 core(s)
[2024-08-30T13:50:17.233+0000] {spark_submit.py:579} INFO - 24/08/30 13:50:17 INFO StandaloneSchedulerBackend: Granted executor ID app-20240830135013-0000/0 on hostPort 172.18.0.7:43355 with 1 core(s), 1024.0 MiB RAM
[2024-08-30T13:50:19.540+0000] {spark_submit.py:579} INFO - 24/08/30 13:50:19 INFO StandaloneSchedulerBackend: SchedulerBackend is ready for scheduling beginning after reached minRegisteredResourcesRatio: 0.0
[2024-08-30T13:52:09.596+0000] {spark_submit.py:579} INFO - +----------+-----------+--------+--------+-----+-----------+--------------------+---------+-----+
[2024-08-30T13:52:09.612+0000] {spark_submit.py:579} INFO - |product_id|customer_id|order_id|quantity|price|       name|               email|     name|price|
[2024-08-30T13:52:09.629+0000] {spark_submit.py:579} INFO - +----------+-----------+--------+--------+-----+-----------+--------------------+---------+-----+
[2024-08-30T13:52:09.660+0000] {spark_submit.py:579} INFO - |         1|          1|     101|       2|19.99|   John Doe| johndoe@example.com|Product A|19.99|
[2024-08-30T13:52:09.708+0000] {spark_submit.py:579} INFO - |         2|          2|     102|       1| 9.99| Jane Smith|janesmith@example...|Product B| 9.99|
[2024-08-30T13:52:09.724+0000] {spark_submit.py:579} INFO - |         3|          3|     103|       1|15.99|Bob Johnson|bobjohnson@exampl...|Product C|15.99|
[2024-08-30T13:52:09.740+0000] {spark_submit.py:579} INFO - |         4|          1|     104|       1| 5.99|   John Doe| johndoe@example.com|Product D| 5.99|
[2024-08-30T13:52:09.756+0000] {spark_submit.py:579} INFO - |         5|          2|     105|       3|12.99| Jane Smith|janesmith@example...|Product E|12.99|
[2024-08-30T13:52:09.788+0000] {spark_submit.py:579} INFO - |         6|          3|     106|       2| 9.99|Bob Johnson|bobjohnson@exampl...|Product F| 9.99|
[2024-08-30T13:52:09.805+0000] {spark_submit.py:579} INFO - |         7|          4|     107|       1|11.99|    Sue Lee|  suelee@example.com|Product G|11.99|
[2024-08-30T13:52:09.842+0000] {spark_submit.py:579} INFO - |         8|          1|     108|       2|14.99|   John Doe| johndoe@example.com|Product H|14.99|
[2024-08-30T13:52:09.976+0000] {spark_submit.py:579} INFO - |         9|          2|     109|       1| 9.99| Jane Smith|janesmith@example...|Product I| 9.99|
[2024-08-30T13:52:10.094+0000] {spark_submit.py:579} INFO - |        10|          3|     110|       1|19.99|Bob Johnson|bobjohnson@exampl...|Product J|19.99|
[2024-08-30T13:52:10.116+0000] {spark_submit.py:579} INFO - +----------+-----------+--------+--------+-----+-----------+--------------------+---------+-----+
[2024-08-30T13:52:10.117+0000] {spark_submit.py:579} INFO - 
[2024-08-30T13:52:13.202+0000] {taskinstance.py:1149} INFO - Marking task as SUCCESS. dag_id=spark_airflow_dag, task_id=spark_submit_task, execution_date=20240830T134928, start_date=20240830T134936, end_date=20240830T135213
[2024-08-30T13:52:13.636+0000] {local_task_job_runner.py:234} INFO - Task exited with return code 0
[2024-08-30T13:52:13.964+0000] {taskinstance.py:3309} INFO - 0 downstream tasks scheduled from follow-on schedule check
