[2024-08-31T18:38:28.437+0000] {taskinstance.py:1979} INFO - Dependencies all met for dep_context=non-requeueable deps ti=<TaskInstance: spark_retail_analysis_dag.spark_retail_analysis_task manual__2024-08-31T18:38:24.894234+00:00 [queued]>
[2024-08-31T18:38:28.456+0000] {taskinstance.py:1979} INFO - Dependencies all met for dep_context=requeueable deps ti=<TaskInstance: spark_retail_analysis_dag.spark_retail_analysis_task manual__2024-08-31T18:38:24.894234+00:00 [queued]>
[2024-08-31T18:38:28.457+0000] {taskinstance.py:2193} INFO - Starting attempt 1 of 1
[2024-08-31T18:38:28.497+0000] {taskinstance.py:2214} INFO - Executing <Task(SparkSubmitOperator): spark_retail_analysis_task> on 2024-08-31 18:38:24.894234+00:00
[2024-08-31T18:38:28.521+0000] {standard_task_runner.py:60} INFO - Started process 15936 to run task
[2024-08-31T18:38:28.525+0000] {standard_task_runner.py:87} INFO - Running: ['airflow', 'tasks', 'run', 'spark_retail_analysis_dag', 'spark_retail_analysis_task', 'manual__2024-08-31T18:38:24.894234+00:00', '--job-id', '56', '--raw', '--subdir', 'DAGS_FOLDER/spark_retail_analysis_dag.py', '--cfg-path', '/tmp/tmpq7scpm8m']
[2024-08-31T18:38:28.529+0000] {standard_task_runner.py:88} INFO - Job 56: Subtask spark_retail_analysis_task
[2024-08-31T18:38:28.569+0000] {logging_mixin.py:188} WARNING - /home/airflow/.local/lib/python3.9/site-packages/airflow/settings.py:194 DeprecationWarning: The sql_alchemy_conn option in [core] has been moved to the sql_alchemy_conn option in [database] - the old setting has been used, but please update your config.
[2024-08-31T18:38:28.644+0000] {task_command.py:423} INFO - Running <TaskInstance: spark_retail_analysis_dag.spark_retail_analysis_task manual__2024-08-31T18:38:24.894234+00:00 [running]> on host dataeng-airflow-scheduler
[2024-08-31T18:38:28.856+0000] {taskinstance.py:2510} INFO - Exporting env vars: AIRFLOW_CTX_DAG_OWNER='dibimbing' AIRFLOW_CTX_DAG_ID='spark_retail_analysis_dag' AIRFLOW_CTX_TASK_ID='spark_retail_analysis_task' AIRFLOW_CTX_EXECUTION_DATE='2024-08-31T18:38:24.894234+00:00' AIRFLOW_CTX_TRY_NUMBER='1' AIRFLOW_CTX_DAG_RUN_ID='manual__2024-08-31T18:38:24.894234+00:00'
[2024-08-31T18:38:28.900+0000] {base.py:83} INFO - Using connection ID 'spark_main' for task execution.
[2024-08-31T18:38:28.901+0000] {spark_submit.py:403} INFO - Spark-Submit cmd: spark-submit --master spark://dataeng-spark-master:7077 --packages org.postgresql:postgresql:42.2.18 --name arrow-spark /spark-scripts/spark-retail-analysis.py
[2024-08-31T18:38:37.423+0000] {spark_submit.py:579} INFO - :: loading settings :: url = jar:file:/home/airflow/.local/lib/python3.9/site-packages/pyspark/jars/ivy-2.5.1.jar!/org/apache/ivy/core/settings/ivysettings.xml
[2024-08-31T18:38:37.756+0000] {spark_submit.py:579} INFO - Ivy Default Cache set to: /home/airflow/.ivy2/cache
[2024-08-31T18:38:37.766+0000] {spark_submit.py:579} INFO - The jars for the packages stored in: /home/airflow/.ivy2/jars
[2024-08-31T18:38:37.776+0000] {spark_submit.py:579} INFO - org.postgresql#postgresql added as a dependency
[2024-08-31T18:38:37.787+0000] {spark_submit.py:579} INFO - :: resolving dependencies :: org.apache.spark#spark-submit-parent-524ed550-ef53-47fa-93d0-d60bb011acf9;1.0
[2024-08-31T18:38:37.795+0000] {spark_submit.py:579} INFO - confs: [default]
[2024-08-31T18:38:38.106+0000] {spark_submit.py:579} INFO - found org.postgresql#postgresql;42.2.18 in central
[2024-08-31T18:38:38.314+0000] {spark_submit.py:579} INFO - found org.checkerframework#checker-qual;3.5.0 in central
[2024-08-31T18:38:38.576+0000] {spark_submit.py:579} INFO - :: resolution report :: resolve 724ms :: artifacts dl 65ms
[2024-08-31T18:38:38.987+0000] {spark_submit.py:579} INFO - :: modules in use:
[2024-08-31T18:38:39.245+0000] {spark_submit.py:579} INFO - org.checkerframework#checker-qual;3.5.0 from central in [default]
[2024-08-31T18:38:39.280+0000] {spark_submit.py:579} INFO - org.postgresql#postgresql;42.2.18 from central in [default]
[2024-08-31T18:38:39.311+0000] {spark_submit.py:579} INFO - ---------------------------------------------------------------------
[2024-08-31T18:38:39.331+0000] {spark_submit.py:579} INFO - |                  |            modules            ||   artifacts   |
[2024-08-31T18:38:39.343+0000] {spark_submit.py:579} INFO - |       conf       | number| search|dwnlded|evicted|| number|dwnlded|
[2024-08-31T18:38:39.361+0000] {spark_submit.py:579} INFO - ---------------------------------------------------------------------
[2024-08-31T18:38:39.375+0000] {spark_submit.py:579} INFO - |      default     |   2   |   0   |   0   |   0   ||   2   |   0   |
[2024-08-31T18:38:39.391+0000] {spark_submit.py:579} INFO - ---------------------------------------------------------------------
[2024-08-31T18:38:39.407+0000] {spark_submit.py:579} INFO - :: retrieving :: org.apache.spark#spark-submit-parent-524ed550-ef53-47fa-93d0-d60bb011acf9
[2024-08-31T18:38:39.425+0000] {spark_submit.py:579} INFO - confs: [default]
[2024-08-31T18:38:39.535+0000] {spark_submit.py:579} INFO - 0 artifacts copied, 2 already retrieved (0kB/15ms)
[2024-08-31T18:38:40.399+0000] {spark_submit.py:579} INFO - 24/08/31 18:38:40 WARN NativeCodeLoader: Unable to load native-hadoop library for your platform... using builtin-java classes where applicable
[2024-08-31T18:38:42.878+0000] {spark_submit.py:579} INFO - 24/08/31 18:38:42 INFO SparkContext: Running Spark version 3.3.2
[2024-08-31T18:38:42.992+0000] {spark_submit.py:579} INFO - 24/08/31 18:38:42 INFO ResourceUtils: ==============================================================
[2024-08-31T18:38:42.994+0000] {spark_submit.py:579} INFO - 24/08/31 18:38:42 INFO ResourceUtils: No custom resources configured for spark.driver.
[2024-08-31T18:38:43.005+0000] {spark_submit.py:579} INFO - 24/08/31 18:38:42 INFO ResourceUtils: ==============================================================
[2024-08-31T18:38:43.005+0000] {spark_submit.py:579} INFO - 24/08/31 18:38:42 INFO SparkContext: Submitted application: Dibimbing
[2024-08-31T18:38:43.084+0000] {spark_submit.py:579} INFO - 24/08/31 18:38:43 INFO ResourceProfile: Default ResourceProfile created, executor resources: Map(cores -> name: cores, amount: 1, script: , vendor: , memory -> name: memory, amount: 1024, script: , vendor: , offHeap -> name: offHeap, amount: 0, script: , vendor: ), task resources: Map(cpus -> name: cpus, amount: 1.0)
[2024-08-31T18:38:43.099+0000] {spark_submit.py:579} INFO - 24/08/31 18:38:43 INFO ResourceProfile: Limiting resource is cpu
[2024-08-31T18:38:43.101+0000] {spark_submit.py:579} INFO - 24/08/31 18:38:43 INFO ResourceProfileManager: Added ResourceProfile id: 0
[2024-08-31T18:38:43.206+0000] {spark_submit.py:579} INFO - 24/08/31 18:38:43 INFO SecurityManager: Changing view acls to: airflow
[2024-08-31T18:38:43.208+0000] {spark_submit.py:579} INFO - 24/08/31 18:38:43 INFO SecurityManager: Changing modify acls to: airflow
[2024-08-31T18:38:43.210+0000] {spark_submit.py:579} INFO - 24/08/31 18:38:43 INFO SecurityManager: Changing view acls groups to:
[2024-08-31T18:38:43.212+0000] {spark_submit.py:579} INFO - 24/08/31 18:38:43 INFO SecurityManager: Changing modify acls groups to:
[2024-08-31T18:38:43.216+0000] {spark_submit.py:579} INFO - 24/08/31 18:38:43 INFO SecurityManager: SecurityManager: authentication disabled; ui acls disabled; users  with view permissions: Set(airflow); groups with view permissions: Set(); users  with modify permissions: Set(airflow); groups with modify permissions: Set()
[2024-08-31T18:38:43.772+0000] {spark_submit.py:579} INFO - 24/08/31 18:38:43 INFO Utils: Successfully started service 'sparkDriver' on port 35313.
[2024-08-31T18:38:43.904+0000] {spark_submit.py:579} INFO - 24/08/31 18:38:43 INFO SparkEnv: Registering MapOutputTracker
[2024-08-31T18:38:44.153+0000] {spark_submit.py:579} INFO - 24/08/31 18:38:44 INFO SparkEnv: Registering BlockManagerMaster
[2024-08-31T18:38:44.204+0000] {spark_submit.py:579} INFO - 24/08/31 18:38:44 INFO BlockManagerMasterEndpoint: Using org.apache.spark.storage.DefaultTopologyMapper for getting topology information
[2024-08-31T18:38:44.206+0000] {spark_submit.py:579} INFO - 24/08/31 18:38:44 INFO BlockManagerMasterEndpoint: BlockManagerMasterEndpoint up
[2024-08-31T18:38:44.220+0000] {spark_submit.py:579} INFO - 24/08/31 18:38:44 INFO SparkEnv: Registering BlockManagerMasterHeartbeat
[2024-08-31T18:38:44.339+0000] {spark_submit.py:579} INFO - 24/08/31 18:38:44 INFO DiskBlockManager: Created local directory at /tmp/blockmgr-05d010ba-c8ee-4674-8f68-d1143407ca69
[2024-08-31T18:38:44.403+0000] {spark_submit.py:579} INFO - 24/08/31 18:38:44 INFO MemoryStore: MemoryStore started with capacity 434.4 MiB
[2024-08-31T18:38:44.492+0000] {spark_submit.py:579} INFO - 24/08/31 18:38:44 INFO SparkEnv: Registering OutputCommitCoordinator
[2024-08-31T18:38:45.242+0000] {spark_submit.py:579} INFO - 24/08/31 18:38:45 INFO Utils: Successfully started service 'SparkUI' on port 4040.
[2024-08-31T18:38:45.323+0000] {spark_submit.py:579} INFO - 24/08/31 18:38:45 INFO SparkContext: Added JAR file:///home/airflow/.ivy2/jars/org.postgresql_postgresql-42.2.18.jar at spark://dataeng-airflow-scheduler:35313/jars/org.postgresql_postgresql-42.2.18.jar with timestamp 1725129522842
[2024-08-31T18:38:45.324+0000] {spark_submit.py:579} INFO - 24/08/31 18:38:45 INFO SparkContext: Added JAR file:///home/airflow/.ivy2/jars/org.checkerframework_checker-qual-3.5.0.jar at spark://dataeng-airflow-scheduler:35313/jars/org.checkerframework_checker-qual-3.5.0.jar with timestamp 1725129522842
[2024-08-31T18:38:45.332+0000] {spark_submit.py:579} INFO - 24/08/31 18:38:45 INFO SparkContext: Added file file:///home/airflow/.ivy2/jars/org.postgresql_postgresql-42.2.18.jar at file:///home/airflow/.ivy2/jars/org.postgresql_postgresql-42.2.18.jar with timestamp 1725129522842
[2024-08-31T18:38:45.336+0000] {spark_submit.py:579} INFO - 24/08/31 18:38:45 INFO Utils: Copying /home/airflow/.ivy2/jars/org.postgresql_postgresql-42.2.18.jar to /tmp/spark-2a56590e-1e17-4785-bc91-b47a494aa20e/userFiles-2d393a85-916a-4cfa-b092-76dfe6631fb1/org.postgresql_postgresql-42.2.18.jar
[2024-08-31T18:38:45.439+0000] {spark_submit.py:579} INFO - 24/08/31 18:38:45 INFO SparkContext: Added file file:///home/airflow/.ivy2/jars/org.checkerframework_checker-qual-3.5.0.jar at file:///home/airflow/.ivy2/jars/org.checkerframework_checker-qual-3.5.0.jar with timestamp 1725129522842
[2024-08-31T18:38:45.452+0000] {spark_submit.py:579} INFO - 24/08/31 18:38:45 INFO Utils: Copying /home/airflow/.ivy2/jars/org.checkerframework_checker-qual-3.5.0.jar to /tmp/spark-2a56590e-1e17-4785-bc91-b47a494aa20e/userFiles-2d393a85-916a-4cfa-b092-76dfe6631fb1/org.checkerframework_checker-qual-3.5.0.jar
[2024-08-31T18:38:45.741+0000] {spark_submit.py:579} INFO - 24/08/31 18:38:45 INFO Executor: Starting executor ID driver on host dataeng-airflow-scheduler
[2024-08-31T18:38:45.766+0000] {spark_submit.py:579} INFO - 24/08/31 18:38:45 INFO Executor: Starting executor with user classpath (userClassPathFirst = false): ''
[2024-08-31T18:38:45.824+0000] {spark_submit.py:579} INFO - 24/08/31 18:38:45 INFO Executor: Fetching file:///home/airflow/.ivy2/jars/org.postgresql_postgresql-42.2.18.jar with timestamp 1725129522842
[2024-08-31T18:38:45.901+0000] {spark_submit.py:579} INFO - 24/08/31 18:38:45 INFO Utils: /home/airflow/.ivy2/jars/org.postgresql_postgresql-42.2.18.jar has been previously copied to /tmp/spark-2a56590e-1e17-4785-bc91-b47a494aa20e/userFiles-2d393a85-916a-4cfa-b092-76dfe6631fb1/org.postgresql_postgresql-42.2.18.jar
[2024-08-31T18:38:45.940+0000] {spark_submit.py:579} INFO - 24/08/31 18:38:45 INFO Executor: Fetching file:///home/airflow/.ivy2/jars/org.checkerframework_checker-qual-3.5.0.jar with timestamp 1725129522842
[2024-08-31T18:38:45.941+0000] {spark_submit.py:579} INFO - 24/08/31 18:38:45 INFO Utils: /home/airflow/.ivy2/jars/org.checkerframework_checker-qual-3.5.0.jar has been previously copied to /tmp/spark-2a56590e-1e17-4785-bc91-b47a494aa20e/userFiles-2d393a85-916a-4cfa-b092-76dfe6631fb1/org.checkerframework_checker-qual-3.5.0.jar
[2024-08-31T18:38:45.986+0000] {spark_submit.py:579} INFO - 24/08/31 18:38:45 INFO Executor: Fetching spark://dataeng-airflow-scheduler:35313/jars/org.postgresql_postgresql-42.2.18.jar with timestamp 1725129522842
[2024-08-31T18:38:46.106+0000] {spark_submit.py:579} INFO - 24/08/31 18:38:46 INFO TransportClientFactory: Successfully created connection to dataeng-airflow-scheduler/172.18.0.3:35313 after 90 ms (0 ms spent in bootstraps)
[2024-08-31T18:38:46.122+0000] {spark_submit.py:579} INFO - 24/08/31 18:38:46 INFO Utils: Fetching spark://dataeng-airflow-scheduler:35313/jars/org.postgresql_postgresql-42.2.18.jar to /tmp/spark-2a56590e-1e17-4785-bc91-b47a494aa20e/userFiles-2d393a85-916a-4cfa-b092-76dfe6631fb1/fetchFileTemp4480841318447824293.tmp
[2024-08-31T18:38:46.225+0000] {spark_submit.py:579} INFO - 24/08/31 18:38:46 INFO Utils: /tmp/spark-2a56590e-1e17-4785-bc91-b47a494aa20e/userFiles-2d393a85-916a-4cfa-b092-76dfe6631fb1/fetchFileTemp4480841318447824293.tmp has been previously copied to /tmp/spark-2a56590e-1e17-4785-bc91-b47a494aa20e/userFiles-2d393a85-916a-4cfa-b092-76dfe6631fb1/org.postgresql_postgresql-42.2.18.jar
[2024-08-31T18:38:46.263+0000] {spark_submit.py:579} INFO - 24/08/31 18:38:46 INFO Executor: Adding file:/tmp/spark-2a56590e-1e17-4785-bc91-b47a494aa20e/userFiles-2d393a85-916a-4cfa-b092-76dfe6631fb1/org.postgresql_postgresql-42.2.18.jar to class loader
[2024-08-31T18:38:46.267+0000] {spark_submit.py:579} INFO - 24/08/31 18:38:46 INFO Executor: Fetching spark://dataeng-airflow-scheduler:35313/jars/org.checkerframework_checker-qual-3.5.0.jar with timestamp 1725129522842
[2024-08-31T18:38:46.268+0000] {spark_submit.py:579} INFO - 24/08/31 18:38:46 INFO Utils: Fetching spark://dataeng-airflow-scheduler:35313/jars/org.checkerframework_checker-qual-3.5.0.jar to /tmp/spark-2a56590e-1e17-4785-bc91-b47a494aa20e/userFiles-2d393a85-916a-4cfa-b092-76dfe6631fb1/fetchFileTemp3831058624402537777.tmp
[2024-08-31T18:38:46.272+0000] {spark_submit.py:579} INFO - 24/08/31 18:38:46 INFO Utils: /tmp/spark-2a56590e-1e17-4785-bc91-b47a494aa20e/userFiles-2d393a85-916a-4cfa-b092-76dfe6631fb1/fetchFileTemp3831058624402537777.tmp has been previously copied to /tmp/spark-2a56590e-1e17-4785-bc91-b47a494aa20e/userFiles-2d393a85-916a-4cfa-b092-76dfe6631fb1/org.checkerframework_checker-qual-3.5.0.jar
[2024-08-31T18:38:46.304+0000] {spark_submit.py:579} INFO - 24/08/31 18:38:46 INFO Executor: Adding file:/tmp/spark-2a56590e-1e17-4785-bc91-b47a494aa20e/userFiles-2d393a85-916a-4cfa-b092-76dfe6631fb1/org.checkerframework_checker-qual-3.5.0.jar to class loader
[2024-08-31T18:38:46.316+0000] {spark_submit.py:579} INFO - 24/08/31 18:38:46 INFO Utils: Successfully started service 'org.apache.spark.network.netty.NettyBlockTransferService' on port 42733.
[2024-08-31T18:38:46.317+0000] {spark_submit.py:579} INFO - 24/08/31 18:38:46 INFO NettyBlockTransferService: Server created on dataeng-airflow-scheduler:42733
[2024-08-31T18:38:46.319+0000] {spark_submit.py:579} INFO - 24/08/31 18:38:46 INFO BlockManager: Using org.apache.spark.storage.RandomBlockReplicationPolicy for block replication policy
[2024-08-31T18:38:46.332+0000] {spark_submit.py:579} INFO - 24/08/31 18:38:46 INFO BlockManagerMaster: Registering BlockManager BlockManagerId(driver, dataeng-airflow-scheduler, 42733, None)
[2024-08-31T18:38:46.341+0000] {spark_submit.py:579} INFO - 24/08/31 18:38:46 INFO BlockManagerMasterEndpoint: Registering block manager dataeng-airflow-scheduler:42733 with 434.4 MiB RAM, BlockManagerId(driver, dataeng-airflow-scheduler, 42733, None)
[2024-08-31T18:38:46.346+0000] {spark_submit.py:579} INFO - 24/08/31 18:38:46 INFO BlockManagerMaster: Registered BlockManager BlockManagerId(driver, dataeng-airflow-scheduler, 42733, None)
[2024-08-31T18:38:46.350+0000] {spark_submit.py:579} INFO - 24/08/31 18:38:46 INFO BlockManager: Initialized BlockManager: BlockManagerId(driver, dataeng-airflow-scheduler, 42733, None)
[2024-08-31T18:38:49.987+0000] {spark_submit.py:579} INFO - SparkSession created successfully.
[2024-08-31T18:38:55.370+0000] {spark_submit.py:579} INFO - Error reading data from PostgreSQL: An error occurred while calling o28.jdbc.
[2024-08-31T18:38:55.370+0000] {spark_submit.py:579} INFO - : org.postgresql.util.PSQLException: FATAL: database "None" does not exist
[2024-08-31T18:38:55.380+0000] {spark_submit.py:579} INFO - at org.postgresql.core.v3.QueryExecutorImpl.receiveErrorResponse(QueryExecutorImpl.java:2553)
[2024-08-31T18:38:55.381+0000] {spark_submit.py:579} INFO - at org.postgresql.core.v3.QueryExecutorImpl.readStartupMessages(QueryExecutorImpl.java:2665)
[2024-08-31T18:38:55.381+0000] {spark_submit.py:579} INFO - at org.postgresql.core.v3.QueryExecutorImpl.<init>(QueryExecutorImpl.java:147)
[2024-08-31T18:38:55.382+0000] {spark_submit.py:579} INFO - at org.postgresql.core.v3.ConnectionFactoryImpl.openConnectionImpl(ConnectionFactoryImpl.java:273)
[2024-08-31T18:38:55.382+0000] {spark_submit.py:579} INFO - at org.postgresql.core.ConnectionFactory.openConnection(ConnectionFactory.java:51)
[2024-08-31T18:38:55.383+0000] {spark_submit.py:579} INFO - at org.postgresql.jdbc.PgConnection.<init>(PgConnection.java:225)
[2024-08-31T18:38:55.383+0000] {spark_submit.py:579} INFO - at org.postgresql.Driver.makeConnection(Driver.java:465)
[2024-08-31T18:38:55.384+0000] {spark_submit.py:579} INFO - at org.postgresql.Driver.connect(Driver.java:264)
[2024-08-31T18:38:55.385+0000] {spark_submit.py:579} INFO - at org.apache.spark.sql.execution.datasources.jdbc.connection.BasicConnectionProvider.getConnection(BasicConnectionProvider.scala:49)
[2024-08-31T18:38:55.385+0000] {spark_submit.py:579} INFO - at org.apache.spark.sql.execution.datasources.jdbc.connection.ConnectionProviderBase.create(ConnectionProvider.scala:102)
[2024-08-31T18:38:55.386+0000] {spark_submit.py:579} INFO - at org.apache.spark.sql.jdbc.JdbcDialect.$anonfun$createConnectionFactory$1(JdbcDialects.scala:122)
[2024-08-31T18:38:55.387+0000] {spark_submit.py:579} INFO - at org.apache.spark.sql.jdbc.JdbcDialect.$anonfun$createConnectionFactory$1$adapted(JdbcDialects.scala:118)
[2024-08-31T18:38:55.387+0000] {spark_submit.py:579} INFO - at org.apache.spark.sql.execution.datasources.jdbc.JDBCRDD$.getQueryOutputSchema(JDBCRDD.scala:63)
[2024-08-31T18:38:55.388+0000] {spark_submit.py:579} INFO - at org.apache.spark.sql.execution.datasources.jdbc.JDBCRDD$.resolveTable(JDBCRDD.scala:58)
[2024-08-31T18:38:55.389+0000] {spark_submit.py:579} INFO - at org.apache.spark.sql.execution.datasources.jdbc.JDBCRelation$.getSchema(JDBCRelation.scala:242)
[2024-08-31T18:38:55.389+0000] {spark_submit.py:579} INFO - at org.apache.spark.sql.execution.datasources.jdbc.JdbcRelationProvider.createRelation(JdbcRelationProvider.scala:37)
[2024-08-31T18:38:55.390+0000] {spark_submit.py:579} INFO - at org.apache.spark.sql.execution.datasources.DataSource.resolveRelation(DataSource.scala:350)
[2024-08-31T18:38:55.390+0000] {spark_submit.py:579} INFO - at org.apache.spark.sql.DataFrameReader.loadV1Source(DataFrameReader.scala:228)
[2024-08-31T18:38:55.391+0000] {spark_submit.py:579} INFO - at org.apache.spark.sql.DataFrameReader.$anonfun$load$2(DataFrameReader.scala:210)
[2024-08-31T18:38:55.394+0000] {spark_submit.py:579} INFO - at scala.Option.getOrElse(Option.scala:189)
[2024-08-31T18:38:55.395+0000] {spark_submit.py:579} INFO - at org.apache.spark.sql.DataFrameReader.load(DataFrameReader.scala:210)
[2024-08-31T18:38:55.395+0000] {spark_submit.py:579} INFO - at org.apache.spark.sql.DataFrameReader.load(DataFrameReader.scala:171)
[2024-08-31T18:38:55.396+0000] {spark_submit.py:579} INFO - at org.apache.spark.sql.DataFrameReader.jdbc(DataFrameReader.scala:248)
[2024-08-31T18:38:55.399+0000] {spark_submit.py:579} INFO - at java.base/jdk.internal.reflect.NativeMethodAccessorImpl.invoke0(Native Method)
[2024-08-31T18:38:55.401+0000] {spark_submit.py:579} INFO - at java.base/jdk.internal.reflect.NativeMethodAccessorImpl.invoke(NativeMethodAccessorImpl.java:77)
[2024-08-31T18:38:55.402+0000] {spark_submit.py:579} INFO - at java.base/jdk.internal.reflect.DelegatingMethodAccessorImpl.invoke(DelegatingMethodAccessorImpl.java:43)
[2024-08-31T18:38:55.403+0000] {spark_submit.py:579} INFO - at java.base/java.lang.reflect.Method.invoke(Method.java:569)
[2024-08-31T18:38:55.406+0000] {spark_submit.py:579} INFO - at py4j.reflection.MethodInvoker.invoke(MethodInvoker.java:244)
[2024-08-31T18:38:55.406+0000] {spark_submit.py:579} INFO - at py4j.reflection.ReflectionEngine.invoke(ReflectionEngine.java:357)
[2024-08-31T18:38:55.407+0000] {spark_submit.py:579} INFO - at py4j.Gateway.invoke(Gateway.java:282)
[2024-08-31T18:38:55.408+0000] {spark_submit.py:579} INFO - at py4j.commands.AbstractCommand.invokeMethod(AbstractCommand.java:132)
[2024-08-31T18:38:55.411+0000] {spark_submit.py:579} INFO - at py4j.commands.CallCommand.execute(CallCommand.java:79)
[2024-08-31T18:38:55.411+0000] {spark_submit.py:579} INFO - at py4j.ClientServerConnection.waitForCommands(ClientServerConnection.java:182)
[2024-08-31T18:38:55.412+0000] {spark_submit.py:579} INFO - at py4j.ClientServerConnection.run(ClientServerConnection.java:106)
[2024-08-31T18:38:55.413+0000] {spark_submit.py:579} INFO - at java.base/java.lang.Thread.run(Thread.java:840)
[2024-08-31T18:38:55.414+0000] {spark_submit.py:579} INFO - 
[2024-08-31T18:38:55.414+0000] {spark_submit.py:579} INFO - Traceback (most recent call last):
[2024-08-31T18:38:55.415+0000] {spark_submit.py:579} INFO - File "/spark-scripts/spark-retail-analysis.py", line 43, in <module>
[2024-08-31T18:38:55.415+0000] {spark_submit.py:579} INFO - retail_df = spark.read.jdbc(
[2024-08-31T18:38:55.416+0000] {spark_submit.py:579} INFO - File "/home/airflow/.local/lib/python3.9/site-packages/pyspark/python/lib/pyspark.zip/pyspark/sql/readwriter.py", line 716, in jdbc
[2024-08-31T18:38:55.417+0000] {spark_submit.py:579} INFO - File "/home/airflow/.local/lib/python3.9/site-packages/pyspark/python/lib/py4j-0.10.9.5-src.zip/py4j/java_gateway.py", line 1321, in __call__
[2024-08-31T18:38:55.418+0000] {spark_submit.py:579} INFO - File "/home/airflow/.local/lib/python3.9/site-packages/pyspark/python/lib/pyspark.zip/pyspark/sql/utils.py", line 190, in deco
[2024-08-31T18:38:55.420+0000] {spark_submit.py:579} INFO - File "/home/airflow/.local/lib/python3.9/site-packages/pyspark/python/lib/py4j-0.10.9.5-src.zip/py4j/protocol.py", line 326, in get_return_value
[2024-08-31T18:38:55.439+0000] {spark_submit.py:579} INFO - py4j.protocol.Py4JJavaError: An error occurred while calling o28.jdbc.
[2024-08-31T18:38:55.446+0000] {spark_submit.py:579} INFO - : org.postgresql.util.PSQLException: FATAL: database "None" does not exist
[2024-08-31T18:38:55.447+0000] {spark_submit.py:579} INFO - at org.postgresql.core.v3.QueryExecutorImpl.receiveErrorResponse(QueryExecutorImpl.java:2553)
[2024-08-31T18:38:55.448+0000] {spark_submit.py:579} INFO - at org.postgresql.core.v3.QueryExecutorImpl.readStartupMessages(QueryExecutorImpl.java:2665)
[2024-08-31T18:38:55.451+0000] {spark_submit.py:579} INFO - at org.postgresql.core.v3.QueryExecutorImpl.<init>(QueryExecutorImpl.java:147)
[2024-08-31T18:38:55.452+0000] {spark_submit.py:579} INFO - at org.postgresql.core.v3.ConnectionFactoryImpl.openConnectionImpl(ConnectionFactoryImpl.java:273)
[2024-08-31T18:38:55.453+0000] {spark_submit.py:579} INFO - at org.postgresql.core.ConnectionFactory.openConnection(ConnectionFactory.java:51)
[2024-08-31T18:38:55.454+0000] {spark_submit.py:579} INFO - at org.postgresql.jdbc.PgConnection.<init>(PgConnection.java:225)
[2024-08-31T18:38:55.455+0000] {spark_submit.py:579} INFO - at org.postgresql.Driver.makeConnection(Driver.java:465)
[2024-08-31T18:38:55.455+0000] {spark_submit.py:579} INFO - at org.postgresql.Driver.connect(Driver.java:264)
[2024-08-31T18:38:55.456+0000] {spark_submit.py:579} INFO - at org.apache.spark.sql.execution.datasources.jdbc.connection.BasicConnectionProvider.getConnection(BasicConnectionProvider.scala:49)
[2024-08-31T18:38:55.456+0000] {spark_submit.py:579} INFO - at org.apache.spark.sql.execution.datasources.jdbc.connection.ConnectionProviderBase.create(ConnectionProvider.scala:102)
[2024-08-31T18:38:55.457+0000] {spark_submit.py:579} INFO - at org.apache.spark.sql.jdbc.JdbcDialect.$anonfun$createConnectionFactory$1(JdbcDialects.scala:122)
[2024-08-31T18:38:55.459+0000] {spark_submit.py:579} INFO - at org.apache.spark.sql.jdbc.JdbcDialect.$anonfun$createConnectionFactory$1$adapted(JdbcDialects.scala:118)
[2024-08-31T18:38:55.459+0000] {spark_submit.py:579} INFO - at org.apache.spark.sql.execution.datasources.jdbc.JDBCRDD$.getQueryOutputSchema(JDBCRDD.scala:63)
[2024-08-31T18:38:55.464+0000] {spark_submit.py:579} INFO - at org.apache.spark.sql.execution.datasources.jdbc.JDBCRDD$.resolveTable(JDBCRDD.scala:58)
[2024-08-31T18:38:55.468+0000] {spark_submit.py:579} INFO - at org.apache.spark.sql.execution.datasources.jdbc.JDBCRelation$.getSchema(JDBCRelation.scala:242)
[2024-08-31T18:38:55.470+0000] {spark_submit.py:579} INFO - at org.apache.spark.sql.execution.datasources.jdbc.JdbcRelationProvider.createRelation(JdbcRelationProvider.scala:37)
[2024-08-31T18:38:55.470+0000] {spark_submit.py:579} INFO - at org.apache.spark.sql.execution.datasources.DataSource.resolveRelation(DataSource.scala:350)
[2024-08-31T18:38:55.471+0000] {spark_submit.py:579} INFO - at org.apache.spark.sql.DataFrameReader.loadV1Source(DataFrameReader.scala:228)
[2024-08-31T18:38:55.472+0000] {spark_submit.py:579} INFO - at org.apache.spark.sql.DataFrameReader.$anonfun$load$2(DataFrameReader.scala:210)
[2024-08-31T18:38:55.473+0000] {spark_submit.py:579} INFO - at scala.Option.getOrElse(Option.scala:189)
[2024-08-31T18:38:55.473+0000] {spark_submit.py:579} INFO - at org.apache.spark.sql.DataFrameReader.load(DataFrameReader.scala:210)
[2024-08-31T18:38:55.480+0000] {spark_submit.py:579} INFO - at org.apache.spark.sql.DataFrameReader.load(DataFrameReader.scala:171)
[2024-08-31T18:38:55.483+0000] {spark_submit.py:579} INFO - at org.apache.spark.sql.DataFrameReader.jdbc(DataFrameReader.scala:248)
[2024-08-31T18:38:55.483+0000] {spark_submit.py:579} INFO - at java.base/jdk.internal.reflect.NativeMethodAccessorImpl.invoke0(Native Method)
[2024-08-31T18:38:55.484+0000] {spark_submit.py:579} INFO - at java.base/jdk.internal.reflect.NativeMethodAccessorImpl.invoke(NativeMethodAccessorImpl.java:77)
[2024-08-31T18:38:55.494+0000] {spark_submit.py:579} INFO - at java.base/jdk.internal.reflect.DelegatingMethodAccessorImpl.invoke(DelegatingMethodAccessorImpl.java:43)
[2024-08-31T18:38:55.496+0000] {spark_submit.py:579} INFO - at java.base/java.lang.reflect.Method.invoke(Method.java:569)
[2024-08-31T18:38:55.501+0000] {spark_submit.py:579} INFO - at py4j.reflection.MethodInvoker.invoke(MethodInvoker.java:244)
[2024-08-31T18:38:55.502+0000] {spark_submit.py:579} INFO - at py4j.reflection.ReflectionEngine.invoke(ReflectionEngine.java:357)
[2024-08-31T18:38:55.512+0000] {spark_submit.py:579} INFO - at py4j.Gateway.invoke(Gateway.java:282)
[2024-08-31T18:38:55.513+0000] {spark_submit.py:579} INFO - at py4j.commands.AbstractCommand.invokeMethod(AbstractCommand.java:132)
[2024-08-31T18:38:55.528+0000] {spark_submit.py:579} INFO - at py4j.commands.CallCommand.execute(CallCommand.java:79)
[2024-08-31T18:38:55.529+0000] {spark_submit.py:579} INFO - at py4j.ClientServerConnection.waitForCommands(ClientServerConnection.java:182)
[2024-08-31T18:38:55.529+0000] {spark_submit.py:579} INFO - at py4j.ClientServerConnection.run(ClientServerConnection.java:106)
[2024-08-31T18:38:55.544+0000] {spark_submit.py:579} INFO - at java.base/java.lang.Thread.run(Thread.java:840)
[2024-08-31T18:38:55.545+0000] {spark_submit.py:579} INFO - 
[2024-08-31T18:38:56.234+0000] {taskinstance.py:2728} ERROR - Task failed with exception
Traceback (most recent call last):
  File "/home/airflow/.local/lib/python3.9/site-packages/airflow/models/taskinstance.py", line 444, in _execute_task
    result = _execute_callable(context=context, **execute_callable_kwargs)
  File "/home/airflow/.local/lib/python3.9/site-packages/airflow/models/taskinstance.py", line 414, in _execute_callable
    return execute_callable(context=context, **execute_callable_kwargs)
  File "/home/airflow/.local/lib/python3.9/site-packages/airflow/providers/apache/spark/operators/spark_submit.py", line 174, in execute
    self._hook.submit(self.application)
  File "/home/airflow/.local/lib/python3.9/site-packages/airflow/providers/apache/spark/hooks/spark_submit.py", line 505, in submit
    raise AirflowException(
airflow.exceptions.AirflowException: Cannot execute: spark-submit --master spark://dataeng-spark-master:7077 --packages org.postgresql:postgresql:42.2.18 --name arrow-spark /spark-scripts/spark-retail-analysis.py. Error code is: 1.
[2024-08-31T18:38:56.252+0000] {taskinstance.py:1149} INFO - Marking task as FAILED. dag_id=spark_retail_analysis_dag, task_id=spark_retail_analysis_task, execution_date=20240831T183824, start_date=20240831T183828, end_date=20240831T183856
[2024-08-31T18:38:56.321+0000] {standard_task_runner.py:107} ERROR - Failed to execute job 56 for task spark_retail_analysis_task (Cannot execute: spark-submit --master spark://dataeng-spark-master:7077 --packages org.postgresql:postgresql:42.2.18 --name arrow-spark /spark-scripts/spark-retail-analysis.py. Error code is: 1.; 15936)
[2024-08-31T18:38:56.353+0000] {local_task_job_runner.py:234} INFO - Task exited with return code 1
[2024-08-31T18:38:56.428+0000] {taskinstance.py:3309} INFO - 0 downstream tasks scheduled from follow-on schedule check
