[2024-08-31T18:53:09.153+0000] {taskinstance.py:1979} INFO - Dependencies all met for dep_context=non-requeueable deps ti=<TaskInstance: spark_retail_analysis_dag.spark_retail_analysis_task manual__2024-08-31T18:52:48.324020+00:00 [queued]>
[2024-08-31T18:53:09.196+0000] {taskinstance.py:1979} INFO - Dependencies all met for dep_context=requeueable deps ti=<TaskInstance: spark_retail_analysis_dag.spark_retail_analysis_task manual__2024-08-31T18:52:48.324020+00:00 [queued]>
[2024-08-31T18:53:09.200+0000] {taskinstance.py:2193} INFO - Starting attempt 1 of 1
[2024-08-31T18:53:09.627+0000] {taskinstance.py:2214} INFO - Executing <Task(SparkSubmitOperator): spark_retail_analysis_task> on 2024-08-31 18:52:48.324020+00:00
[2024-08-31T18:53:09.656+0000] {standard_task_runner.py:60} INFO - Started process 16339 to run task
[2024-08-31T18:53:09.822+0000] {standard_task_runner.py:87} INFO - Running: ['airflow', 'tasks', 'run', 'spark_retail_analysis_dag', 'spark_retail_analysis_task', 'manual__2024-08-31T18:52:48.324020+00:00', '--job-id', '57', '--raw', '--subdir', 'DAGS_FOLDER/spark_retail_analysis_dag.py', '--cfg-path', '/tmp/tmp57oz328m']
[2024-08-31T18:53:09.899+0000] {standard_task_runner.py:88} INFO - Job 57: Subtask spark_retail_analysis_task
[2024-08-31T18:53:11.410+0000] {logging_mixin.py:188} WARNING - /home/airflow/.local/lib/python3.9/site-packages/airflow/settings.py:194 DeprecationWarning: The sql_alchemy_conn option in [core] has been moved to the sql_alchemy_conn option in [database] - the old setting has been used, but please update your config.
[2024-08-31T18:53:11.507+0000] {task_command.py:423} INFO - Running <TaskInstance: spark_retail_analysis_dag.spark_retail_analysis_task manual__2024-08-31T18:52:48.324020+00:00 [running]> on host dataeng-airflow-scheduler
[2024-08-31T18:53:12.055+0000] {taskinstance.py:2510} INFO - Exporting env vars: AIRFLOW_CTX_DAG_OWNER='dibimbing' AIRFLOW_CTX_DAG_ID='spark_retail_analysis_dag' AIRFLOW_CTX_TASK_ID='spark_retail_analysis_task' AIRFLOW_CTX_EXECUTION_DATE='2024-08-31T18:52:48.324020+00:00' AIRFLOW_CTX_TRY_NUMBER='1' AIRFLOW_CTX_DAG_RUN_ID='manual__2024-08-31T18:52:48.324020+00:00'
[2024-08-31T18:53:12.089+0000] {base.py:83} INFO - Using connection ID 'spark_main' for task execution.
[2024-08-31T18:53:12.091+0000] {spark_submit.py:403} INFO - Spark-Submit cmd: spark-submit --master spark://dataeng-spark-master:7077 --packages org.postgresql:postgresql:42.2.18 --name arrow-spark /spark-scripts/spark-retail-analysis.py
[2024-08-31T18:54:31.317+0000] {spark_submit.py:579} INFO - :: loading settings :: url = jar:file:/home/airflow/.local/lib/python3.9/site-packages/pyspark/jars/ivy-2.5.1.jar!/org/apache/ivy/core/settings/ivysettings.xml
[2024-08-31T18:54:31.944+0000] {spark_submit.py:579} INFO - Ivy Default Cache set to: /home/airflow/.ivy2/cache
[2024-08-31T18:54:31.956+0000] {spark_submit.py:579} INFO - The jars for the packages stored in: /home/airflow/.ivy2/jars
[2024-08-31T18:54:32.004+0000] {spark_submit.py:579} INFO - org.postgresql#postgresql added as a dependency
[2024-08-31T18:54:32.008+0000] {spark_submit.py:579} INFO - :: resolving dependencies :: org.apache.spark#spark-submit-parent-2d3e918c-5c49-4618-b555-2999d30c54cc;1.0
[2024-08-31T18:54:32.009+0000] {spark_submit.py:579} INFO - confs: [default]
[2024-08-31T18:54:33.448+0000] {spark_submit.py:579} INFO - found org.postgresql#postgresql;42.2.18 in central
[2024-08-31T18:54:33.887+0000] {spark_submit.py:579} INFO - found org.checkerframework#checker-qual;3.5.0 in central
[2024-08-31T18:54:34.215+0000] {spark_submit.py:579} INFO - :: resolution report :: resolve 2125ms :: artifacts dl 64ms
[2024-08-31T18:54:34.444+0000] {spark_submit.py:579} INFO - :: modules in use:
[2024-08-31T18:54:34.446+0000] {spark_submit.py:579} INFO - org.checkerframework#checker-qual;3.5.0 from central in [default]
[2024-08-31T18:54:34.453+0000] {spark_submit.py:579} INFO - org.postgresql#postgresql;42.2.18 from central in [default]
[2024-08-31T18:54:34.459+0000] {spark_submit.py:579} INFO - ---------------------------------------------------------------------
[2024-08-31T18:54:34.463+0000] {spark_submit.py:579} INFO - |                  |            modules            ||   artifacts   |
[2024-08-31T18:54:34.466+0000] {spark_submit.py:579} INFO - |       conf       | number| search|dwnlded|evicted|| number|dwnlded|
[2024-08-31T18:54:34.471+0000] {spark_submit.py:579} INFO - ---------------------------------------------------------------------
[2024-08-31T18:54:34.477+0000] {spark_submit.py:579} INFO - |      default     |   2   |   0   |   0   |   0   ||   2   |   0   |
[2024-08-31T18:54:34.493+0000] {spark_submit.py:579} INFO - ---------------------------------------------------------------------
[2024-08-31T18:54:34.505+0000] {spark_submit.py:579} INFO - :: retrieving :: org.apache.spark#spark-submit-parent-2d3e918c-5c49-4618-b555-2999d30c54cc
[2024-08-31T18:54:34.568+0000] {spark_submit.py:579} INFO - confs: [default]
[2024-08-31T18:54:34.581+0000] {spark_submit.py:579} INFO - 0 artifacts copied, 2 already retrieved (0kB/161ms)
[2024-08-31T18:54:45.886+0000] {spark_submit.py:579} INFO - 24/08/31 18:54:45 WARN NativeCodeLoader: Unable to load native-hadoop library for your platform... using builtin-java classes where applicable
[2024-08-31T18:54:58.647+0000] {spark_submit.py:579} INFO - 24/08/31 18:54:58 INFO SparkContext: Running Spark version 3.3.2
[2024-08-31T18:54:58.781+0000] {spark_submit.py:579} INFO - 24/08/31 18:54:58 INFO ResourceUtils: ==============================================================
[2024-08-31T18:54:58.788+0000] {spark_submit.py:579} INFO - 24/08/31 18:54:58 INFO ResourceUtils: No custom resources configured for spark.driver.
[2024-08-31T18:54:58.806+0000] {spark_submit.py:579} INFO - 24/08/31 18:54:58 INFO ResourceUtils: ==============================================================
[2024-08-31T18:54:58.812+0000] {spark_submit.py:579} INFO - 24/08/31 18:54:58 INFO SparkContext: Submitted application: Dibimbing
[2024-08-31T18:54:59.101+0000] {spark_submit.py:579} INFO - 24/08/31 18:54:59 INFO ResourceProfile: Default ResourceProfile created, executor resources: Map(cores -> name: cores, amount: 1, script: , vendor: , memory -> name: memory, amount: 1024, script: , vendor: , offHeap -> name: offHeap, amount: 0, script: , vendor: ), task resources: Map(cpus -> name: cpus, amount: 1.0)
[2024-08-31T18:54:59.212+0000] {spark_submit.py:579} INFO - 24/08/31 18:54:59 INFO ResourceProfile: Limiting resource is cpu
[2024-08-31T18:54:59.240+0000] {spark_submit.py:579} INFO - 24/08/31 18:54:59 INFO ResourceProfileManager: Added ResourceProfile id: 0
[2024-08-31T18:54:59.595+0000] {spark_submit.py:579} INFO - 24/08/31 18:54:59 INFO SecurityManager: Changing view acls to: airflow
[2024-08-31T18:54:59.608+0000] {spark_submit.py:579} INFO - 24/08/31 18:54:59 INFO SecurityManager: Changing modify acls to: airflow
[2024-08-31T18:54:59.622+0000] {spark_submit.py:579} INFO - 24/08/31 18:54:59 INFO SecurityManager: Changing view acls groups to:
[2024-08-31T18:54:59.625+0000] {spark_submit.py:579} INFO - 24/08/31 18:54:59 INFO SecurityManager: Changing modify acls groups to:
[2024-08-31T18:54:59.627+0000] {spark_submit.py:579} INFO - 24/08/31 18:54:59 INFO SecurityManager: SecurityManager: authentication disabled; ui acls disabled; users  with view permissions: Set(airflow); groups with view permissions: Set(); users  with modify permissions: Set(airflow); groups with modify permissions: Set()
[2024-08-31T18:55:02.128+0000] {spark_submit.py:579} INFO - 24/08/31 18:55:02 INFO Utils: Successfully started service 'sparkDriver' on port 43433.
[2024-08-31T18:55:02.417+0000] {spark_submit.py:579} INFO - 24/08/31 18:55:02 INFO SparkEnv: Registering MapOutputTracker
[2024-08-31T18:55:02.592+0000] {spark_submit.py:579} INFO - 24/08/31 18:55:02 INFO SparkEnv: Registering BlockManagerMaster
[2024-08-31T18:55:02.670+0000] {spark_submit.py:579} INFO - 24/08/31 18:55:02 INFO BlockManagerMasterEndpoint: Using org.apache.spark.storage.DefaultTopologyMapper for getting topology information
[2024-08-31T18:55:02.677+0000] {spark_submit.py:579} INFO - 24/08/31 18:55:02 INFO BlockManagerMasterEndpoint: BlockManagerMasterEndpoint up
[2024-08-31T18:55:02.705+0000] {spark_submit.py:579} INFO - 24/08/31 18:55:02 INFO SparkEnv: Registering BlockManagerMasterHeartbeat
[2024-08-31T18:55:03.003+0000] {spark_submit.py:579} INFO - 24/08/31 18:55:03 INFO DiskBlockManager: Created local directory at /tmp/blockmgr-850c4209-3f2b-4b89-9244-77a27c53cf97
[2024-08-31T18:55:03.125+0000] {spark_submit.py:579} INFO - 24/08/31 18:55:03 INFO MemoryStore: MemoryStore started with capacity 434.4 MiB
[2024-08-31T18:55:03.342+0000] {spark_submit.py:579} INFO - 24/08/31 18:55:03 INFO SparkEnv: Registering OutputCommitCoordinator
[2024-08-31T18:55:05.560+0000] {spark_submit.py:579} INFO - 24/08/31 18:55:05 INFO Utils: Successfully started service 'SparkUI' on port 4040.
[2024-08-31T18:55:06.410+0000] {spark_submit.py:579} INFO - 24/08/31 18:55:06 INFO SparkContext: Added JAR file:///home/airflow/.ivy2/jars/org.postgresql_postgresql-42.2.18.jar at spark://dataeng-airflow-scheduler:43433/jars/org.postgresql_postgresql-42.2.18.jar with timestamp 1725130498608
[2024-08-31T18:55:06.428+0000] {spark_submit.py:579} INFO - 24/08/31 18:55:06 INFO SparkContext: Added JAR file:///home/airflow/.ivy2/jars/org.checkerframework_checker-qual-3.5.0.jar at spark://dataeng-airflow-scheduler:43433/jars/org.checkerframework_checker-qual-3.5.0.jar with timestamp 1725130498608
[2024-08-31T18:55:06.496+0000] {spark_submit.py:579} INFO - 24/08/31 18:55:06 INFO SparkContext: Added file file:///home/airflow/.ivy2/jars/org.postgresql_postgresql-42.2.18.jar at file:///home/airflow/.ivy2/jars/org.postgresql_postgresql-42.2.18.jar with timestamp 1725130498608
[2024-08-31T18:55:06.662+0000] {spark_submit.py:579} INFO - 24/08/31 18:55:06 INFO Utils: Copying /home/airflow/.ivy2/jars/org.postgresql_postgresql-42.2.18.jar to /tmp/spark-d1ec3bf9-8d76-422d-88ff-1884182f3e81/userFiles-de38c74a-592e-4a63-a502-bc1df54f9f71/org.postgresql_postgresql-42.2.18.jar
[2024-08-31T18:55:08.078+0000] {spark_submit.py:579} INFO - 24/08/31 18:55:08 INFO SparkContext: Added file file:///home/airflow/.ivy2/jars/org.checkerframework_checker-qual-3.5.0.jar at file:///home/airflow/.ivy2/jars/org.checkerframework_checker-qual-3.5.0.jar with timestamp 1725130498608
[2024-08-31T18:55:08.120+0000] {spark_submit.py:579} INFO - 24/08/31 18:55:08 INFO Utils: Copying /home/airflow/.ivy2/jars/org.checkerframework_checker-qual-3.5.0.jar to /tmp/spark-d1ec3bf9-8d76-422d-88ff-1884182f3e81/userFiles-de38c74a-592e-4a63-a502-bc1df54f9f71/org.checkerframework_checker-qual-3.5.0.jar
[2024-08-31T18:55:09.406+0000] {spark_submit.py:579} INFO - 24/08/31 18:55:09 INFO Executor: Starting executor ID driver on host dataeng-airflow-scheduler
[2024-08-31T18:55:09.584+0000] {spark_submit.py:579} INFO - 24/08/31 18:55:09 INFO Executor: Starting executor with user classpath (userClassPathFirst = false): ''
[2024-08-31T18:55:09.783+0000] {spark_submit.py:579} INFO - 24/08/31 18:55:09 INFO Executor: Fetching file:///home/airflow/.ivy2/jars/org.postgresql_postgresql-42.2.18.jar with timestamp 1725130498608
[2024-08-31T18:55:10.092+0000] {spark_submit.py:579} INFO - 24/08/31 18:55:10 INFO Utils: /home/airflow/.ivy2/jars/org.postgresql_postgresql-42.2.18.jar has been previously copied to /tmp/spark-d1ec3bf9-8d76-422d-88ff-1884182f3e81/userFiles-de38c74a-592e-4a63-a502-bc1df54f9f71/org.postgresql_postgresql-42.2.18.jar
[2024-08-31T18:55:10.615+0000] {spark_submit.py:579} INFO - 24/08/31 18:55:10 INFO Executor: Fetching file:///home/airflow/.ivy2/jars/org.checkerframework_checker-qual-3.5.0.jar with timestamp 1725130498608
[2024-08-31T18:55:10.636+0000] {spark_submit.py:579} INFO - 24/08/31 18:55:10 INFO Utils: /home/airflow/.ivy2/jars/org.checkerframework_checker-qual-3.5.0.jar has been previously copied to /tmp/spark-d1ec3bf9-8d76-422d-88ff-1884182f3e81/userFiles-de38c74a-592e-4a63-a502-bc1df54f9f71/org.checkerframework_checker-qual-3.5.0.jar
[2024-08-31T18:55:11.012+0000] {spark_submit.py:579} INFO - 24/08/31 18:55:10 INFO Executor: Fetching spark://dataeng-airflow-scheduler:43433/jars/org.checkerframework_checker-qual-3.5.0.jar with timestamp 1725130498608
[2024-08-31T18:55:11.360+0000] {spark_submit.py:579} INFO - 24/08/31 18:55:11 INFO TransportClientFactory: Successfully created connection to dataeng-airflow-scheduler/172.18.0.3:43433 after 233 ms (0 ms spent in bootstraps)
[2024-08-31T18:55:11.796+0000] {spark_submit.py:579} INFO - 24/08/31 18:55:11 INFO Utils: Fetching spark://dataeng-airflow-scheduler:43433/jars/org.checkerframework_checker-qual-3.5.0.jar to /tmp/spark-d1ec3bf9-8d76-422d-88ff-1884182f3e81/userFiles-de38c74a-592e-4a63-a502-bc1df54f9f71/fetchFileTemp14942832222106924852.tmp
[2024-08-31T18:55:12.117+0000] {spark_submit.py:579} INFO - 24/08/31 18:55:12 INFO Utils: /tmp/spark-d1ec3bf9-8d76-422d-88ff-1884182f3e81/userFiles-de38c74a-592e-4a63-a502-bc1df54f9f71/fetchFileTemp14942832222106924852.tmp has been previously copied to /tmp/spark-d1ec3bf9-8d76-422d-88ff-1884182f3e81/userFiles-de38c74a-592e-4a63-a502-bc1df54f9f71/org.checkerframework_checker-qual-3.5.0.jar
[2024-08-31T18:55:13.375+0000] {spark_submit.py:579} INFO - 24/08/31 18:55:13 INFO Executor: Adding file:/tmp/spark-d1ec3bf9-8d76-422d-88ff-1884182f3e81/userFiles-de38c74a-592e-4a63-a502-bc1df54f9f71/org.checkerframework_checker-qual-3.5.0.jar to class loader
[2024-08-31T18:55:13.432+0000] {spark_submit.py:579} INFO - 24/08/31 18:55:13 INFO Executor: Fetching spark://dataeng-airflow-scheduler:43433/jars/org.postgresql_postgresql-42.2.18.jar with timestamp 1725130498608
[2024-08-31T18:55:13.450+0000] {spark_submit.py:579} INFO - 24/08/31 18:55:13 INFO Utils: Fetching spark://dataeng-airflow-scheduler:43433/jars/org.postgresql_postgresql-42.2.18.jar to /tmp/spark-d1ec3bf9-8d76-422d-88ff-1884182f3e81/userFiles-de38c74a-592e-4a63-a502-bc1df54f9f71/fetchFileTemp16509782422568140139.tmp
[2024-08-31T18:55:13.494+0000] {spark_submit.py:579} INFO - 24/08/31 18:55:13 INFO Utils: /tmp/spark-d1ec3bf9-8d76-422d-88ff-1884182f3e81/userFiles-de38c74a-592e-4a63-a502-bc1df54f9f71/fetchFileTemp16509782422568140139.tmp has been previously copied to /tmp/spark-d1ec3bf9-8d76-422d-88ff-1884182f3e81/userFiles-de38c74a-592e-4a63-a502-bc1df54f9f71/org.postgresql_postgresql-42.2.18.jar
[2024-08-31T18:55:13.634+0000] {spark_submit.py:579} INFO - 24/08/31 18:55:13 INFO Executor: Adding file:/tmp/spark-d1ec3bf9-8d76-422d-88ff-1884182f3e81/userFiles-de38c74a-592e-4a63-a502-bc1df54f9f71/org.postgresql_postgresql-42.2.18.jar to class loader
[2024-08-31T18:55:13.674+0000] {spark_submit.py:579} INFO - 24/08/31 18:55:13 INFO Utils: Successfully started service 'org.apache.spark.network.netty.NettyBlockTransferService' on port 33295.
[2024-08-31T18:55:13.691+0000] {spark_submit.py:579} INFO - 24/08/31 18:55:13 INFO NettyBlockTransferService: Server created on dataeng-airflow-scheduler:33295
[2024-08-31T18:55:13.710+0000] {spark_submit.py:579} INFO - 24/08/31 18:55:13 INFO BlockManager: Using org.apache.spark.storage.RandomBlockReplicationPolicy for block replication policy
[2024-08-31T18:55:13.749+0000] {spark_submit.py:579} INFO - 24/08/31 18:55:13 INFO BlockManagerMaster: Registering BlockManager BlockManagerId(driver, dataeng-airflow-scheduler, 33295, None)
[2024-08-31T18:55:13.872+0000] {spark_submit.py:579} INFO - 24/08/31 18:55:13 INFO BlockManagerMasterEndpoint: Registering block manager dataeng-airflow-scheduler:33295 with 434.4 MiB RAM, BlockManagerId(driver, dataeng-airflow-scheduler, 33295, None)
[2024-08-31T18:55:13.877+0000] {spark_submit.py:579} INFO - 24/08/31 18:55:13 INFO BlockManagerMaster: Registered BlockManager BlockManagerId(driver, dataeng-airflow-scheduler, 33295, None)
[2024-08-31T18:55:13.894+0000] {spark_submit.py:579} INFO - 24/08/31 18:55:13 INFO BlockManager: Initialized BlockManager: BlockManagerId(driver, dataeng-airflow-scheduler, 33295, None)
[2024-08-31T18:55:18.716+0000] {spark_submit.py:579} INFO - SparkSession created successfully.
[2024-08-31T18:55:18.719+0000] {spark_submit.py:579} INFO - Error during Sales by Country analysis: name 'retail_df' is not defined
[2024-08-31T18:55:18.720+0000] {spark_submit.py:579} INFO - Traceback (most recent call last):
[2024-08-31T18:55:18.721+0000] {spark_submit.py:579} INFO - File "/spark-scripts/spark-retail-analysis.py", line 44, in <module>
[2024-08-31T18:55:18.731+0000] {spark_submit.py:579} INFO - sales_by_country = retail_df.groupBy("Country").agg(
[2024-08-31T18:55:18.755+0000] {spark_submit.py:579} INFO - NameError: name 'retail_df' is not defined
[2024-08-31T18:55:19.733+0000] {taskinstance.py:2728} ERROR - Task failed with exception
Traceback (most recent call last):
  File "/home/airflow/.local/lib/python3.9/site-packages/airflow/models/taskinstance.py", line 444, in _execute_task
    result = _execute_callable(context=context, **execute_callable_kwargs)
  File "/home/airflow/.local/lib/python3.9/site-packages/airflow/models/taskinstance.py", line 414, in _execute_callable
    return execute_callable(context=context, **execute_callable_kwargs)
  File "/home/airflow/.local/lib/python3.9/site-packages/airflow/providers/apache/spark/operators/spark_submit.py", line 174, in execute
    self._hook.submit(self.application)
  File "/home/airflow/.local/lib/python3.9/site-packages/airflow/providers/apache/spark/hooks/spark_submit.py", line 505, in submit
    raise AirflowException(
airflow.exceptions.AirflowException: Cannot execute: spark-submit --master spark://dataeng-spark-master:7077 --packages org.postgresql:postgresql:42.2.18 --name arrow-spark /spark-scripts/spark-retail-analysis.py. Error code is: 1.
[2024-08-31T18:55:19.780+0000] {taskinstance.py:1149} INFO - Marking task as FAILED. dag_id=spark_retail_analysis_dag, task_id=spark_retail_analysis_task, execution_date=20240831T185248, start_date=20240831T185309, end_date=20240831T185519
[2024-08-31T18:55:20.000+0000] {standard_task_runner.py:107} ERROR - Failed to execute job 57 for task spark_retail_analysis_task (Cannot execute: spark-submit --master spark://dataeng-spark-master:7077 --packages org.postgresql:postgresql:42.2.18 --name arrow-spark /spark-scripts/spark-retail-analysis.py. Error code is: 1.; 16339)
[2024-08-31T18:55:20.102+0000] {local_task_job_runner.py:234} INFO - Task exited with return code 1
[2024-08-31T18:55:20.230+0000] {taskinstance.py:3309} INFO - 0 downstream tasks scheduled from follow-on schedule check
