[2024-08-29T11:55:27.087+0000] {taskinstance.py:1979} INFO - Dependencies all met for dep_context=non-requeueable deps ti=<TaskInstance: spark_airflow_dag.spark_submit_task manual__2024-08-29T11:55:19.588423+00:00 [queued]>
[2024-08-29T11:55:27.116+0000] {taskinstance.py:1979} INFO - Dependencies all met for dep_context=requeueable deps ti=<TaskInstance: spark_airflow_dag.spark_submit_task manual__2024-08-29T11:55:19.588423+00:00 [queued]>
[2024-08-29T11:55:27.199+0000] {taskinstance.py:2193} INFO - Starting attempt 1 of 1
[2024-08-29T11:55:27.407+0000] {taskinstance.py:2214} INFO - Executing <Task(SparkSubmitOperator): spark_submit_task> on 2024-08-29 11:55:19.588423+00:00
[2024-08-29T11:55:27.421+0000] {standard_task_runner.py:60} INFO - Started process 345 to run task
[2024-08-29T11:55:27.433+0000] {standard_task_runner.py:87} INFO - Running: ['airflow', 'tasks', 'run', 'spark_airflow_dag', 'spark_submit_task', 'manual__2024-08-29T11:55:19.588423+00:00', '--job-id', '2', '--raw', '--subdir', 'DAGS_FOLDER/spark-dag-example.py', '--cfg-path', '/tmp/tmp4ifcv1yz']
[2024-08-29T11:55:27.435+0000] {standard_task_runner.py:88} INFO - Job 2: Subtask spark_submit_task
[2024-08-29T11:55:27.594+0000] {logging_mixin.py:188} WARNING - /home/airflow/.local/lib/python3.9/site-packages/airflow/settings.py:194 DeprecationWarning: The sql_alchemy_conn option in [core] has been moved to the sql_alchemy_conn option in [database] - the old setting has been used, but please update your config.
[2024-08-29T11:55:27.912+0000] {task_command.py:423} INFO - Running <TaskInstance: spark_airflow_dag.spark_submit_task manual__2024-08-29T11:55:19.588423+00:00 [running]> on host dataeng-airflow-scheduler
[2024-08-29T11:55:28.729+0000] {taskinstance.py:2510} INFO - Exporting env vars: AIRFLOW_CTX_DAG_OWNER='dibimbing' AIRFLOW_CTX_DAG_ID='spark_airflow_dag' AIRFLOW_CTX_TASK_ID='spark_submit_task' AIRFLOW_CTX_EXECUTION_DATE='2024-08-29T11:55:19.588423+00:00' AIRFLOW_CTX_TRY_NUMBER='1' AIRFLOW_CTX_DAG_RUN_ID='manual__2024-08-29T11:55:19.588423+00:00'
[2024-08-29T11:55:28.783+0000] {base.py:83} INFO - Using connection ID 'spark_main' for task execution.
[2024-08-29T11:55:28.786+0000] {spark_submit.py:403} INFO - Spark-Submit cmd: spark-submit --master spark://dataeng-spark-master:7077 --name arrow-spark /spark-scripts/spark-example.py
[2024-08-29T11:56:03.270+0000] {spark_submit.py:579} INFO - 24/08/29 11:56:03 INFO SparkContext: Running Spark version 3.3.2
[2024-08-29T11:56:03.458+0000] {spark_submit.py:579} INFO - 24/08/29 11:56:03 WARN NativeCodeLoader: Unable to load native-hadoop library for your platform... using builtin-java classes where applicable
[2024-08-29T11:56:03.929+0000] {spark_submit.py:579} INFO - 24/08/29 11:56:03 INFO ResourceUtils: ==============================================================
[2024-08-29T11:56:03.931+0000] {spark_submit.py:579} INFO - 24/08/29 11:56:03 INFO ResourceUtils: No custom resources configured for spark.driver.
[2024-08-29T11:56:03.933+0000] {spark_submit.py:579} INFO - 24/08/29 11:56:03 INFO ResourceUtils: ==============================================================
[2024-08-29T11:56:03.935+0000] {spark_submit.py:579} INFO - 24/08/29 11:56:03 INFO SparkContext: Submitted application: Dibimbing
[2024-08-29T11:56:04.014+0000] {spark_submit.py:579} INFO - 24/08/29 11:56:04 INFO ResourceProfile: Default ResourceProfile created, executor resources: Map(cores -> name: cores, amount: 1, script: , vendor: , memory -> name: memory, amount: 1024, script: , vendor: , offHeap -> name: offHeap, amount: 0, script: , vendor: ), task resources: Map(cpus -> name: cpus, amount: 1.0)
[2024-08-29T11:56:04.034+0000] {spark_submit.py:579} INFO - 24/08/29 11:56:04 INFO ResourceProfile: Limiting resource is cpu
[2024-08-29T11:56:04.037+0000] {spark_submit.py:579} INFO - 24/08/29 11:56:04 INFO ResourceProfileManager: Added ResourceProfile id: 0
[2024-08-29T11:56:04.455+0000] {spark_submit.py:579} INFO - 24/08/29 11:56:04 INFO SecurityManager: Changing view acls to: airflow
[2024-08-29T11:56:04.457+0000] {spark_submit.py:579} INFO - 24/08/29 11:56:04 INFO SecurityManager: Changing modify acls to: airflow
[2024-08-29T11:56:04.459+0000] {spark_submit.py:579} INFO - 24/08/29 11:56:04 INFO SecurityManager: Changing view acls groups to:
[2024-08-29T11:56:04.463+0000] {spark_submit.py:579} INFO - 24/08/29 11:56:04 INFO SecurityManager: Changing modify acls groups to:
[2024-08-29T11:56:04.465+0000] {spark_submit.py:579} INFO - 24/08/29 11:56:04 INFO SecurityManager: SecurityManager: authentication disabled; ui acls disabled; users  with view permissions: Set(airflow); groups with view permissions: Set(); users  with modify permissions: Set(airflow); groups with modify permissions: Set()
[2024-08-29T11:56:05.349+0000] {spark_submit.py:579} INFO - 24/08/29 11:56:05 INFO Utils: Successfully started service 'sparkDriver' on port 45185.
[2024-08-29T11:56:05.526+0000] {spark_submit.py:579} INFO - 24/08/29 11:56:05 INFO SparkEnv: Registering MapOutputTracker
[2024-08-29T11:56:05.707+0000] {spark_submit.py:579} INFO - 24/08/29 11:56:05 INFO SparkEnv: Registering BlockManagerMaster
[2024-08-29T11:56:05.766+0000] {spark_submit.py:579} INFO - 24/08/29 11:56:05 INFO BlockManagerMasterEndpoint: Using org.apache.spark.storage.DefaultTopologyMapper for getting topology information
[2024-08-29T11:56:05.770+0000] {spark_submit.py:579} INFO - 24/08/29 11:56:05 INFO BlockManagerMasterEndpoint: BlockManagerMasterEndpoint up
[2024-08-29T11:56:05.786+0000] {spark_submit.py:579} INFO - 24/08/29 11:56:05 INFO SparkEnv: Registering BlockManagerMasterHeartbeat
[2024-08-29T11:56:06.528+0000] {spark_submit.py:579} INFO - 24/08/29 11:56:06 INFO DiskBlockManager: Created local directory at /tmp/blockmgr-7e81e38f-d918-43af-8fcf-4b0d4b48166a
[2024-08-29T11:56:06.726+0000] {spark_submit.py:579} INFO - 24/08/29 11:56:06 INFO MemoryStore: MemoryStore started with capacity 434.4 MiB
[2024-08-29T11:56:07.073+0000] {spark_submit.py:579} INFO - 24/08/29 11:56:07 INFO SparkEnv: Registering OutputCommitCoordinator
[2024-08-29T11:56:10.114+0000] {spark_submit.py:579} INFO - 24/08/29 11:56:10 INFO Utils: Successfully started service 'SparkUI' on port 4040.
[2024-08-29T11:56:12.516+0000] {spark_submit.py:579} INFO - 24/08/29 11:56:12 INFO StandaloneAppClient$ClientEndpoint: Connecting to master spark://dataeng-spark-master:7077...
[2024-08-29T11:56:12.917+0000] {spark_submit.py:579} INFO - 24/08/29 11:56:12 INFO TransportClientFactory: Successfully created connection to dataeng-spark-master/172.18.0.2:7077 after 212 ms (0 ms spent in bootstraps)
[2024-08-29T11:56:18.197+0000] {spark_submit.py:579} INFO - 24/08/29 11:56:18 INFO StandaloneSchedulerBackend: Connected to Spark cluster with app ID app-20240829115617-0000
[2024-08-29T11:56:18.289+0000] {spark_submit.py:579} INFO - 24/08/29 11:56:18 INFO Utils: Successfully started service 'org.apache.spark.network.netty.NettyBlockTransferService' on port 44055.
[2024-08-29T11:56:18.290+0000] {spark_submit.py:579} INFO - 24/08/29 11:56:18 INFO NettyBlockTransferService: Server created on dataeng-airflow-scheduler:44055
[2024-08-29T11:56:18.313+0000] {spark_submit.py:579} INFO - 24/08/29 11:56:18 INFO BlockManager: Using org.apache.spark.storage.RandomBlockReplicationPolicy for block replication policy
[2024-08-29T11:56:18.411+0000] {spark_submit.py:579} INFO - 24/08/29 11:56:18 INFO BlockManagerMaster: Registering BlockManager BlockManagerId(driver, dataeng-airflow-scheduler, 44055, None)
[2024-08-29T11:56:18.445+0000] {spark_submit.py:579} INFO - 24/08/29 11:56:18 INFO BlockManagerMasterEndpoint: Registering block manager dataeng-airflow-scheduler:44055 with 434.4 MiB RAM, BlockManagerId(driver, dataeng-airflow-scheduler, 44055, None)
[2024-08-29T11:56:18.455+0000] {spark_submit.py:579} INFO - 24/08/29 11:56:18 INFO BlockManagerMaster: Registered BlockManager BlockManagerId(driver, dataeng-airflow-scheduler, 44055, None)
[2024-08-29T11:56:18.480+0000] {spark_submit.py:579} INFO - 24/08/29 11:56:18 INFO BlockManager: Initialized BlockManager: BlockManagerId(driver, dataeng-airflow-scheduler, 44055, None)
[2024-08-29T11:56:19.495+0000] {spark_submit.py:579} INFO - 24/08/29 11:56:19 INFO StandaloneAppClient$ClientEndpoint: Executor added: app-20240829115617-0000/0 on worker-20240829065423-172.18.0.3-46701 (172.18.0.3:46701) with 1 core(s)
[2024-08-29T11:56:19.515+0000] {spark_submit.py:579} INFO - 24/08/29 11:56:19 INFO StandaloneSchedulerBackend: Granted executor ID app-20240829115617-0000/0 on hostPort 172.18.0.3:46701 with 1 core(s), 1024.0 MiB RAM
[2024-08-29T11:56:22.144+0000] {spark_submit.py:579} INFO - 24/08/29 11:56:22 INFO StandaloneSchedulerBackend: SchedulerBackend is ready for scheduling beginning after reached minRegisteredResourcesRatio: 0.0
[2024-08-29T11:57:35.523+0000] {spark_submit.py:579} INFO - +----------+-----------+--------+--------+-----+-----------+--------------------+---------+-----+
[2024-08-29T11:57:35.616+0000] {spark_submit.py:579} INFO - |product_id|customer_id|order_id|quantity|price|       name|               email|     name|price|
[2024-08-29T11:57:35.619+0000] {spark_submit.py:579} INFO - +----------+-----------+--------+--------+-----+-----------+--------------------+---------+-----+
[2024-08-29T11:57:35.620+0000] {spark_submit.py:579} INFO - |         1|          1|     101|       2|19.99|   John Doe| johndoe@example.com|Product A|19.99|
[2024-08-29T11:57:35.621+0000] {spark_submit.py:579} INFO - |         2|          2|     102|       1| 9.99| Jane Smith|janesmith@example...|Product B| 9.99|
[2024-08-29T11:57:35.624+0000] {spark_submit.py:579} INFO - |         3|          3|     103|       1|15.99|Bob Johnson|bobjohnson@exampl...|Product C|15.99|
[2024-08-29T11:57:35.626+0000] {spark_submit.py:579} INFO - |         4|          1|     104|       1| 5.99|   John Doe| johndoe@example.com|Product D| 5.99|
[2024-08-29T11:57:35.626+0000] {spark_submit.py:579} INFO - |         5|          2|     105|       3|12.99| Jane Smith|janesmith@example...|Product E|12.99|
[2024-08-29T11:57:35.627+0000] {spark_submit.py:579} INFO - |         6|          3|     106|       2| 9.99|Bob Johnson|bobjohnson@exampl...|Product F| 9.99|
[2024-08-29T11:57:35.630+0000] {spark_submit.py:579} INFO - |         7|          4|     107|       1|11.99|    Sue Lee|  suelee@example.com|Product G|11.99|
[2024-08-29T11:57:35.631+0000] {spark_submit.py:579} INFO - |         8|          1|     108|       2|14.99|   John Doe| johndoe@example.com|Product H|14.99|
[2024-08-29T11:57:35.632+0000] {spark_submit.py:579} INFO - |         9|          2|     109|       1| 9.99| Jane Smith|janesmith@example...|Product I| 9.99|
[2024-08-29T11:57:35.633+0000] {spark_submit.py:579} INFO - |        10|          3|     110|       1|19.99|Bob Johnson|bobjohnson@exampl...|Product J|19.99|
[2024-08-29T11:57:35.642+0000] {spark_submit.py:579} INFO - +----------+-----------+--------+--------+-----+-----------+--------------------+---------+-----+
[2024-08-29T11:57:35.643+0000] {spark_submit.py:579} INFO - 
[2024-08-29T11:57:37.596+0000] {taskinstance.py:1149} INFO - Marking task as SUCCESS. dag_id=spark_airflow_dag, task_id=spark_submit_task, execution_date=20240829T115519, start_date=20240829T115527, end_date=20240829T115737
[2024-08-29T11:57:37.926+0000] {local_task_job_runner.py:234} INFO - Task exited with return code 0
[2024-08-29T11:57:38.450+0000] {taskinstance.py:3309} INFO - 0 downstream tasks scheduled from follow-on schedule check
