[2024-09-01T06:19:29.937+0000] {taskinstance.py:1979} INFO - Dependencies all met for dep_context=non-requeueable deps ti=<TaskInstance: spark_retail_analysis_dag.spark_retail_analysis_task manual__2024-09-01T06:18:12.844372+00:00 [queued]>
[2024-09-01T06:19:31.201+0000] {taskinstance.py:1979} INFO - Dependencies all met for dep_context=requeueable deps ti=<TaskInstance: spark_retail_analysis_dag.spark_retail_analysis_task manual__2024-09-01T06:18:12.844372+00:00 [queued]>
[2024-09-01T06:19:31.205+0000] {taskinstance.py:2193} INFO - Starting attempt 1 of 1
[2024-09-01T06:19:32.128+0000] {taskinstance.py:2214} INFO - Executing <Task(SparkSubmitOperator): spark_retail_analysis_task> on 2024-09-01 06:18:12.844372+00:00
[2024-09-01T06:19:32.608+0000] {standard_task_runner.py:60} INFO - Started process 5854 to run task
[2024-09-01T06:19:33.268+0000] {standard_task_runner.py:87} INFO - Running: ['airflow', 'tasks', 'run', 'spark_retail_analysis_dag', 'spark_retail_analysis_task', 'manual__2024-09-01T06:18:12.844372+00:00', '--job-id', '69', '--raw', '--subdir', 'DAGS_FOLDER/spark_retail_analysis_dag.py', '--cfg-path', '/tmp/tmpgyliwxqb']
[2024-09-01T06:19:35.059+0000] {standard_task_runner.py:88} INFO - Job 69: Subtask spark_retail_analysis_task
[2024-09-01T06:19:41.283+0000] {logging_mixin.py:188} WARNING - /home/airflow/.local/lib/python3.9/site-packages/airflow/settings.py:194 DeprecationWarning: The sql_alchemy_conn option in [core] has been moved to the sql_alchemy_conn option in [database] - the old setting has been used, but please update your config.
[2024-09-01T06:19:42.620+0000] {task_command.py:423} INFO - Running <TaskInstance: spark_retail_analysis_dag.spark_retail_analysis_task manual__2024-09-01T06:18:12.844372+00:00 [running]> on host dataeng-airflow-scheduler
[2024-09-01T06:19:48.852+0000] {taskinstance.py:2510} INFO - Exporting env vars: AIRFLOW_CTX_DAG_OWNER='dibimbing' AIRFLOW_CTX_DAG_ID='spark_retail_analysis_dag' AIRFLOW_CTX_TASK_ID='spark_retail_analysis_task' AIRFLOW_CTX_EXECUTION_DATE='2024-09-01T06:18:12.844372+00:00' AIRFLOW_CTX_TRY_NUMBER='1' AIRFLOW_CTX_DAG_RUN_ID='manual__2024-09-01T06:18:12.844372+00:00'
[2024-09-01T06:19:49.801+0000] {base.py:83} INFO - Using connection ID 'spark_main' for task execution.
[2024-09-01T06:19:49.854+0000] {spark_submit.py:403} INFO - Spark-Submit cmd: spark-submit --master spark://dataeng-spark-master:7077 --packages org.postgresql:postgresql:42.2.18 --name arrow-spark /spark-scripts/spark-retail-analysis.py
[2024-09-01T06:21:28.925+0000] {spark_submit.py:579} INFO - :: loading settings :: url = jar:file:/home/airflow/.local/lib/python3.9/site-packages/pyspark/jars/ivy-2.5.1.jar!/org/apache/ivy/core/settings/ivysettings.xml
[2024-09-01T06:21:30.323+0000] {spark_submit.py:579} INFO - Ivy Default Cache set to: /home/airflow/.ivy2/cache
[2024-09-01T06:21:30.374+0000] {spark_submit.py:579} INFO - The jars for the packages stored in: /home/airflow/.ivy2/jars
[2024-09-01T06:21:30.407+0000] {spark_submit.py:579} INFO - org.postgresql#postgresql added as a dependency
[2024-09-01T06:21:30.455+0000] {spark_submit.py:579} INFO - :: resolving dependencies :: org.apache.spark#spark-submit-parent-7c0d5495-67e9-49b6-a61c-1f2f843185b6;1.0
[2024-09-01T06:21:30.460+0000] {spark_submit.py:579} INFO - confs: [default]
[2024-09-01T06:21:35.847+0000] {spark_submit.py:579} INFO - found org.postgresql#postgresql;42.2.18 in central
[2024-09-01T06:21:36.492+0000] {spark_submit.py:579} INFO - found org.checkerframework#checker-qual;3.5.0 in central
[2024-09-01T06:21:36.811+0000] {spark_submit.py:579} INFO - :: resolution report :: resolve 6267ms :: artifacts dl 89ms
[2024-09-01T06:21:36.827+0000] {spark_submit.py:579} INFO - :: modules in use:
[2024-09-01T06:21:36.876+0000] {spark_submit.py:579} INFO - org.checkerframework#checker-qual;3.5.0 from central in [default]
[2024-09-01T06:21:36.894+0000] {spark_submit.py:579} INFO - org.postgresql#postgresql;42.2.18 from central in [default]
[2024-09-01T06:21:36.933+0000] {spark_submit.py:579} INFO - ---------------------------------------------------------------------
[2024-09-01T06:21:36.972+0000] {spark_submit.py:579} INFO - |                  |            modules            ||   artifacts   |
[2024-09-01T06:21:36.992+0000] {spark_submit.py:579} INFO - |       conf       | number| search|dwnlded|evicted|| number|dwnlded|
[2024-09-01T06:21:37.012+0000] {spark_submit.py:579} INFO - ---------------------------------------------------------------------
[2024-09-01T06:21:37.040+0000] {spark_submit.py:579} INFO - |      default     |   2   |   0   |   0   |   0   ||   2   |   0   |
[2024-09-01T06:21:37.062+0000] {spark_submit.py:579} INFO - ---------------------------------------------------------------------
[2024-09-01T06:21:37.078+0000] {spark_submit.py:579} INFO - :: retrieving :: org.apache.spark#spark-submit-parent-7c0d5495-67e9-49b6-a61c-1f2f843185b6
[2024-09-01T06:21:37.166+0000] {spark_submit.py:579} INFO - confs: [default]
[2024-09-01T06:21:37.239+0000] {spark_submit.py:579} INFO - 0 artifacts copied, 2 already retrieved (0kB/127ms)
[2024-09-01T06:21:50.311+0000] {spark_submit.py:579} INFO - 24/09/01 06:21:50 WARN NativeCodeLoader: Unable to load native-hadoop library for your platform... using builtin-java classes where applicable
[2024-09-01T06:22:11.555+0000] {spark_submit.py:579} INFO - 24/09/01 06:22:11 INFO SparkContext: Running Spark version 3.3.2
[2024-09-01T06:22:12.046+0000] {spark_submit.py:579} INFO - 24/09/01 06:22:12 INFO ResourceUtils: ==============================================================
[2024-09-01T06:22:12.111+0000] {spark_submit.py:579} INFO - 24/09/01 06:22:12 INFO ResourceUtils: No custom resources configured for spark.driver.
[2024-09-01T06:22:12.157+0000] {spark_submit.py:579} INFO - 24/09/01 06:22:12 INFO ResourceUtils: ==============================================================
[2024-09-01T06:22:12.195+0000] {spark_submit.py:579} INFO - 24/09/01 06:22:12 INFO SparkContext: Submitted application: Dibimbing
[2024-09-01T06:22:13.171+0000] {spark_submit.py:579} INFO - 24/09/01 06:22:13 INFO ResourceProfile: Default ResourceProfile created, executor resources: Map(cores -> name: cores, amount: 1, script: , vendor: , memory -> name: memory, amount: 1024, script: , vendor: , offHeap -> name: offHeap, amount: 0, script: , vendor: ), task resources: Map(cpus -> name: cpus, amount: 1.0)
[2024-09-01T06:22:13.438+0000] {spark_submit.py:579} INFO - 24/09/01 06:22:13 INFO ResourceProfile: Limiting resource is cpu
[2024-09-01T06:22:13.500+0000] {spark_submit.py:579} INFO - 24/09/01 06:22:13 INFO ResourceProfileManager: Added ResourceProfile id: 0
[2024-09-01T06:22:15.636+0000] {spark_submit.py:579} INFO - 24/09/01 06:22:15 INFO SecurityManager: Changing view acls to: airflow
[2024-09-01T06:22:15.680+0000] {spark_submit.py:579} INFO - 24/09/01 06:22:15 INFO SecurityManager: Changing modify acls to: airflow
[2024-09-01T06:22:15.695+0000] {spark_submit.py:579} INFO - 24/09/01 06:22:15 INFO SecurityManager: Changing view acls groups to:
[2024-09-01T06:22:15.698+0000] {spark_submit.py:579} INFO - 24/09/01 06:22:15 INFO SecurityManager: Changing modify acls groups to:
[2024-09-01T06:22:15.711+0000] {spark_submit.py:579} INFO - 24/09/01 06:22:15 INFO SecurityManager: SecurityManager: authentication disabled; ui acls disabled; users  with view permissions: Set(airflow); groups with view permissions: Set(); users  with modify permissions: Set(airflow); groups with modify permissions: Set()
[2024-09-01T06:22:22.362+0000] {spark_submit.py:579} INFO - 24/09/01 06:22:22 INFO Utils: Successfully started service 'sparkDriver' on port 41051.
[2024-09-01T06:22:22.928+0000] {spark_submit.py:579} INFO - 24/09/01 06:22:22 INFO SparkEnv: Registering MapOutputTracker
[2024-09-01T06:22:23.750+0000] {spark_submit.py:579} INFO - 24/09/01 06:22:23 INFO SparkEnv: Registering BlockManagerMaster
[2024-09-01T06:22:24.083+0000] {spark_submit.py:579} INFO - 24/09/01 06:22:24 INFO BlockManagerMasterEndpoint: Using org.apache.spark.storage.DefaultTopologyMapper for getting topology information
[2024-09-01T06:22:24.141+0000] {spark_submit.py:579} INFO - 24/09/01 06:22:24 INFO BlockManagerMasterEndpoint: BlockManagerMasterEndpoint up
[2024-09-01T06:22:24.238+0000] {spark_submit.py:579} INFO - 24/09/01 06:22:24 INFO SparkEnv: Registering BlockManagerMasterHeartbeat
[2024-09-01T06:22:24.463+0000] {spark_submit.py:579} INFO - 24/09/01 06:22:24 INFO DiskBlockManager: Created local directory at /tmp/blockmgr-7b2898fc-6eff-4460-80fa-56b84d96fa1e
[2024-09-01T06:22:24.689+0000] {spark_submit.py:579} INFO - 24/09/01 06:22:24 INFO MemoryStore: MemoryStore started with capacity 434.4 MiB
[2024-09-01T06:22:24.895+0000] {spark_submit.py:579} INFO - 24/09/01 06:22:24 INFO SparkEnv: Registering OutputCommitCoordinator
[2024-09-01T06:22:31.147+0000] {spark_submit.py:579} INFO - 24/09/01 06:22:31 INFO Utils: Successfully started service 'SparkUI' on port 4040.
[2024-09-01T06:22:32.135+0000] {spark_submit.py:579} INFO - 24/09/01 06:22:32 INFO SparkContext: Added JAR file:///home/airflow/.ivy2/jars/org.postgresql_postgresql-42.2.18.jar at spark://dataeng-airflow-scheduler:41051/jars/org.postgresql_postgresql-42.2.18.jar with timestamp 1725171731068
[2024-09-01T06:22:32.199+0000] {spark_submit.py:579} INFO - 24/09/01 06:22:32 INFO SparkContext: Added JAR file:///home/airflow/.ivy2/jars/org.checkerframework_checker-qual-3.5.0.jar at spark://dataeng-airflow-scheduler:41051/jars/org.checkerframework_checker-qual-3.5.0.jar with timestamp 1725171731068
[2024-09-01T06:22:32.239+0000] {spark_submit.py:579} INFO - 24/09/01 06:22:32 INFO SparkContext: Added file file:///home/airflow/.ivy2/jars/org.postgresql_postgresql-42.2.18.jar at file:///home/airflow/.ivy2/jars/org.postgresql_postgresql-42.2.18.jar with timestamp 1725171731068
[2024-09-01T06:22:32.298+0000] {spark_submit.py:579} INFO - 24/09/01 06:22:32 INFO Utils: Copying /home/airflow/.ivy2/jars/org.postgresql_postgresql-42.2.18.jar to /tmp/spark-1bebec66-2093-42ef-8e57-9bc7e313deff/userFiles-9e2f0a85-1881-424a-9c3a-4cf808eefd38/org.postgresql_postgresql-42.2.18.jar
[2024-09-01T06:22:33.012+0000] {spark_submit.py:579} INFO - 24/09/01 06:22:33 INFO SparkContext: Added file file:///home/airflow/.ivy2/jars/org.checkerframework_checker-qual-3.5.0.jar at file:///home/airflow/.ivy2/jars/org.checkerframework_checker-qual-3.5.0.jar with timestamp 1725171731068
[2024-09-01T06:22:33.053+0000] {spark_submit.py:579} INFO - 24/09/01 06:22:33 INFO Utils: Copying /home/airflow/.ivy2/jars/org.checkerframework_checker-qual-3.5.0.jar to /tmp/spark-1bebec66-2093-42ef-8e57-9bc7e313deff/userFiles-9e2f0a85-1881-424a-9c3a-4cf808eefd38/org.checkerframework_checker-qual-3.5.0.jar
[2024-09-01T06:22:34.161+0000] {spark_submit.py:579} INFO - 24/09/01 06:22:34 INFO Executor: Starting executor ID driver on host dataeng-airflow-scheduler
[2024-09-01T06:22:34.280+0000] {spark_submit.py:579} INFO - 24/09/01 06:22:34 INFO Executor: Starting executor with user classpath (userClassPathFirst = false): ''
[2024-09-01T06:22:34.518+0000] {spark_submit.py:579} INFO - 24/09/01 06:22:34 INFO Executor: Fetching file:///home/airflow/.ivy2/jars/org.postgresql_postgresql-42.2.18.jar with timestamp 1725171731068
[2024-09-01T06:22:34.816+0000] {spark_submit.py:579} INFO - 24/09/01 06:22:34 INFO Utils: /home/airflow/.ivy2/jars/org.postgresql_postgresql-42.2.18.jar has been previously copied to /tmp/spark-1bebec66-2093-42ef-8e57-9bc7e313deff/userFiles-9e2f0a85-1881-424a-9c3a-4cf808eefd38/org.postgresql_postgresql-42.2.18.jar
[2024-09-01T06:22:35.183+0000] {spark_submit.py:579} INFO - 24/09/01 06:22:35 INFO Executor: Fetching file:///home/airflow/.ivy2/jars/org.checkerframework_checker-qual-3.5.0.jar with timestamp 1725171731068
[2024-09-01T06:22:35.231+0000] {spark_submit.py:579} INFO - 24/09/01 06:22:35 INFO Utils: /home/airflow/.ivy2/jars/org.checkerframework_checker-qual-3.5.0.jar has been previously copied to /tmp/spark-1bebec66-2093-42ef-8e57-9bc7e313deff/userFiles-9e2f0a85-1881-424a-9c3a-4cf808eefd38/org.checkerframework_checker-qual-3.5.0.jar
[2024-09-01T06:22:35.335+0000] {spark_submit.py:579} INFO - 24/09/01 06:22:35 INFO Executor: Fetching spark://dataeng-airflow-scheduler:41051/jars/org.postgresql_postgresql-42.2.18.jar with timestamp 1725171731068
[2024-09-01T06:22:36.302+0000] {spark_submit.py:579} INFO - 24/09/01 06:22:36 INFO TransportClientFactory: Successfully created connection to dataeng-airflow-scheduler/172.18.0.4:41051 after 595 ms (0 ms spent in bootstraps)
[2024-09-01T06:22:36.484+0000] {spark_submit.py:579} INFO - 24/09/01 06:22:36 INFO Utils: Fetching spark://dataeng-airflow-scheduler:41051/jars/org.postgresql_postgresql-42.2.18.jar to /tmp/spark-1bebec66-2093-42ef-8e57-9bc7e313deff/userFiles-9e2f0a85-1881-424a-9c3a-4cf808eefd38/fetchFileTemp6852952768277627249.tmp
[2024-09-01T06:22:37.990+0000] {spark_submit.py:579} INFO - 24/09/01 06:22:37 INFO Utils: /tmp/spark-1bebec66-2093-42ef-8e57-9bc7e313deff/userFiles-9e2f0a85-1881-424a-9c3a-4cf808eefd38/fetchFileTemp6852952768277627249.tmp has been previously copied to /tmp/spark-1bebec66-2093-42ef-8e57-9bc7e313deff/userFiles-9e2f0a85-1881-424a-9c3a-4cf808eefd38/org.postgresql_postgresql-42.2.18.jar
[2024-09-01T06:22:38.234+0000] {spark_submit.py:579} INFO - 24/09/01 06:22:38 INFO Executor: Adding file:/tmp/spark-1bebec66-2093-42ef-8e57-9bc7e313deff/userFiles-9e2f0a85-1881-424a-9c3a-4cf808eefd38/org.postgresql_postgresql-42.2.18.jar to class loader
[2024-09-01T06:22:38.295+0000] {spark_submit.py:579} INFO - 24/09/01 06:22:38 INFO Executor: Fetching spark://dataeng-airflow-scheduler:41051/jars/org.checkerframework_checker-qual-3.5.0.jar with timestamp 1725171731068
[2024-09-01T06:22:38.376+0000] {spark_submit.py:579} INFO - 24/09/01 06:22:38 INFO Utils: Fetching spark://dataeng-airflow-scheduler:41051/jars/org.checkerframework_checker-qual-3.5.0.jar to /tmp/spark-1bebec66-2093-42ef-8e57-9bc7e313deff/userFiles-9e2f0a85-1881-424a-9c3a-4cf808eefd38/fetchFileTemp17111148015948615486.tmp
[2024-09-01T06:22:38.395+0000] {spark_submit.py:579} INFO - 24/09/01 06:22:38 INFO Utils: /tmp/spark-1bebec66-2093-42ef-8e57-9bc7e313deff/userFiles-9e2f0a85-1881-424a-9c3a-4cf808eefd38/fetchFileTemp17111148015948615486.tmp has been previously copied to /tmp/spark-1bebec66-2093-42ef-8e57-9bc7e313deff/userFiles-9e2f0a85-1881-424a-9c3a-4cf808eefd38/org.checkerframework_checker-qual-3.5.0.jar
[2024-09-01T06:22:38.412+0000] {spark_submit.py:579} INFO - 24/09/01 06:22:38 INFO Executor: Adding file:/tmp/spark-1bebec66-2093-42ef-8e57-9bc7e313deff/userFiles-9e2f0a85-1881-424a-9c3a-4cf808eefd38/org.checkerframework_checker-qual-3.5.0.jar to class loader
[2024-09-01T06:22:38.492+0000] {spark_submit.py:579} INFO - 24/09/01 06:22:38 INFO Utils: Successfully started service 'org.apache.spark.network.netty.NettyBlockTransferService' on port 44947.
[2024-09-01T06:22:38.527+0000] {spark_submit.py:579} INFO - 24/09/01 06:22:38 INFO NettyBlockTransferService: Server created on dataeng-airflow-scheduler:44947
[2024-09-01T06:22:38.576+0000] {spark_submit.py:579} INFO - 24/09/01 06:22:38 INFO BlockManager: Using org.apache.spark.storage.RandomBlockReplicationPolicy for block replication policy
[2024-09-01T06:22:38.592+0000] {spark_submit.py:579} INFO - 24/09/01 06:22:38 INFO BlockManagerMaster: Registering BlockManager BlockManagerId(driver, dataeng-airflow-scheduler, 44947, None)
[2024-09-01T06:22:38.647+0000] {spark_submit.py:579} INFO - 24/09/01 06:22:38 INFO BlockManagerMasterEndpoint: Registering block manager dataeng-airflow-scheduler:44947 with 434.4 MiB RAM, BlockManagerId(driver, dataeng-airflow-scheduler, 44947, None)
[2024-09-01T06:22:38.869+0000] {spark_submit.py:579} INFO - 24/09/01 06:22:38 INFO BlockManagerMaster: Registered BlockManager BlockManagerId(driver, dataeng-airflow-scheduler, 44947, None)
[2024-09-01T06:22:38.923+0000] {spark_submit.py:579} INFO - 24/09/01 06:22:38 INFO BlockManager: Initialized BlockManager: BlockManagerId(driver, dataeng-airflow-scheduler, 44947, None)
[2024-09-01T06:22:48.328+0000] {spark_submit.py:579} INFO - SparkSession created successfully.
[2024-09-01T06:23:07.278+0000] {spark_submit.py:579} INFO - Error processing data: An error occurred while calling o30.jdbc.
[2024-09-01T06:23:07.279+0000] {spark_submit.py:579} INFO - : org.postgresql.util.PSQLException: ERROR: relation "public.retail" does not exist
[2024-09-01T06:23:07.280+0000] {spark_submit.py:579} INFO - Position: 15
[2024-09-01T06:23:07.431+0000] {spark_submit.py:579} INFO - at org.postgresql.core.v3.QueryExecutorImpl.receiveErrorResponse(QueryExecutorImpl.java:2553)
[2024-09-01T06:23:07.446+0000] {spark_submit.py:579} INFO - at org.postgresql.core.v3.QueryExecutorImpl.processResults(QueryExecutorImpl.java:2285)
[2024-09-01T06:23:07.447+0000] {spark_submit.py:579} INFO - at org.postgresql.core.v3.QueryExecutorImpl.execute(QueryExecutorImpl.java:323)
[2024-09-01T06:23:07.448+0000] {spark_submit.py:579} INFO - at org.postgresql.jdbc.PgStatement.executeInternal(PgStatement.java:473)
[2024-09-01T06:23:07.515+0000] {spark_submit.py:579} INFO - at org.postgresql.jdbc.PgStatement.execute(PgStatement.java:393)
[2024-09-01T06:23:07.564+0000] {spark_submit.py:579} INFO - at org.postgresql.jdbc.PgPreparedStatement.executeWithFlags(PgPreparedStatement.java:164)
[2024-09-01T06:23:07.586+0000] {spark_submit.py:579} INFO - at org.postgresql.jdbc.PgPreparedStatement.executeQuery(PgPreparedStatement.java:114)
[2024-09-01T06:23:07.688+0000] {spark_submit.py:579} INFO - at org.apache.spark.sql.execution.datasources.jdbc.JDBCRDD$.getQueryOutputSchema(JDBCRDD.scala:68)
[2024-09-01T06:23:07.696+0000] {spark_submit.py:579} INFO - at org.apache.spark.sql.execution.datasources.jdbc.JDBCRDD$.resolveTable(JDBCRDD.scala:58)
[2024-09-01T06:23:07.761+0000] {spark_submit.py:579} INFO - at org.apache.spark.sql.execution.datasources.jdbc.JDBCRelation$.getSchema(JDBCRelation.scala:242)
[2024-09-01T06:23:07.908+0000] {spark_submit.py:579} INFO - at org.apache.spark.sql.execution.datasources.jdbc.JdbcRelationProvider.createRelation(JdbcRelationProvider.scala:37)
[2024-09-01T06:23:08.050+0000] {spark_submit.py:579} INFO - at org.apache.spark.sql.execution.datasources.DataSource.resolveRelation(DataSource.scala:350)
[2024-09-01T06:23:08.080+0000] {spark_submit.py:579} INFO - at org.apache.spark.sql.DataFrameReader.loadV1Source(DataFrameReader.scala:228)
[2024-09-01T06:23:08.129+0000] {spark_submit.py:579} INFO - at org.apache.spark.sql.DataFrameReader.$anonfun$load$2(DataFrameReader.scala:210)
[2024-09-01T06:23:08.224+0000] {spark_submit.py:579} INFO - at scala.Option.getOrElse(Option.scala:189)
[2024-09-01T06:23:08.264+0000] {spark_submit.py:579} INFO - at org.apache.spark.sql.DataFrameReader.load(DataFrameReader.scala:210)
[2024-09-01T06:23:08.280+0000] {spark_submit.py:579} INFO - at org.apache.spark.sql.DataFrameReader.load(DataFrameReader.scala:171)
[2024-09-01T06:23:08.359+0000] {spark_submit.py:579} INFO - at org.apache.spark.sql.DataFrameReader.jdbc(DataFrameReader.scala:248)
[2024-09-01T06:23:08.362+0000] {spark_submit.py:579} INFO - at java.base/jdk.internal.reflect.NativeMethodAccessorImpl.invoke0(Native Method)
[2024-09-01T06:23:08.427+0000] {spark_submit.py:579} INFO - at java.base/jdk.internal.reflect.NativeMethodAccessorImpl.invoke(NativeMethodAccessorImpl.java:77)
[2024-09-01T06:23:08.428+0000] {spark_submit.py:579} INFO - at java.base/jdk.internal.reflect.DelegatingMethodAccessorImpl.invoke(DelegatingMethodAccessorImpl.java:43)
[2024-09-01T06:23:08.429+0000] {spark_submit.py:579} INFO - at java.base/java.lang.reflect.Method.invoke(Method.java:569)
[2024-09-01T06:23:08.430+0000] {spark_submit.py:579} INFO - at py4j.reflection.MethodInvoker.invoke(MethodInvoker.java:244)
[2024-09-01T06:23:08.435+0000] {spark_submit.py:579} INFO - at py4j.reflection.ReflectionEngine.invoke(ReflectionEngine.java:357)
[2024-09-01T06:23:08.437+0000] {spark_submit.py:579} INFO - at py4j.Gateway.invoke(Gateway.java:282)
[2024-09-01T06:23:08.438+0000] {spark_submit.py:579} INFO - at py4j.commands.AbstractCommand.invokeMethod(AbstractCommand.java:132)
[2024-09-01T06:23:08.439+0000] {spark_submit.py:579} INFO - at py4j.commands.CallCommand.execute(CallCommand.java:79)
[2024-09-01T06:23:08.678+0000] {spark_submit.py:579} INFO - at py4j.ClientServerConnection.waitForCommands(ClientServerConnection.java:182)
[2024-09-01T06:23:08.704+0000] {spark_submit.py:579} INFO - at py4j.ClientServerConnection.run(ClientServerConnection.java:106)
[2024-09-01T06:23:08.712+0000] {spark_submit.py:579} INFO - at java.base/java.lang.Thread.run(Thread.java:840)
[2024-09-01T06:23:08.728+0000] {spark_submit.py:579} INFO - 
[2024-09-01T06:23:09.656+0000] {spark_submit.py:579} INFO - Spark session stopped successfully.
[2024-09-01T06:23:09.795+0000] {spark_submit.py:579} INFO - Traceback (most recent call last):
[2024-09-01T06:23:09.967+0000] {spark_submit.py:579} INFO - File "/spark-scripts/spark-retail-analysis.py", line 48, in <module>
[2024-09-01T06:23:10.644+0000] {spark_submit.py:579} INFO - retail_df = spark.read.jdbc(
[2024-09-01T06:23:10.653+0000] {spark_submit.py:579} INFO - File "/home/airflow/.local/lib/python3.9/site-packages/pyspark/python/lib/pyspark.zip/pyspark/sql/readwriter.py", line 716, in jdbc
[2024-09-01T06:23:11.411+0000] {spark_submit.py:579} INFO - File "/home/airflow/.local/lib/python3.9/site-packages/pyspark/python/lib/py4j-0.10.9.5-src.zip/py4j/java_gateway.py", line 1321, in __call__
[2024-09-01T06:23:11.815+0000] {spark_submit.py:579} INFO - File "/home/airflow/.local/lib/python3.9/site-packages/pyspark/python/lib/pyspark.zip/pyspark/sql/utils.py", line 190, in deco
[2024-09-01T06:23:12.146+0000] {spark_submit.py:579} INFO - File "/home/airflow/.local/lib/python3.9/site-packages/pyspark/python/lib/py4j-0.10.9.5-src.zip/py4j/protocol.py", line 326, in get_return_value
[2024-09-01T06:23:12.149+0000] {spark_submit.py:579} INFO - py4j.protocol.Py4JJavaError: An error occurred while calling o30.jdbc.
[2024-09-01T06:23:12.159+0000] {spark_submit.py:579} INFO - : org.postgresql.util.PSQLException: ERROR: relation "public.retail" does not exist
[2024-09-01T06:23:12.160+0000] {spark_submit.py:579} INFO - Position: 15
[2024-09-01T06:23:12.162+0000] {spark_submit.py:579} INFO - at org.postgresql.core.v3.QueryExecutorImpl.receiveErrorResponse(QueryExecutorImpl.java:2553)
[2024-09-01T06:23:12.163+0000] {spark_submit.py:579} INFO - at org.postgresql.core.v3.QueryExecutorImpl.processResults(QueryExecutorImpl.java:2285)
[2024-09-01T06:23:12.164+0000] {spark_submit.py:579} INFO - at org.postgresql.core.v3.QueryExecutorImpl.execute(QueryExecutorImpl.java:323)
[2024-09-01T06:23:12.165+0000] {spark_submit.py:579} INFO - at org.postgresql.jdbc.PgStatement.executeInternal(PgStatement.java:473)
[2024-09-01T06:23:12.166+0000] {spark_submit.py:579} INFO - at org.postgresql.jdbc.PgStatement.execute(PgStatement.java:393)
[2024-09-01T06:23:12.167+0000] {spark_submit.py:579} INFO - at org.postgresql.jdbc.PgPreparedStatement.executeWithFlags(PgPreparedStatement.java:164)
[2024-09-01T06:23:12.175+0000] {spark_submit.py:579} INFO - at org.postgresql.jdbc.PgPreparedStatement.executeQuery(PgPreparedStatement.java:114)
[2024-09-01T06:23:12.176+0000] {spark_submit.py:579} INFO - at org.apache.spark.sql.execution.datasources.jdbc.JDBCRDD$.getQueryOutputSchema(JDBCRDD.scala:68)
[2024-09-01T06:23:12.177+0000] {spark_submit.py:579} INFO - at org.apache.spark.sql.execution.datasources.jdbc.JDBCRDD$.resolveTable(JDBCRDD.scala:58)
[2024-09-01T06:23:12.178+0000] {spark_submit.py:579} INFO - at org.apache.spark.sql.execution.datasources.jdbc.JDBCRelation$.getSchema(JDBCRelation.scala:242)
[2024-09-01T06:23:12.251+0000] {spark_submit.py:579} INFO - at org.apache.spark.sql.execution.datasources.jdbc.JdbcRelationProvider.createRelation(JdbcRelationProvider.scala:37)
[2024-09-01T06:23:12.350+0000] {spark_submit.py:579} INFO - at org.apache.spark.sql.execution.datasources.DataSource.resolveRelation(DataSource.scala:350)
[2024-09-01T06:23:12.351+0000] {spark_submit.py:579} INFO - at org.apache.spark.sql.DataFrameReader.loadV1Source(DataFrameReader.scala:228)
[2024-09-01T06:23:12.360+0000] {spark_submit.py:579} INFO - at org.apache.spark.sql.DataFrameReader.$anonfun$load$2(DataFrameReader.scala:210)
[2024-09-01T06:23:12.364+0000] {spark_submit.py:579} INFO - at scala.Option.getOrElse(Option.scala:189)
[2024-09-01T06:23:12.365+0000] {spark_submit.py:579} INFO - at org.apache.spark.sql.DataFrameReader.load(DataFrameReader.scala:210)
[2024-09-01T06:23:12.366+0000] {spark_submit.py:579} INFO - at org.apache.spark.sql.DataFrameReader.load(DataFrameReader.scala:171)
[2024-09-01T06:23:12.367+0000] {spark_submit.py:579} INFO - at org.apache.spark.sql.DataFrameReader.jdbc(DataFrameReader.scala:248)
[2024-09-01T06:23:12.374+0000] {spark_submit.py:579} INFO - at java.base/jdk.internal.reflect.NativeMethodAccessorImpl.invoke0(Native Method)
[2024-09-01T06:23:12.376+0000] {spark_submit.py:579} INFO - at java.base/jdk.internal.reflect.NativeMethodAccessorImpl.invoke(NativeMethodAccessorImpl.java:77)
[2024-09-01T06:23:12.378+0000] {spark_submit.py:579} INFO - at java.base/jdk.internal.reflect.DelegatingMethodAccessorImpl.invoke(DelegatingMethodAccessorImpl.java:43)
[2024-09-01T06:23:12.502+0000] {spark_submit.py:579} INFO - at java.base/java.lang.reflect.Method.invoke(Method.java:569)
[2024-09-01T06:23:12.650+0000] {spark_submit.py:579} INFO - at py4j.reflection.MethodInvoker.invoke(MethodInvoker.java:244)
[2024-09-01T06:23:12.745+0000] {spark_submit.py:579} INFO - at py4j.reflection.ReflectionEngine.invoke(ReflectionEngine.java:357)
[2024-09-01T06:23:12.747+0000] {spark_submit.py:579} INFO - at py4j.Gateway.invoke(Gateway.java:282)
[2024-09-01T06:23:12.749+0000] {spark_submit.py:579} INFO - at py4j.commands.AbstractCommand.invokeMethod(AbstractCommand.java:132)
[2024-09-01T06:23:12.750+0000] {spark_submit.py:579} INFO - at py4j.commands.CallCommand.execute(CallCommand.java:79)
[2024-09-01T06:23:12.751+0000] {spark_submit.py:579} INFO - at py4j.ClientServerConnection.waitForCommands(ClientServerConnection.java:182)
[2024-09-01T06:23:12.753+0000] {spark_submit.py:579} INFO - at py4j.ClientServerConnection.run(ClientServerConnection.java:106)
[2024-09-01T06:23:12.759+0000] {spark_submit.py:579} INFO - at java.base/java.lang.Thread.run(Thread.java:840)
[2024-09-01T06:23:12.760+0000] {spark_submit.py:579} INFO - 
[2024-09-01T06:23:30.329+0000] {taskinstance.py:2728} ERROR - Task failed with exception
Traceback (most recent call last):
  File "/home/airflow/.local/lib/python3.9/site-packages/airflow/models/taskinstance.py", line 444, in _execute_task
    result = _execute_callable(context=context, **execute_callable_kwargs)
  File "/home/airflow/.local/lib/python3.9/site-packages/airflow/models/taskinstance.py", line 414, in _execute_callable
    return execute_callable(context=context, **execute_callable_kwargs)
  File "/home/airflow/.local/lib/python3.9/site-packages/airflow/providers/apache/spark/operators/spark_submit.py", line 174, in execute
    self._hook.submit(self.application)
  File "/home/airflow/.local/lib/python3.9/site-packages/airflow/providers/apache/spark/hooks/spark_submit.py", line 505, in submit
    raise AirflowException(
airflow.exceptions.AirflowException: Cannot execute: spark-submit --master spark://dataeng-spark-master:7077 --packages org.postgresql:postgresql:42.2.18 --name arrow-spark /spark-scripts/spark-retail-analysis.py. Error code is: 1.
[2024-09-01T06:23:30.530+0000] {taskinstance.py:1149} INFO - Marking task as FAILED. dag_id=spark_retail_analysis_dag, task_id=spark_retail_analysis_task, execution_date=20240901T061812, start_date=20240901T061929, end_date=20240901T062330
[2024-09-01T06:23:33.523+0000] {standard_task_runner.py:107} ERROR - Failed to execute job 69 for task spark_retail_analysis_task (Cannot execute: spark-submit --master spark://dataeng-spark-master:7077 --packages org.postgresql:postgresql:42.2.18 --name arrow-spark /spark-scripts/spark-retail-analysis.py. Error code is: 1.; 5854)
[2024-09-01T06:23:48.634+0000] {local_task_job_runner.py:234} INFO - Task exited with return code 1
[2024-09-01T06:23:53.619+0000] {taskinstance.py:3309} INFO - 0 downstream tasks scheduled from follow-on schedule check
