[2024-09-01T06:44:57.700+0000] {taskinstance.py:1979} INFO - Dependencies all met for dep_context=non-requeueable deps ti=<TaskInstance: spark_retail_analysis_dag.spark_retail_analysis_task manual__2024-09-01T06:31:09.454136+00:00 [queued]>
[2024-09-01T06:44:58.010+0000] {taskinstance.py:1979} INFO - Dependencies all met for dep_context=requeueable deps ti=<TaskInstance: spark_retail_analysis_dag.spark_retail_analysis_task manual__2024-09-01T06:31:09.454136+00:00 [queued]>
[2024-09-01T06:44:58.014+0000] {taskinstance.py:2193} INFO - Starting attempt 2 of 2
[2024-09-01T06:44:58.980+0000] {taskinstance.py:2214} INFO - Executing <Task(SparkSubmitOperator): spark_retail_analysis_task> on 2024-09-01 06:31:09.454136+00:00
[2024-09-01T06:44:59.186+0000] {standard_task_runner.py:60} INFO - Started process 215 to run task
[2024-09-01T06:44:59.205+0000] {standard_task_runner.py:87} INFO - Running: ['airflow', 'tasks', 'run', 'spark_retail_analysis_dag', 'spark_retail_analysis_task', 'manual__2024-09-01T06:31:09.454136+00:00', '--job-id', '72', '--raw', '--subdir', 'DAGS_FOLDER/spark_retail_analysis_dag.py', '--cfg-path', '/tmp/tmpey84lqpf']
[2024-09-01T06:45:01.011+0000] {standard_task_runner.py:88} INFO - Job 72: Subtask spark_retail_analysis_task
[2024-09-01T06:45:07.459+0000] {logging_mixin.py:188} WARNING - /home/airflow/.local/lib/python3.9/site-packages/airflow/settings.py:194 DeprecationWarning: The sql_alchemy_conn option in [core] has been moved to the sql_alchemy_conn option in [database] - the old setting has been used, but please update your config.
[2024-09-01T06:45:15.429+0000] {task_command.py:423} INFO - Running <TaskInstance: spark_retail_analysis_dag.spark_retail_analysis_task manual__2024-09-01T06:31:09.454136+00:00 [running]> on host dataeng-airflow-scheduler
[2024-09-01T06:45:17.950+0000] {taskinstance.py:2510} INFO - Exporting env vars: AIRFLOW_CTX_DAG_OWNER='dibimbing' AIRFLOW_CTX_DAG_ID='spark_retail_analysis_dag' AIRFLOW_CTX_TASK_ID='spark_retail_analysis_task' AIRFLOW_CTX_EXECUTION_DATE='2024-09-01T06:31:09.454136+00:00' AIRFLOW_CTX_TRY_NUMBER='2' AIRFLOW_CTX_DAG_RUN_ID='manual__2024-09-01T06:31:09.454136+00:00'
[2024-09-01T06:45:18.481+0000] {base.py:83} INFO - Using connection ID 'spark_main' for task execution.
[2024-09-01T06:45:18.513+0000] {spark_submit.py:403} INFO - Spark-Submit cmd: spark-submit --master spark://dataeng-spark-master:7077 --packages org.postgresql:postgresql:42.2.18 --name arrow-spark /spark-scripts/spark-retail-analysis.py
[2024-09-01T06:46:39.439+0000] {spark_submit.py:579} INFO - :: loading settings :: url = jar:file:/home/airflow/.local/lib/python3.9/site-packages/pyspark/jars/ivy-2.5.1.jar!/org/apache/ivy/core/settings/ivysettings.xml
[2024-09-01T06:46:40.500+0000] {spark_submit.py:579} INFO - Ivy Default Cache set to: /home/airflow/.ivy2/cache
[2024-09-01T06:46:40.512+0000] {spark_submit.py:579} INFO - The jars for the packages stored in: /home/airflow/.ivy2/jars
[2024-09-01T06:46:40.553+0000] {spark_submit.py:579} INFO - org.postgresql#postgresql added as a dependency
[2024-09-01T06:46:40.575+0000] {spark_submit.py:579} INFO - :: resolving dependencies :: org.apache.spark#spark-submit-parent-f3af56ac-eb94-4527-9afb-967e4ce1a7be;1.0
[2024-09-01T06:46:40.585+0000] {spark_submit.py:579} INFO - confs: [default]
[2024-09-01T06:46:43.101+0000] {spark_submit.py:579} INFO - found org.postgresql#postgresql;42.2.18 in central
[2024-09-01T06:46:43.625+0000] {spark_submit.py:579} INFO - found org.checkerframework#checker-qual;3.5.0 in central
[2024-09-01T06:46:43.935+0000] {spark_submit.py:579} INFO - :: resolution report :: resolve 3258ms :: artifacts dl 97ms
[2024-09-01T06:46:43.951+0000] {spark_submit.py:579} INFO - :: modules in use:
[2024-09-01T06:46:43.998+0000] {spark_submit.py:579} INFO - org.checkerframework#checker-qual;3.5.0 from central in [default]
[2024-09-01T06:46:44.030+0000] {spark_submit.py:579} INFO - org.postgresql#postgresql;42.2.18 from central in [default]
[2024-09-01T06:46:44.046+0000] {spark_submit.py:579} INFO - ---------------------------------------------------------------------
[2024-09-01T06:46:44.063+0000] {spark_submit.py:579} INFO - |                  |            modules            ||   artifacts   |
[2024-09-01T06:46:44.078+0000] {spark_submit.py:579} INFO - |       conf       | number| search|dwnlded|evicted|| number|dwnlded|
[2024-09-01T06:46:44.093+0000] {spark_submit.py:579} INFO - ---------------------------------------------------------------------
[2024-09-01T06:46:44.130+0000] {spark_submit.py:579} INFO - |      default     |   2   |   0   |   0   |   0   ||   2   |   0   |
[2024-09-01T06:46:44.169+0000] {spark_submit.py:579} INFO - ---------------------------------------------------------------------
[2024-09-01T06:46:44.203+0000] {spark_submit.py:579} INFO - :: retrieving :: org.apache.spark#spark-submit-parent-f3af56ac-eb94-4527-9afb-967e4ce1a7be
[2024-09-01T06:46:44.249+0000] {spark_submit.py:579} INFO - confs: [default]
[2024-09-01T06:46:44.261+0000] {spark_submit.py:579} INFO - 0 artifacts copied, 2 already retrieved (0kB/52ms)
[2024-09-01T06:46:49.562+0000] {spark_submit.py:579} INFO - 24/09/01 06:46:49 WARN NativeCodeLoader: Unable to load native-hadoop library for your platform... using builtin-java classes where applicable
[2024-09-01T06:47:15.617+0000] {spark_submit.py:579} INFO - 24/09/01 06:47:15 INFO SparkContext: Running Spark version 3.3.2
[2024-09-01T06:47:18.145+0000] {spark_submit.py:579} INFO - 24/09/01 06:47:18 INFO ResourceUtils: ==============================================================
[2024-09-01T06:47:18.155+0000] {spark_submit.py:579} INFO - 24/09/01 06:47:18 INFO ResourceUtils: No custom resources configured for spark.driver.
[2024-09-01T06:47:18.246+0000] {spark_submit.py:579} INFO - 24/09/01 06:47:18 INFO ResourceUtils: ==============================================================
[2024-09-01T06:47:18.301+0000] {spark_submit.py:579} INFO - 24/09/01 06:47:18 INFO SparkContext: Submitted application: Dibimbing
[2024-09-01T06:47:19.864+0000] {spark_submit.py:579} INFO - 24/09/01 06:47:19 INFO ResourceProfile: Default ResourceProfile created, executor resources: Map(cores -> name: cores, amount: 1, script: , vendor: , memory -> name: memory, amount: 1024, script: , vendor: , offHeap -> name: offHeap, amount: 0, script: , vendor: ), task resources: Map(cpus -> name: cpus, amount: 1.0)
[2024-09-01T06:47:19.981+0000] {spark_submit.py:579} INFO - 24/09/01 06:47:19 INFO ResourceProfile: Limiting resource is cpu
[2024-09-01T06:47:20.521+0000] {spark_submit.py:579} INFO - 24/09/01 06:47:20 INFO ResourceProfileManager: Added ResourceProfile id: 0
[2024-09-01T06:47:23.411+0000] {spark_submit.py:579} INFO - 24/09/01 06:47:23 INFO SecurityManager: Changing view acls to: airflow
[2024-09-01T06:47:23.451+0000] {spark_submit.py:579} INFO - 24/09/01 06:47:23 INFO SecurityManager: Changing modify acls to: airflow
[2024-09-01T06:47:23.573+0000] {spark_submit.py:579} INFO - 24/09/01 06:47:23 INFO SecurityManager: Changing view acls groups to:
[2024-09-01T06:47:23.844+0000] {spark_submit.py:579} INFO - 24/09/01 06:47:23 INFO SecurityManager: Changing modify acls groups to:
[2024-09-01T06:47:23.941+0000] {spark_submit.py:579} INFO - 24/09/01 06:47:23 INFO SecurityManager: SecurityManager: authentication disabled; ui acls disabled; users  with view permissions: Set(airflow); groups with view permissions: Set(); users  with modify permissions: Set(airflow); groups with modify permissions: Set()
[2024-09-01T06:47:29.805+0000] {spark_submit.py:579} INFO - 24/09/01 06:47:29 INFO Utils: Successfully started service 'sparkDriver' on port 41729.
[2024-09-01T06:47:30.518+0000] {spark_submit.py:579} INFO - 24/09/01 06:47:30 INFO SparkEnv: Registering MapOutputTracker
[2024-09-01T06:47:31.067+0000] {spark_submit.py:579} INFO - 24/09/01 06:47:31 INFO SparkEnv: Registering BlockManagerMaster
[2024-09-01T06:47:31.668+0000] {spark_submit.py:579} INFO - 24/09/01 06:47:31 INFO BlockManagerMasterEndpoint: Using org.apache.spark.storage.DefaultTopologyMapper for getting topology information
[2024-09-01T06:47:31.753+0000] {spark_submit.py:579} INFO - 24/09/01 06:47:31 INFO BlockManagerMasterEndpoint: BlockManagerMasterEndpoint up
[2024-09-01T06:47:31.921+0000] {spark_submit.py:579} INFO - 24/09/01 06:47:31 INFO SparkEnv: Registering BlockManagerMasterHeartbeat
[2024-09-01T06:47:32.955+0000] {spark_submit.py:579} INFO - 24/09/01 06:47:32 INFO DiskBlockManager: Created local directory at /tmp/blockmgr-0b17a1e5-3b06-4764-bf81-b34a64fa1737
[2024-09-01T06:47:33.108+0000] {spark_submit.py:579} INFO - 24/09/01 06:47:33 INFO MemoryStore: MemoryStore started with capacity 434.4 MiB
[2024-09-01T06:47:33.285+0000] {spark_submit.py:579} INFO - 24/09/01 06:47:33 INFO SparkEnv: Registering OutputCommitCoordinator
[2024-09-01T06:47:38.703+0000] {spark_submit.py:579} INFO - 24/09/01 06:47:38 INFO Utils: Successfully started service 'SparkUI' on port 4040.
[2024-09-01T06:47:39.105+0000] {spark_submit.py:579} INFO - 24/09/01 06:47:39 INFO SparkContext: Added JAR file:///home/airflow/.ivy2/jars/org.postgresql_postgresql-42.2.18.jar at spark://dataeng-airflow-scheduler:41729/jars/org.postgresql_postgresql-42.2.18.jar with timestamp 1725173235208
[2024-09-01T06:47:39.139+0000] {spark_submit.py:579} INFO - 24/09/01 06:47:39 INFO SparkContext: Added JAR file:///home/airflow/.ivy2/jars/org.checkerframework_checker-qual-3.5.0.jar at spark://dataeng-airflow-scheduler:41729/jars/org.checkerframework_checker-qual-3.5.0.jar with timestamp 1725173235208
[2024-09-01T06:47:39.153+0000] {spark_submit.py:579} INFO - 24/09/01 06:47:39 INFO SparkContext: Added file file:///home/airflow/.ivy2/jars/org.postgresql_postgresql-42.2.18.jar at file:///home/airflow/.ivy2/jars/org.postgresql_postgresql-42.2.18.jar with timestamp 1725173235208
[2024-09-01T06:47:39.169+0000] {spark_submit.py:579} INFO - 24/09/01 06:47:39 INFO Utils: Copying /home/airflow/.ivy2/jars/org.postgresql_postgresql-42.2.18.jar to /tmp/spark-36c313ee-df86-4e88-bbcb-01a4ded1d8c0/userFiles-ac13a78c-6584-4231-9d58-fa8feec3b89b/org.postgresql_postgresql-42.2.18.jar
[2024-09-01T06:47:39.371+0000] {spark_submit.py:579} INFO - 24/09/01 06:47:39 INFO SparkContext: Added file file:///home/airflow/.ivy2/jars/org.checkerframework_checker-qual-3.5.0.jar at file:///home/airflow/.ivy2/jars/org.checkerframework_checker-qual-3.5.0.jar with timestamp 1725173235208
[2024-09-01T06:47:39.374+0000] {spark_submit.py:579} INFO - 24/09/01 06:47:39 INFO Utils: Copying /home/airflow/.ivy2/jars/org.checkerframework_checker-qual-3.5.0.jar to /tmp/spark-36c313ee-df86-4e88-bbcb-01a4ded1d8c0/userFiles-ac13a78c-6584-4231-9d58-fa8feec3b89b/org.checkerframework_checker-qual-3.5.0.jar
[2024-09-01T06:47:41.275+0000] {spark_submit.py:579} INFO - 24/09/01 06:47:41 INFO Executor: Starting executor ID driver on host dataeng-airflow-scheduler
[2024-09-01T06:47:41.359+0000] {spark_submit.py:579} INFO - 24/09/01 06:47:41 INFO Executor: Starting executor with user classpath (userClassPathFirst = false): ''
[2024-09-01T06:47:41.549+0000] {spark_submit.py:579} INFO - 24/09/01 06:47:41 INFO Executor: Fetching file:///home/airflow/.ivy2/jars/org.postgresql_postgresql-42.2.18.jar with timestamp 1725173235208
[2024-09-01T06:47:42.034+0000] {spark_submit.py:579} INFO - 24/09/01 06:47:42 INFO Utils: /home/airflow/.ivy2/jars/org.postgresql_postgresql-42.2.18.jar has been previously copied to /tmp/spark-36c313ee-df86-4e88-bbcb-01a4ded1d8c0/userFiles-ac13a78c-6584-4231-9d58-fa8feec3b89b/org.postgresql_postgresql-42.2.18.jar
[2024-09-01T06:47:42.136+0000] {spark_submit.py:579} INFO - 24/09/01 06:47:42 INFO Executor: Fetching file:///home/airflow/.ivy2/jars/org.checkerframework_checker-qual-3.5.0.jar with timestamp 1725173235208
[2024-09-01T06:47:42.240+0000] {spark_submit.py:579} INFO - 24/09/01 06:47:42 INFO Utils: /home/airflow/.ivy2/jars/org.checkerframework_checker-qual-3.5.0.jar has been previously copied to /tmp/spark-36c313ee-df86-4e88-bbcb-01a4ded1d8c0/userFiles-ac13a78c-6584-4231-9d58-fa8feec3b89b/org.checkerframework_checker-qual-3.5.0.jar
[2024-09-01T06:47:42.773+0000] {spark_submit.py:579} INFO - 24/09/01 06:47:42 INFO Executor: Fetching spark://dataeng-airflow-scheduler:41729/jars/org.checkerframework_checker-qual-3.5.0.jar with timestamp 1725173235208
[2024-09-01T06:47:45.261+0000] {spark_submit.py:579} INFO - 24/09/01 06:47:45 INFO TransportClientFactory: Successfully created connection to dataeng-airflow-scheduler/172.18.0.4:41729 after 1983 ms (0 ms spent in bootstraps)
[2024-09-01T06:47:45.356+0000] {spark_submit.py:579} INFO - 24/09/01 06:47:45 INFO Utils: Fetching spark://dataeng-airflow-scheduler:41729/jars/org.checkerframework_checker-qual-3.5.0.jar to /tmp/spark-36c313ee-df86-4e88-bbcb-01a4ded1d8c0/userFiles-ac13a78c-6584-4231-9d58-fa8feec3b89b/fetchFileTemp6430378875542323301.tmp
[2024-09-01T06:47:46.106+0000] {spark_submit.py:579} INFO - 24/09/01 06:47:46 INFO Utils: /tmp/spark-36c313ee-df86-4e88-bbcb-01a4ded1d8c0/userFiles-ac13a78c-6584-4231-9d58-fa8feec3b89b/fetchFileTemp6430378875542323301.tmp has been previously copied to /tmp/spark-36c313ee-df86-4e88-bbcb-01a4ded1d8c0/userFiles-ac13a78c-6584-4231-9d58-fa8feec3b89b/org.checkerframework_checker-qual-3.5.0.jar
[2024-09-01T06:47:46.193+0000] {spark_submit.py:579} INFO - 24/09/01 06:47:46 INFO Executor: Adding file:/tmp/spark-36c313ee-df86-4e88-bbcb-01a4ded1d8c0/userFiles-ac13a78c-6584-4231-9d58-fa8feec3b89b/org.checkerframework_checker-qual-3.5.0.jar to class loader
[2024-09-01T06:47:46.271+0000] {spark_submit.py:579} INFO - 24/09/01 06:47:46 INFO Executor: Fetching spark://dataeng-airflow-scheduler:41729/jars/org.postgresql_postgresql-42.2.18.jar with timestamp 1725173235208
[2024-09-01T06:47:46.274+0000] {spark_submit.py:579} INFO - 24/09/01 06:47:46 INFO Utils: Fetching spark://dataeng-airflow-scheduler:41729/jars/org.postgresql_postgresql-42.2.18.jar to /tmp/spark-36c313ee-df86-4e88-bbcb-01a4ded1d8c0/userFiles-ac13a78c-6584-4231-9d58-fa8feec3b89b/fetchFileTemp3170893434759497616.tmp
[2024-09-01T06:47:46.278+0000] {spark_submit.py:579} INFO - 24/09/01 06:47:46 INFO Utils: /tmp/spark-36c313ee-df86-4e88-bbcb-01a4ded1d8c0/userFiles-ac13a78c-6584-4231-9d58-fa8feec3b89b/fetchFileTemp3170893434759497616.tmp has been previously copied to /tmp/spark-36c313ee-df86-4e88-bbcb-01a4ded1d8c0/userFiles-ac13a78c-6584-4231-9d58-fa8feec3b89b/org.postgresql_postgresql-42.2.18.jar
[2024-09-01T06:47:47.633+0000] {spark_submit.py:579} INFO - 24/09/01 06:47:47 INFO Executor: Adding file:/tmp/spark-36c313ee-df86-4e88-bbcb-01a4ded1d8c0/userFiles-ac13a78c-6584-4231-9d58-fa8feec3b89b/org.postgresql_postgresql-42.2.18.jar to class loader
[2024-09-01T06:47:47.743+0000] {spark_submit.py:579} INFO - 24/09/01 06:47:47 INFO Utils: Successfully started service 'org.apache.spark.network.netty.NettyBlockTransferService' on port 33299.
[2024-09-01T06:47:47.893+0000] {spark_submit.py:579} INFO - 24/09/01 06:47:47 INFO NettyBlockTransferService: Server created on dataeng-airflow-scheduler:33299
[2024-09-01T06:47:47.996+0000] {spark_submit.py:579} INFO - 24/09/01 06:47:47 INFO BlockManager: Using org.apache.spark.storage.RandomBlockReplicationPolicy for block replication policy
[2024-09-01T06:47:48.076+0000] {spark_submit.py:579} INFO - 24/09/01 06:47:48 INFO BlockManagerMaster: Registering BlockManager BlockManagerId(driver, dataeng-airflow-scheduler, 33299, None)
[2024-09-01T06:47:48.138+0000] {spark_submit.py:579} INFO - 24/09/01 06:47:48 INFO BlockManagerMasterEndpoint: Registering block manager dataeng-airflow-scheduler:33299 with 434.4 MiB RAM, BlockManagerId(driver, dataeng-airflow-scheduler, 33299, None)
[2024-09-01T06:47:48.161+0000] {spark_submit.py:579} INFO - 24/09/01 06:47:48 INFO BlockManagerMaster: Registered BlockManager BlockManagerId(driver, dataeng-airflow-scheduler, 33299, None)
[2024-09-01T06:47:48.190+0000] {spark_submit.py:579} INFO - 24/09/01 06:47:48 INFO BlockManager: Initialized BlockManager: BlockManagerId(driver, dataeng-airflow-scheduler, 33299, None)
[2024-09-01T06:47:53.063+0000] {spark_submit.py:579} INFO - 24/09/01 06:47:53 INFO AsyncEventQueue: Process of event SparkListenerResourceProfileAdded(Profile: id = 0, executor resources: cores -> name: cores, amount: 1, script: , vendor: ,memory -> name: memory, amount: 1024, script: , vendor: ,offHeap -> name: offHeap, amount: 0, script: , vendor: , task resources: cpus -> name: cpus, amount: 1.0) by listener HeartbeatReceiver took 2.03271179s.
[2024-09-01T06:47:53.672+0000] {spark_submit.py:579} INFO - 24/09/01 06:47:53 INFO AsyncEventQueue: Process of event SparkListenerResourceProfileAdded(Profile: id = 0, executor resources: cores -> name: cores, amount: 1, script: , vendor: ,memory -> name: memory, amount: 1024, script: , vendor: ,offHeap -> name: offHeap, amount: 0, script: , vendor: , task resources: cpus -> name: cpus, amount: 1.0) by listener AppStatusListener took 2.775089438s.
[2024-09-01T06:48:01.517+0000] {spark_submit.py:579} INFO - SparkSession created successfully.
[2024-09-01T06:48:01.654+0000] {spark_submit.py:579} INFO - jdbc:postgresql://dataeng-postgres/postgres_db
[2024-09-01T06:48:01.656+0000] {spark_submit.py:579} INFO - {'user': 'user', '***': '***', 'driver': 'org.postgresql.Driver', 'stringtype': 'unspecified'}
[2024-09-01T06:48:27.367+0000] {spark_submit.py:579} INFO - Error processing data: An error occurred while calling o30.jdbc.
[2024-09-01T06:48:27.386+0000] {spark_submit.py:579} INFO - : org.postgresql.util.PSQLException: ERROR: relation "public.retail" does not exist
[2024-09-01T06:48:27.417+0000] {spark_submit.py:579} INFO - Position: 15
[2024-09-01T06:48:27.418+0000] {spark_submit.py:579} INFO - at org.postgresql.core.v3.QueryExecutorImpl.receiveErrorResponse(QueryExecutorImpl.java:2553)
[2024-09-01T06:48:27.418+0000] {spark_submit.py:579} INFO - at org.postgresql.core.v3.QueryExecutorImpl.processResults(QueryExecutorImpl.java:2285)
[2024-09-01T06:48:27.429+0000] {spark_submit.py:579} INFO - at org.postgresql.core.v3.QueryExecutorImpl.execute(QueryExecutorImpl.java:323)
[2024-09-01T06:48:27.431+0000] {spark_submit.py:579} INFO - at org.postgresql.jdbc.PgStatement.executeInternal(PgStatement.java:473)
[2024-09-01T06:48:27.441+0000] {spark_submit.py:579} INFO - at org.postgresql.jdbc.PgStatement.execute(PgStatement.java:393)
[2024-09-01T06:48:27.449+0000] {spark_submit.py:579} INFO - at org.postgresql.jdbc.PgPreparedStatement.executeWithFlags(PgPreparedStatement.java:164)
[2024-09-01T06:48:27.451+0000] {spark_submit.py:579} INFO - at org.postgresql.jdbc.PgPreparedStatement.executeQuery(PgPreparedStatement.java:114)
[2024-09-01T06:48:27.461+0000] {spark_submit.py:579} INFO - at org.apache.spark.sql.execution.datasources.jdbc.JDBCRDD$.getQueryOutputSchema(JDBCRDD.scala:68)
[2024-09-01T06:48:27.467+0000] {spark_submit.py:579} INFO - at org.apache.spark.sql.execution.datasources.jdbc.JDBCRDD$.resolveTable(JDBCRDD.scala:58)
[2024-09-01T06:48:27.469+0000] {spark_submit.py:579} INFO - at org.apache.spark.sql.execution.datasources.jdbc.JDBCRelation$.getSchema(JDBCRelation.scala:242)
[2024-09-01T06:48:27.481+0000] {spark_submit.py:579} INFO - at org.apache.spark.sql.execution.datasources.jdbc.JdbcRelationProvider.createRelation(JdbcRelationProvider.scala:37)
[2024-09-01T06:48:27.484+0000] {spark_submit.py:579} INFO - at org.apache.spark.sql.execution.datasources.DataSource.resolveRelation(DataSource.scala:350)
[2024-09-01T06:48:27.495+0000] {spark_submit.py:579} INFO - at org.apache.spark.sql.DataFrameReader.loadV1Source(DataFrameReader.scala:228)
[2024-09-01T06:48:27.498+0000] {spark_submit.py:579} INFO - at org.apache.spark.sql.DataFrameReader.$anonfun$load$2(DataFrameReader.scala:210)
[2024-09-01T06:48:27.500+0000] {spark_submit.py:579} INFO - at scala.Option.getOrElse(Option.scala:189)
[2024-09-01T06:48:27.515+0000] {spark_submit.py:579} INFO - at org.apache.spark.sql.DataFrameReader.load(DataFrameReader.scala:210)
[2024-09-01T06:48:27.559+0000] {spark_submit.py:579} INFO - at org.apache.spark.sql.DataFrameReader.load(DataFrameReader.scala:171)
[2024-09-01T06:48:27.582+0000] {spark_submit.py:579} INFO - at org.apache.spark.sql.DataFrameReader.jdbc(DataFrameReader.scala:248)
[2024-09-01T06:48:27.583+0000] {spark_submit.py:579} INFO - at java.base/jdk.internal.reflect.NativeMethodAccessorImpl.invoke0(Native Method)
[2024-09-01T06:48:27.592+0000] {spark_submit.py:579} INFO - at java.base/jdk.internal.reflect.NativeMethodAccessorImpl.invoke(NativeMethodAccessorImpl.java:77)
[2024-09-01T06:48:27.594+0000] {spark_submit.py:579} INFO - at java.base/jdk.internal.reflect.DelegatingMethodAccessorImpl.invoke(DelegatingMethodAccessorImpl.java:43)
[2024-09-01T06:48:27.596+0000] {spark_submit.py:579} INFO - at java.base/java.lang.reflect.Method.invoke(Method.java:569)
[2024-09-01T06:48:27.598+0000] {spark_submit.py:579} INFO - at py4j.reflection.MethodInvoker.invoke(MethodInvoker.java:244)
[2024-09-01T06:48:27.599+0000] {spark_submit.py:579} INFO - at py4j.reflection.ReflectionEngine.invoke(ReflectionEngine.java:357)
[2024-09-01T06:48:27.612+0000] {spark_submit.py:579} INFO - at py4j.Gateway.invoke(Gateway.java:282)
[2024-09-01T06:48:27.614+0000] {spark_submit.py:579} INFO - at py4j.commands.AbstractCommand.invokeMethod(AbstractCommand.java:132)
[2024-09-01T06:48:27.628+0000] {spark_submit.py:579} INFO - at py4j.commands.CallCommand.execute(CallCommand.java:79)
[2024-09-01T06:48:27.642+0000] {spark_submit.py:579} INFO - at py4j.ClientServerConnection.waitForCommands(ClientServerConnection.java:182)
[2024-09-01T06:48:27.643+0000] {spark_submit.py:579} INFO - at py4j.ClientServerConnection.run(ClientServerConnection.java:106)
[2024-09-01T06:48:27.644+0000] {spark_submit.py:579} INFO - at java.base/java.lang.Thread.run(Thread.java:840)
[2024-09-01T06:48:27.657+0000] {spark_submit.py:579} INFO - 
[2024-09-01T06:48:28.999+0000] {spark_submit.py:579} INFO - Spark session stopped successfully.
[2024-09-01T06:48:29.008+0000] {spark_submit.py:579} INFO - Traceback (most recent call last):
[2024-09-01T06:48:29.010+0000] {spark_submit.py:579} INFO - File "/spark-scripts/spark-retail-analysis.py", line 49, in <module>
[2024-09-01T06:48:29.202+0000] {spark_submit.py:579} INFO - retail_df = spark.read.jdbc(
[2024-09-01T06:48:29.228+0000] {spark_submit.py:579} INFO - File "/home/airflow/.local/lib/python3.9/site-packages/pyspark/python/lib/pyspark.zip/pyspark/sql/readwriter.py", line 716, in jdbc
[2024-09-01T06:48:29.259+0000] {spark_submit.py:579} INFO - File "/home/airflow/.local/lib/python3.9/site-packages/pyspark/python/lib/py4j-0.10.9.5-src.zip/py4j/java_gateway.py", line 1321, in __call__
[2024-09-01T06:48:29.301+0000] {spark_submit.py:579} INFO - File "/home/airflow/.local/lib/python3.9/site-packages/pyspark/python/lib/pyspark.zip/pyspark/sql/utils.py", line 190, in deco
[2024-09-01T06:48:29.349+0000] {spark_submit.py:579} INFO - File "/home/airflow/.local/lib/python3.9/site-packages/pyspark/python/lib/py4j-0.10.9.5-src.zip/py4j/protocol.py", line 326, in get_return_value
[2024-09-01T06:48:29.373+0000] {spark_submit.py:579} INFO - py4j.protocol.Py4JJavaError: An error occurred while calling o30.jdbc.
[2024-09-01T06:48:29.467+0000] {spark_submit.py:579} INFO - : org.postgresql.util.PSQLException: ERROR: relation "public.retail" does not exist
[2024-09-01T06:48:29.535+0000] {spark_submit.py:579} INFO - Position: 15
[2024-09-01T06:48:29.554+0000] {spark_submit.py:579} INFO - at org.postgresql.core.v3.QueryExecutorImpl.receiveErrorResponse(QueryExecutorImpl.java:2553)
[2024-09-01T06:48:29.586+0000] {spark_submit.py:579} INFO - at org.postgresql.core.v3.QueryExecutorImpl.processResults(QueryExecutorImpl.java:2285)
[2024-09-01T06:48:29.601+0000] {spark_submit.py:579} INFO - at org.postgresql.core.v3.QueryExecutorImpl.execute(QueryExecutorImpl.java:323)
[2024-09-01T06:48:29.617+0000] {spark_submit.py:579} INFO - at org.postgresql.jdbc.PgStatement.executeInternal(PgStatement.java:473)
[2024-09-01T06:48:29.636+0000] {spark_submit.py:579} INFO - at org.postgresql.jdbc.PgStatement.execute(PgStatement.java:393)
[2024-09-01T06:48:29.650+0000] {spark_submit.py:579} INFO - at org.postgresql.jdbc.PgPreparedStatement.executeWithFlags(PgPreparedStatement.java:164)
[2024-09-01T06:48:29.665+0000] {spark_submit.py:579} INFO - at org.postgresql.jdbc.PgPreparedStatement.executeQuery(PgPreparedStatement.java:114)
[2024-09-01T06:48:29.700+0000] {spark_submit.py:579} INFO - at org.apache.spark.sql.execution.datasources.jdbc.JDBCRDD$.getQueryOutputSchema(JDBCRDD.scala:68)
[2024-09-01T06:48:29.737+0000] {spark_submit.py:579} INFO - at org.apache.spark.sql.execution.datasources.jdbc.JDBCRDD$.resolveTable(JDBCRDD.scala:58)
[2024-09-01T06:48:29.832+0000] {spark_submit.py:579} INFO - at org.apache.spark.sql.execution.datasources.jdbc.JDBCRelation$.getSchema(JDBCRelation.scala:242)
[2024-09-01T06:48:29.863+0000] {spark_submit.py:579} INFO - at org.apache.spark.sql.execution.datasources.jdbc.JdbcRelationProvider.createRelation(JdbcRelationProvider.scala:37)
[2024-09-01T06:48:29.890+0000] {spark_submit.py:579} INFO - at org.apache.spark.sql.execution.datasources.DataSource.resolveRelation(DataSource.scala:350)
[2024-09-01T06:48:29.895+0000] {spark_submit.py:579} INFO - at org.apache.spark.sql.DataFrameReader.loadV1Source(DataFrameReader.scala:228)
[2024-09-01T06:48:29.911+0000] {spark_submit.py:579} INFO - at org.apache.spark.sql.DataFrameReader.$anonfun$load$2(DataFrameReader.scala:210)
[2024-09-01T06:48:29.981+0000] {spark_submit.py:579} INFO - at scala.Option.getOrElse(Option.scala:189)
[2024-09-01T06:48:30.025+0000] {spark_submit.py:579} INFO - at org.apache.spark.sql.DataFrameReader.load(DataFrameReader.scala:210)
[2024-09-01T06:48:30.067+0000] {spark_submit.py:579} INFO - at org.apache.spark.sql.DataFrameReader.load(DataFrameReader.scala:171)
[2024-09-01T06:48:30.201+0000] {spark_submit.py:579} INFO - at org.apache.spark.sql.DataFrameReader.jdbc(DataFrameReader.scala:248)
[2024-09-01T06:48:30.250+0000] {spark_submit.py:579} INFO - at java.base/jdk.internal.reflect.NativeMethodAccessorImpl.invoke0(Native Method)
[2024-09-01T06:48:30.266+0000] {spark_submit.py:579} INFO - at java.base/jdk.internal.reflect.NativeMethodAccessorImpl.invoke(NativeMethodAccessorImpl.java:77)
[2024-09-01T06:48:30.304+0000] {spark_submit.py:579} INFO - at java.base/jdk.internal.reflect.DelegatingMethodAccessorImpl.invoke(DelegatingMethodAccessorImpl.java:43)
[2024-09-01T06:48:30.332+0000] {spark_submit.py:579} INFO - at java.base/java.lang.reflect.Method.invoke(Method.java:569)
[2024-09-01T06:48:30.351+0000] {spark_submit.py:579} INFO - at py4j.reflection.MethodInvoker.invoke(MethodInvoker.java:244)
[2024-09-01T06:48:30.365+0000] {spark_submit.py:579} INFO - at py4j.reflection.ReflectionEngine.invoke(ReflectionEngine.java:357)
[2024-09-01T06:48:30.375+0000] {spark_submit.py:579} INFO - at py4j.Gateway.invoke(Gateway.java:282)
[2024-09-01T06:48:30.382+0000] {spark_submit.py:579} INFO - at py4j.commands.AbstractCommand.invokeMethod(AbstractCommand.java:132)
[2024-09-01T06:48:30.400+0000] {spark_submit.py:579} INFO - at py4j.commands.CallCommand.execute(CallCommand.java:79)
[2024-09-01T06:48:30.536+0000] {spark_submit.py:579} INFO - at py4j.ClientServerConnection.waitForCommands(ClientServerConnection.java:182)
[2024-09-01T06:48:30.559+0000] {spark_submit.py:579} INFO - at py4j.ClientServerConnection.run(ClientServerConnection.java:106)
[2024-09-01T06:48:30.566+0000] {spark_submit.py:579} INFO - at java.base/java.lang.Thread.run(Thread.java:840)
[2024-09-01T06:48:30.580+0000] {spark_submit.py:579} INFO - 
[2024-09-01T06:48:31.355+0000] {taskinstance.py:2728} ERROR - Task failed with exception
Traceback (most recent call last):
  File "/home/airflow/.local/lib/python3.9/site-packages/airflow/models/taskinstance.py", line 444, in _execute_task
    result = _execute_callable(context=context, **execute_callable_kwargs)
  File "/home/airflow/.local/lib/python3.9/site-packages/airflow/models/taskinstance.py", line 414, in _execute_callable
    return execute_callable(context=context, **execute_callable_kwargs)
  File "/home/airflow/.local/lib/python3.9/site-packages/airflow/providers/apache/spark/operators/spark_submit.py", line 174, in execute
    self._hook.submit(self.application)
  File "/home/airflow/.local/lib/python3.9/site-packages/airflow/providers/apache/spark/hooks/spark_submit.py", line 505, in submit
    raise AirflowException(
airflow.exceptions.AirflowException: Cannot execute: spark-submit --master spark://dataeng-spark-master:7077 --packages org.postgresql:postgresql:42.2.18 --name arrow-spark /spark-scripts/spark-retail-analysis.py. Error code is: 1.
[2024-09-01T06:48:31.667+0000] {taskinstance.py:1149} INFO - Marking task as FAILED. dag_id=spark_retail_analysis_dag, task_id=spark_retail_analysis_task, execution_date=20240901T063109, start_date=20240901T064457, end_date=20240901T064831
[2024-09-01T06:48:32.001+0000] {standard_task_runner.py:107} ERROR - Failed to execute job 72 for task spark_retail_analysis_task (Cannot execute: spark-submit --master spark://dataeng-spark-master:7077 --packages org.postgresql:postgresql:42.2.18 --name arrow-spark /spark-scripts/spark-retail-analysis.py. Error code is: 1.; 215)
[2024-09-01T06:48:32.302+0000] {local_task_job_runner.py:234} INFO - Task exited with return code 1
[2024-09-01T06:48:32.847+0000] {taskinstance.py:3309} INFO - 0 downstream tasks scheduled from follow-on schedule check
