[2024-09-01T06:31:28.070+0000] {taskinstance.py:1979} INFO - Dependencies all met for dep_context=non-requeueable deps ti=<TaskInstance: spark_retail_analysis_dag.spark_retail_analysis_task manual__2024-09-01T06:31:09.454136+00:00 [queued]>
[2024-09-01T06:31:28.254+0000] {taskinstance.py:1979} INFO - Dependencies all met for dep_context=requeueable deps ti=<TaskInstance: spark_retail_analysis_dag.spark_retail_analysis_task manual__2024-09-01T06:31:09.454136+00:00 [queued]>
[2024-09-01T06:31:28.287+0000] {taskinstance.py:2193} INFO - Starting attempt 1 of 1
[2024-09-01T06:31:28.470+0000] {taskinstance.py:2214} INFO - Executing <Task(SparkSubmitOperator): spark_retail_analysis_task> on 2024-09-01 06:31:09.454136+00:00
[2024-09-01T06:31:28.547+0000] {standard_task_runner.py:60} INFO - Started process 6183 to run task
[2024-09-01T06:31:28.602+0000] {standard_task_runner.py:87} INFO - Running: ['airflow', 'tasks', 'run', 'spark_retail_analysis_dag', 'spark_retail_analysis_task', 'manual__2024-09-01T06:31:09.454136+00:00', '--job-id', '70', '--raw', '--subdir', 'DAGS_FOLDER/spark_retail_analysis_dag.py', '--cfg-path', '/tmp/tmpewzo8swt']
[2024-09-01T06:31:28.701+0000] {standard_task_runner.py:88} INFO - Job 70: Subtask spark_retail_analysis_task
[2024-09-01T06:31:29.800+0000] {logging_mixin.py:188} WARNING - /home/airflow/.local/lib/python3.9/site-packages/airflow/settings.py:194 DeprecationWarning: The sql_alchemy_conn option in [core] has been moved to the sql_alchemy_conn option in [database] - the old setting has been used, but please update your config.
[2024-09-01T06:31:32.499+0000] {task_command.py:423} INFO - Running <TaskInstance: spark_retail_analysis_dag.spark_retail_analysis_task manual__2024-09-01T06:31:09.454136+00:00 [running]> on host dataeng-airflow-scheduler
[2024-09-01T06:31:37.196+0000] {taskinstance.py:2510} INFO - Exporting env vars: AIRFLOW_CTX_DAG_OWNER='dibimbing' AIRFLOW_CTX_DAG_ID='spark_retail_analysis_dag' AIRFLOW_CTX_TASK_ID='spark_retail_analysis_task' AIRFLOW_CTX_EXECUTION_DATE='2024-09-01T06:31:09.454136+00:00' AIRFLOW_CTX_TRY_NUMBER='1' AIRFLOW_CTX_DAG_RUN_ID='manual__2024-09-01T06:31:09.454136+00:00'
[2024-09-01T06:31:37.332+0000] {base.py:83} INFO - Using connection ID 'spark_main' for task execution.
[2024-09-01T06:31:37.345+0000] {spark_submit.py:403} INFO - Spark-Submit cmd: spark-submit --master spark://dataeng-spark-master:7077 --packages org.postgresql:postgresql:42.2.18 --name arrow-spark /spark-scripts/spark-retail-analysis.py
[2024-09-01T06:32:18.992+0000] {spark_submit.py:579} INFO - :: loading settings :: url = jar:file:/home/airflow/.local/lib/python3.9/site-packages/pyspark/jars/ivy-2.5.1.jar!/org/apache/ivy/core/settings/ivysettings.xml
[2024-09-01T06:32:19.888+0000] {spark_submit.py:579} INFO - Ivy Default Cache set to: /home/airflow/.ivy2/cache
[2024-09-01T06:32:19.936+0000] {spark_submit.py:579} INFO - The jars for the packages stored in: /home/airflow/.ivy2/jars
[2024-09-01T06:32:19.975+0000] {spark_submit.py:579} INFO - org.postgresql#postgresql added as a dependency
[2024-09-01T06:32:19.987+0000] {spark_submit.py:579} INFO - :: resolving dependencies :: org.apache.spark#spark-submit-parent-1a1fec1d-90a8-4b81-a394-c3632ed85975;1.0
[2024-09-01T06:32:20.014+0000] {spark_submit.py:579} INFO - confs: [default]
[2024-09-01T06:32:22.503+0000] {spark_submit.py:579} INFO - found org.postgresql#postgresql;42.2.18 in central
[2024-09-01T06:32:23.224+0000] {spark_submit.py:579} INFO - found org.checkerframework#checker-qual;3.5.0 in central
[2024-09-01T06:32:23.670+0000] {spark_submit.py:579} INFO - :: resolution report :: resolve 3630ms :: artifacts dl 55ms
[2024-09-01T06:32:23.672+0000] {spark_submit.py:579} INFO - :: modules in use:
[2024-09-01T06:32:23.685+0000] {spark_submit.py:579} INFO - org.checkerframework#checker-qual;3.5.0 from central in [default]
[2024-09-01T06:32:23.694+0000] {spark_submit.py:579} INFO - org.postgresql#postgresql;42.2.18 from central in [default]
[2024-09-01T06:32:23.709+0000] {spark_submit.py:579} INFO - ---------------------------------------------------------------------
[2024-09-01T06:32:23.734+0000] {spark_submit.py:579} INFO - |                  |            modules            ||   artifacts   |
[2024-09-01T06:32:23.751+0000] {spark_submit.py:579} INFO - |       conf       | number| search|dwnlded|evicted|| number|dwnlded|
[2024-09-01T06:32:23.757+0000] {spark_submit.py:579} INFO - ---------------------------------------------------------------------
[2024-09-01T06:32:23.798+0000] {spark_submit.py:579} INFO - |      default     |   2   |   0   |   0   |   0   ||   2   |   0   |
[2024-09-01T06:32:23.800+0000] {spark_submit.py:579} INFO - ---------------------------------------------------------------------
[2024-09-01T06:32:23.991+0000] {spark_submit.py:579} INFO - :: retrieving :: org.apache.spark#spark-submit-parent-1a1fec1d-90a8-4b81-a394-c3632ed85975
[2024-09-01T06:32:24.086+0000] {spark_submit.py:579} INFO - confs: [default]
[2024-09-01T06:32:24.223+0000] {spark_submit.py:579} INFO - 0 artifacts copied, 2 already retrieved (0kB/98ms)
[2024-09-01T06:32:32.106+0000] {spark_submit.py:579} INFO - 24/09/01 06:32:32 WARN NativeCodeLoader: Unable to load native-hadoop library for your platform... using builtin-java classes where applicable
[2024-09-01T06:32:49.646+0000] {spark_submit.py:579} INFO - 24/09/01 06:32:49 INFO SparkContext: Running Spark version 3.3.2
[2024-09-01T06:32:50.514+0000] {spark_submit.py:579} INFO - 24/09/01 06:32:50 INFO ResourceUtils: ==============================================================
[2024-09-01T06:32:50.598+0000] {spark_submit.py:579} INFO - 24/09/01 06:32:50 INFO ResourceUtils: No custom resources configured for spark.driver.
[2024-09-01T06:32:50.635+0000] {spark_submit.py:579} INFO - 24/09/01 06:32:50 INFO ResourceUtils: ==============================================================
[2024-09-01T06:32:50.688+0000] {spark_submit.py:579} INFO - 24/09/01 06:32:50 INFO SparkContext: Submitted application: Dibimbing
[2024-09-01T06:32:52.202+0000] {spark_submit.py:579} INFO - 24/09/01 06:32:52 INFO ResourceProfile: Default ResourceProfile created, executor resources: Map(cores -> name: cores, amount: 1, script: , vendor: , memory -> name: memory, amount: 1024, script: , vendor: , offHeap -> name: offHeap, amount: 0, script: , vendor: ), task resources: Map(cpus -> name: cpus, amount: 1.0)
[2024-09-01T06:32:52.437+0000] {spark_submit.py:579} INFO - 24/09/01 06:32:52 INFO ResourceProfile: Limiting resource is cpu
[2024-09-01T06:32:52.512+0000] {spark_submit.py:579} INFO - 24/09/01 06:32:52 INFO ResourceProfileManager: Added ResourceProfile id: 0
[2024-09-01T06:32:54.863+0000] {spark_submit.py:579} INFO - 24/09/01 06:32:54 INFO SecurityManager: Changing view acls to: airflow
[2024-09-01T06:32:54.896+0000] {spark_submit.py:579} INFO - 24/09/01 06:32:54 INFO SecurityManager: Changing modify acls to: airflow
[2024-09-01T06:32:54.897+0000] {spark_submit.py:579} INFO - 24/09/01 06:32:54 INFO SecurityManager: Changing view acls groups to:
[2024-09-01T06:32:54.898+0000] {spark_submit.py:579} INFO - 24/09/01 06:32:54 INFO SecurityManager: Changing modify acls groups to:
[2024-09-01T06:32:54.899+0000] {spark_submit.py:579} INFO - 24/09/01 06:32:54 INFO SecurityManager: SecurityManager: authentication disabled; ui acls disabled; users  with view permissions: Set(airflow); groups with view permissions: Set(); users  with modify permissions: Set(airflow); groups with modify permissions: Set()
[2024-09-01T06:32:58.969+0000] {spark_submit.py:579} INFO - 24/09/01 06:32:58 INFO Utils: Successfully started service 'sparkDriver' on port 35865.
[2024-09-01T06:33:00.566+0000] {spark_submit.py:579} INFO - 24/09/01 06:33:00 INFO SparkEnv: Registering MapOutputTracker
[2024-09-01T06:33:01.438+0000] {spark_submit.py:579} INFO - 24/09/01 06:33:01 INFO SparkEnv: Registering BlockManagerMaster
[2024-09-01T06:33:01.600+0000] {spark_submit.py:579} INFO - 24/09/01 06:33:01 INFO BlockManagerMasterEndpoint: Using org.apache.spark.storage.DefaultTopologyMapper for getting topology information
[2024-09-01T06:33:01.632+0000] {spark_submit.py:579} INFO - 24/09/01 06:33:01 INFO BlockManagerMasterEndpoint: BlockManagerMasterEndpoint up
[2024-09-01T06:33:01.700+0000] {spark_submit.py:579} INFO - 24/09/01 06:33:01 INFO SparkEnv: Registering BlockManagerMasterHeartbeat
[2024-09-01T06:33:02.250+0000] {spark_submit.py:579} INFO - 24/09/01 06:33:02 INFO DiskBlockManager: Created local directory at /tmp/blockmgr-ab92388b-a063-4184-9d6a-e2c489ac5ecb
[2024-09-01T06:33:02.427+0000] {spark_submit.py:579} INFO - 24/09/01 06:33:02 INFO MemoryStore: MemoryStore started with capacity 434.4 MiB
[2024-09-01T06:33:02.558+0000] {spark_submit.py:579} INFO - 24/09/01 06:33:02 INFO SparkEnv: Registering OutputCommitCoordinator
[2024-09-01T06:33:09.453+0000] {spark_submit.py:579} INFO - 24/09/01 06:33:09 INFO Utils: Successfully started service 'SparkUI' on port 4040.
[2024-09-01T06:33:09.954+0000] {spark_submit.py:579} INFO - 24/09/01 06:33:09 INFO SparkContext: Added JAR file:///home/airflow/.ivy2/jars/org.postgresql_postgresql-42.2.18.jar at spark://dataeng-airflow-scheduler:35865/jars/org.postgresql_postgresql-42.2.18.jar with timestamp 1725172369389
[2024-09-01T06:33:09.997+0000] {spark_submit.py:579} INFO - 24/09/01 06:33:09 INFO SparkContext: Added JAR file:///home/airflow/.ivy2/jars/org.checkerframework_checker-qual-3.5.0.jar at spark://dataeng-airflow-scheduler:35865/jars/org.checkerframework_checker-qual-3.5.0.jar with timestamp 1725172369389
[2024-09-01T06:33:10.014+0000] {spark_submit.py:579} INFO - 24/09/01 06:33:09 INFO SparkContext: Added file file:///home/airflow/.ivy2/jars/org.postgresql_postgresql-42.2.18.jar at file:///home/airflow/.ivy2/jars/org.postgresql_postgresql-42.2.18.jar with timestamp 1725172369389
[2024-09-01T06:33:10.044+0000] {spark_submit.py:579} INFO - 24/09/01 06:33:10 INFO Utils: Copying /home/airflow/.ivy2/jars/org.postgresql_postgresql-42.2.18.jar to /tmp/spark-723fa755-2c2c-4b44-921a-4212d4dad831/userFiles-a1f064a1-c7ee-4051-9ffb-fa63614f9b35/org.postgresql_postgresql-42.2.18.jar
[2024-09-01T06:33:10.583+0000] {spark_submit.py:579} INFO - 24/09/01 06:33:10 INFO SparkContext: Added file file:///home/airflow/.ivy2/jars/org.checkerframework_checker-qual-3.5.0.jar at file:///home/airflow/.ivy2/jars/org.checkerframework_checker-qual-3.5.0.jar with timestamp 1725172369389
[2024-09-01T06:33:10.590+0000] {spark_submit.py:579} INFO - 24/09/01 06:33:10 INFO Utils: Copying /home/airflow/.ivy2/jars/org.checkerframework_checker-qual-3.5.0.jar to /tmp/spark-723fa755-2c2c-4b44-921a-4212d4dad831/userFiles-a1f064a1-c7ee-4051-9ffb-fa63614f9b35/org.checkerframework_checker-qual-3.5.0.jar
[2024-09-01T06:33:11.814+0000] {spark_submit.py:579} INFO - 24/09/01 06:33:11 INFO Executor: Starting executor ID driver on host dataeng-airflow-scheduler
[2024-09-01T06:33:11.889+0000] {spark_submit.py:579} INFO - 24/09/01 06:33:11 INFO Executor: Starting executor with user classpath (userClassPathFirst = false): ''
[2024-09-01T06:33:12.117+0000] {spark_submit.py:579} INFO - 24/09/01 06:33:12 INFO Executor: Fetching file:///home/airflow/.ivy2/jars/org.postgresql_postgresql-42.2.18.jar with timestamp 1725172369389
[2024-09-01T06:33:12.300+0000] {spark_submit.py:579} INFO - 24/09/01 06:33:12 INFO Utils: /home/airflow/.ivy2/jars/org.postgresql_postgresql-42.2.18.jar has been previously copied to /tmp/spark-723fa755-2c2c-4b44-921a-4212d4dad831/userFiles-a1f064a1-c7ee-4051-9ffb-fa63614f9b35/org.postgresql_postgresql-42.2.18.jar
[2024-09-01T06:33:12.385+0000] {spark_submit.py:579} INFO - 24/09/01 06:33:12 INFO Executor: Fetching file:///home/airflow/.ivy2/jars/org.checkerframework_checker-qual-3.5.0.jar with timestamp 1725172369389
[2024-09-01T06:33:12.427+0000] {spark_submit.py:579} INFO - 24/09/01 06:33:12 INFO Utils: /home/airflow/.ivy2/jars/org.checkerframework_checker-qual-3.5.0.jar has been previously copied to /tmp/spark-723fa755-2c2c-4b44-921a-4212d4dad831/userFiles-a1f064a1-c7ee-4051-9ffb-fa63614f9b35/org.checkerframework_checker-qual-3.5.0.jar
[2024-09-01T06:33:12.482+0000] {spark_submit.py:579} INFO - 24/09/01 06:33:12 INFO Executor: Fetching spark://dataeng-airflow-scheduler:35865/jars/org.checkerframework_checker-qual-3.5.0.jar with timestamp 1725172369389
[2024-09-01T06:33:12.844+0000] {spark_submit.py:579} INFO - 24/09/01 06:33:12 INFO TransportClientFactory: Successfully created connection to dataeng-airflow-scheduler/172.18.0.4:35865 after 238 ms (0 ms spent in bootstraps)
[2024-09-01T06:33:12.880+0000] {spark_submit.py:579} INFO - 24/09/01 06:33:12 INFO Utils: Fetching spark://dataeng-airflow-scheduler:35865/jars/org.checkerframework_checker-qual-3.5.0.jar to /tmp/spark-723fa755-2c2c-4b44-921a-4212d4dad831/userFiles-a1f064a1-c7ee-4051-9ffb-fa63614f9b35/fetchFileTemp13636655187026849189.tmp
[2024-09-01T06:33:13.288+0000] {spark_submit.py:579} INFO - 24/09/01 06:33:13 INFO Utils: /tmp/spark-723fa755-2c2c-4b44-921a-4212d4dad831/userFiles-a1f064a1-c7ee-4051-9ffb-fa63614f9b35/fetchFileTemp13636655187026849189.tmp has been previously copied to /tmp/spark-723fa755-2c2c-4b44-921a-4212d4dad831/userFiles-a1f064a1-c7ee-4051-9ffb-fa63614f9b35/org.checkerframework_checker-qual-3.5.0.jar
[2024-09-01T06:33:13.403+0000] {spark_submit.py:579} INFO - 24/09/01 06:33:13 INFO Executor: Adding file:/tmp/spark-723fa755-2c2c-4b44-921a-4212d4dad831/userFiles-a1f064a1-c7ee-4051-9ffb-fa63614f9b35/org.checkerframework_checker-qual-3.5.0.jar to class loader
[2024-09-01T06:33:13.469+0000] {spark_submit.py:579} INFO - 24/09/01 06:33:13 INFO Executor: Fetching spark://dataeng-airflow-scheduler:35865/jars/org.postgresql_postgresql-42.2.18.jar with timestamp 1725172369389
[2024-09-01T06:33:13.489+0000] {spark_submit.py:579} INFO - 24/09/01 06:33:13 INFO Utils: Fetching spark://dataeng-airflow-scheduler:35865/jars/org.postgresql_postgresql-42.2.18.jar to /tmp/spark-723fa755-2c2c-4b44-921a-4212d4dad831/userFiles-a1f064a1-c7ee-4051-9ffb-fa63614f9b35/fetchFileTemp5609201962561652137.tmp
[2024-09-01T06:33:13.591+0000] {spark_submit.py:579} INFO - 24/09/01 06:33:13 INFO Utils: /tmp/spark-723fa755-2c2c-4b44-921a-4212d4dad831/userFiles-a1f064a1-c7ee-4051-9ffb-fa63614f9b35/fetchFileTemp5609201962561652137.tmp has been previously copied to /tmp/spark-723fa755-2c2c-4b44-921a-4212d4dad831/userFiles-a1f064a1-c7ee-4051-9ffb-fa63614f9b35/org.postgresql_postgresql-42.2.18.jar
[2024-09-01T06:33:13.650+0000] {spark_submit.py:579} INFO - 24/09/01 06:33:13 INFO Executor: Adding file:/tmp/spark-723fa755-2c2c-4b44-921a-4212d4dad831/userFiles-a1f064a1-c7ee-4051-9ffb-fa63614f9b35/org.postgresql_postgresql-42.2.18.jar to class loader
[2024-09-01T06:33:13.691+0000] {spark_submit.py:579} INFO - 24/09/01 06:33:13 INFO Utils: Successfully started service 'org.apache.spark.network.netty.NettyBlockTransferService' on port 39385.
[2024-09-01T06:33:13.694+0000] {spark_submit.py:579} INFO - 24/09/01 06:33:13 INFO NettyBlockTransferService: Server created on dataeng-airflow-scheduler:39385
[2024-09-01T06:33:13.721+0000] {spark_submit.py:579} INFO - 24/09/01 06:33:13 INFO BlockManager: Using org.apache.spark.storage.RandomBlockReplicationPolicy for block replication policy
[2024-09-01T06:33:13.831+0000] {spark_submit.py:579} INFO - 24/09/01 06:33:13 INFO BlockManagerMaster: Registering BlockManager BlockManagerId(driver, dataeng-airflow-scheduler, 39385, None)
[2024-09-01T06:33:13.920+0000] {spark_submit.py:579} INFO - 24/09/01 06:33:13 INFO BlockManagerMasterEndpoint: Registering block manager dataeng-airflow-scheduler:39385 with 434.4 MiB RAM, BlockManagerId(driver, dataeng-airflow-scheduler, 39385, None)
[2024-09-01T06:33:13.966+0000] {spark_submit.py:579} INFO - 24/09/01 06:33:13 INFO BlockManagerMaster: Registered BlockManager BlockManagerId(driver, dataeng-airflow-scheduler, 39385, None)
[2024-09-01T06:33:13.981+0000] {spark_submit.py:579} INFO - 24/09/01 06:33:13 INFO BlockManager: Initialized BlockManager: BlockManagerId(driver, dataeng-airflow-scheduler, 39385, None)
[2024-09-01T06:33:28.912+0000] {spark_submit.py:579} INFO - SparkSession created successfully.
[2024-09-01T06:33:29.003+0000] {spark_submit.py:579} INFO - jdbc:postgresql://dataeng-postgres/postgres_db
[2024-09-01T06:33:29.009+0000] {spark_submit.py:579} INFO - {'user': 'user', '***': '***', 'driver': 'org.postgresql.Driver', 'stringtype': 'unspecified'}
[2024-09-01T06:33:45.544+0000] {spark_submit.py:579} INFO - Error processing data: An error occurred while calling o30.jdbc.
[2024-09-01T06:33:45.623+0000] {spark_submit.py:579} INFO - : org.postgresql.util.PSQLException: ERROR: relation "public.retail" does not exist
[2024-09-01T06:33:45.689+0000] {spark_submit.py:579} INFO - Position: 15
[2024-09-01T06:33:45.709+0000] {spark_submit.py:579} INFO - at org.postgresql.core.v3.QueryExecutorImpl.receiveErrorResponse(QueryExecutorImpl.java:2553)
[2024-09-01T06:33:45.710+0000] {spark_submit.py:579} INFO - at org.postgresql.core.v3.QueryExecutorImpl.processResults(QueryExecutorImpl.java:2285)
[2024-09-01T06:33:45.712+0000] {spark_submit.py:579} INFO - at org.postgresql.core.v3.QueryExecutorImpl.execute(QueryExecutorImpl.java:323)
[2024-09-01T06:33:45.725+0000] {spark_submit.py:579} INFO - at org.postgresql.jdbc.PgStatement.executeInternal(PgStatement.java:473)
[2024-09-01T06:33:45.726+0000] {spark_submit.py:579} INFO - at org.postgresql.jdbc.PgStatement.execute(PgStatement.java:393)
[2024-09-01T06:33:45.727+0000] {spark_submit.py:579} INFO - at org.postgresql.jdbc.PgPreparedStatement.executeWithFlags(PgPreparedStatement.java:164)
[2024-09-01T06:33:45.728+0000] {spark_submit.py:579} INFO - at org.postgresql.jdbc.PgPreparedStatement.executeQuery(PgPreparedStatement.java:114)
[2024-09-01T06:33:45.729+0000] {spark_submit.py:579} INFO - at org.apache.spark.sql.execution.datasources.jdbc.JDBCRDD$.getQueryOutputSchema(JDBCRDD.scala:68)
[2024-09-01T06:33:45.739+0000] {spark_submit.py:579} INFO - at org.apache.spark.sql.execution.datasources.jdbc.JDBCRDD$.resolveTable(JDBCRDD.scala:58)
[2024-09-01T06:33:45.741+0000] {spark_submit.py:579} INFO - at org.apache.spark.sql.execution.datasources.jdbc.JDBCRelation$.getSchema(JDBCRelation.scala:242)
[2024-09-01T06:33:45.743+0000] {spark_submit.py:579} INFO - at org.apache.spark.sql.execution.datasources.jdbc.JdbcRelationProvider.createRelation(JdbcRelationProvider.scala:37)
[2024-09-01T06:33:45.757+0000] {spark_submit.py:579} INFO - at org.apache.spark.sql.execution.datasources.DataSource.resolveRelation(DataSource.scala:350)
[2024-09-01T06:33:45.759+0000] {spark_submit.py:579} INFO - at org.apache.spark.sql.DataFrameReader.loadV1Source(DataFrameReader.scala:228)
[2024-09-01T06:33:45.760+0000] {spark_submit.py:579} INFO - at org.apache.spark.sql.DataFrameReader.$anonfun$load$2(DataFrameReader.scala:210)
[2024-09-01T06:33:45.761+0000] {spark_submit.py:579} INFO - at scala.Option.getOrElse(Option.scala:189)
[2024-09-01T06:33:45.762+0000] {spark_submit.py:579} INFO - at org.apache.spark.sql.DataFrameReader.load(DataFrameReader.scala:210)
[2024-09-01T06:33:45.777+0000] {spark_submit.py:579} INFO - at org.apache.spark.sql.DataFrameReader.load(DataFrameReader.scala:171)
[2024-09-01T06:33:45.793+0000] {spark_submit.py:579} INFO - at org.apache.spark.sql.DataFrameReader.jdbc(DataFrameReader.scala:248)
[2024-09-01T06:33:45.822+0000] {spark_submit.py:579} INFO - at java.base/jdk.internal.reflect.NativeMethodAccessorImpl.invoke0(Native Method)
[2024-09-01T06:33:45.829+0000] {spark_submit.py:579} INFO - at java.base/jdk.internal.reflect.NativeMethodAccessorImpl.invoke(NativeMethodAccessorImpl.java:77)
[2024-09-01T06:33:45.839+0000] {spark_submit.py:579} INFO - at java.base/jdk.internal.reflect.DelegatingMethodAccessorImpl.invoke(DelegatingMethodAccessorImpl.java:43)
[2024-09-01T06:33:45.858+0000] {spark_submit.py:579} INFO - at java.base/java.lang.reflect.Method.invoke(Method.java:569)
[2024-09-01T06:33:45.876+0000] {spark_submit.py:579} INFO - at py4j.reflection.MethodInvoker.invoke(MethodInvoker.java:244)
[2024-09-01T06:33:45.896+0000] {spark_submit.py:579} INFO - at py4j.reflection.ReflectionEngine.invoke(ReflectionEngine.java:357)
[2024-09-01T06:33:45.912+0000] {spark_submit.py:579} INFO - at py4j.Gateway.invoke(Gateway.java:282)
[2024-09-01T06:33:45.913+0000] {spark_submit.py:579} INFO - at py4j.commands.AbstractCommand.invokeMethod(AbstractCommand.java:132)
[2024-09-01T06:33:45.922+0000] {spark_submit.py:579} INFO - at py4j.commands.CallCommand.execute(CallCommand.java:79)
[2024-09-01T06:33:45.930+0000] {spark_submit.py:579} INFO - at py4j.ClientServerConnection.waitForCommands(ClientServerConnection.java:182)
[2024-09-01T06:33:45.937+0000] {spark_submit.py:579} INFO - at py4j.ClientServerConnection.run(ClientServerConnection.java:106)
[2024-09-01T06:33:45.938+0000] {spark_submit.py:579} INFO - at java.base/java.lang.Thread.run(Thread.java:840)
[2024-09-01T06:33:45.941+0000] {spark_submit.py:579} INFO - 
[2024-09-01T06:33:46.259+0000] {spark_submit.py:579} INFO - Spark session stopped successfully.
[2024-09-01T06:33:46.307+0000] {spark_submit.py:579} INFO - Traceback (most recent call last):
[2024-09-01T06:33:46.310+0000] {spark_submit.py:579} INFO - File "/spark-scripts/spark-retail-analysis.py", line 49, in <module>
[2024-09-01T06:33:46.348+0000] {spark_submit.py:579} INFO - retail_df = spark.read.jdbc(
[2024-09-01T06:33:46.392+0000] {spark_submit.py:579} INFO - File "/home/airflow/.local/lib/python3.9/site-packages/pyspark/python/lib/pyspark.zip/pyspark/sql/readwriter.py", line 716, in jdbc
[2024-09-01T06:33:46.505+0000] {spark_submit.py:579} INFO - File "/home/airflow/.local/lib/python3.9/site-packages/pyspark/python/lib/py4j-0.10.9.5-src.zip/py4j/java_gateway.py", line 1321, in __call__
[2024-09-01T06:33:46.563+0000] {spark_submit.py:579} INFO - File "/home/airflow/.local/lib/python3.9/site-packages/pyspark/python/lib/pyspark.zip/pyspark/sql/utils.py", line 190, in deco
[2024-09-01T06:33:46.619+0000] {spark_submit.py:579} INFO - File "/home/airflow/.local/lib/python3.9/site-packages/pyspark/python/lib/py4j-0.10.9.5-src.zip/py4j/protocol.py", line 326, in get_return_value
[2024-09-01T06:33:46.636+0000] {spark_submit.py:579} INFO - py4j.protocol.Py4JJavaError: An error occurred while calling o30.jdbc.
[2024-09-01T06:33:46.646+0000] {spark_submit.py:579} INFO - : org.postgresql.util.PSQLException: ERROR: relation "public.retail" does not exist
[2024-09-01T06:33:46.663+0000] {spark_submit.py:579} INFO - Position: 15
[2024-09-01T06:33:46.722+0000] {spark_submit.py:579} INFO - at org.postgresql.core.v3.QueryExecutorImpl.receiveErrorResponse(QueryExecutorImpl.java:2553)
[2024-09-01T06:33:46.743+0000] {spark_submit.py:579} INFO - at org.postgresql.core.v3.QueryExecutorImpl.processResults(QueryExecutorImpl.java:2285)
[2024-09-01T06:33:46.745+0000] {spark_submit.py:579} INFO - at org.postgresql.core.v3.QueryExecutorImpl.execute(QueryExecutorImpl.java:323)
[2024-09-01T06:33:46.746+0000] {spark_submit.py:579} INFO - at org.postgresql.jdbc.PgStatement.executeInternal(PgStatement.java:473)
[2024-09-01T06:33:46.782+0000] {spark_submit.py:579} INFO - at org.postgresql.jdbc.PgStatement.execute(PgStatement.java:393)
[2024-09-01T06:33:46.820+0000] {spark_submit.py:579} INFO - at org.postgresql.jdbc.PgPreparedStatement.executeWithFlags(PgPreparedStatement.java:164)
[2024-09-01T06:33:46.829+0000] {spark_submit.py:579} INFO - at org.postgresql.jdbc.PgPreparedStatement.executeQuery(PgPreparedStatement.java:114)
[2024-09-01T06:33:46.841+0000] {spark_submit.py:579} INFO - at org.apache.spark.sql.execution.datasources.jdbc.JDBCRDD$.getQueryOutputSchema(JDBCRDD.scala:68)
[2024-09-01T06:33:46.842+0000] {spark_submit.py:579} INFO - at org.apache.spark.sql.execution.datasources.jdbc.JDBCRDD$.resolveTable(JDBCRDD.scala:58)
[2024-09-01T06:33:46.844+0000] {spark_submit.py:579} INFO - at org.apache.spark.sql.execution.datasources.jdbc.JDBCRelation$.getSchema(JDBCRelation.scala:242)
[2024-09-01T06:33:46.846+0000] {spark_submit.py:579} INFO - at org.apache.spark.sql.execution.datasources.jdbc.JdbcRelationProvider.createRelation(JdbcRelationProvider.scala:37)
[2024-09-01T06:33:46.878+0000] {spark_submit.py:579} INFO - at org.apache.spark.sql.execution.datasources.DataSource.resolveRelation(DataSource.scala:350)
[2024-09-01T06:33:46.892+0000] {spark_submit.py:579} INFO - at org.apache.spark.sql.DataFrameReader.loadV1Source(DataFrameReader.scala:228)
[2024-09-01T06:33:46.921+0000] {spark_submit.py:579} INFO - at org.apache.spark.sql.DataFrameReader.$anonfun$load$2(DataFrameReader.scala:210)
[2024-09-01T06:33:46.929+0000] {spark_submit.py:579} INFO - at scala.Option.getOrElse(Option.scala:189)
[2024-09-01T06:33:46.937+0000] {spark_submit.py:579} INFO - at org.apache.spark.sql.DataFrameReader.load(DataFrameReader.scala:210)
[2024-09-01T06:33:46.938+0000] {spark_submit.py:579} INFO - at org.apache.spark.sql.DataFrameReader.load(DataFrameReader.scala:171)
[2024-09-01T06:33:46.939+0000] {spark_submit.py:579} INFO - at org.apache.spark.sql.DataFrameReader.jdbc(DataFrameReader.scala:248)
[2024-09-01T06:33:46.940+0000] {spark_submit.py:579} INFO - at java.base/jdk.internal.reflect.NativeMethodAccessorImpl.invoke0(Native Method)
[2024-09-01T06:33:46.945+0000] {spark_submit.py:579} INFO - at java.base/jdk.internal.reflect.NativeMethodAccessorImpl.invoke(NativeMethodAccessorImpl.java:77)
[2024-09-01T06:33:46.954+0000] {spark_submit.py:579} INFO - at java.base/jdk.internal.reflect.DelegatingMethodAccessorImpl.invoke(DelegatingMethodAccessorImpl.java:43)
[2024-09-01T06:33:46.956+0000] {spark_submit.py:579} INFO - at java.base/java.lang.reflect.Method.invoke(Method.java:569)
[2024-09-01T06:33:47.072+0000] {spark_submit.py:579} INFO - at py4j.reflection.MethodInvoker.invoke(MethodInvoker.java:244)
[2024-09-01T06:33:47.100+0000] {spark_submit.py:579} INFO - at py4j.reflection.ReflectionEngine.invoke(ReflectionEngine.java:357)
[2024-09-01T06:33:47.116+0000] {spark_submit.py:579} INFO - at py4j.Gateway.invoke(Gateway.java:282)
[2024-09-01T06:33:47.186+0000] {spark_submit.py:579} INFO - at py4j.commands.AbstractCommand.invokeMethod(AbstractCommand.java:132)
[2024-09-01T06:33:47.201+0000] {spark_submit.py:579} INFO - at py4j.commands.CallCommand.execute(CallCommand.java:79)
[2024-09-01T06:33:47.217+0000] {spark_submit.py:579} INFO - at py4j.ClientServerConnection.waitForCommands(ClientServerConnection.java:182)
[2024-09-01T06:33:47.233+0000] {spark_submit.py:579} INFO - at py4j.ClientServerConnection.run(ClientServerConnection.java:106)
[2024-09-01T06:33:47.266+0000] {spark_submit.py:579} INFO - at java.base/java.lang.Thread.run(Thread.java:840)
[2024-09-01T06:33:47.308+0000] {spark_submit.py:579} INFO - 
[2024-09-01T06:33:47.826+0000] {taskinstance.py:2728} ERROR - Task failed with exception
Traceback (most recent call last):
  File "/home/airflow/.local/lib/python3.9/site-packages/airflow/models/taskinstance.py", line 444, in _execute_task
    result = _execute_callable(context=context, **execute_callable_kwargs)
  File "/home/airflow/.local/lib/python3.9/site-packages/airflow/models/taskinstance.py", line 414, in _execute_callable
    return execute_callable(context=context, **execute_callable_kwargs)
  File "/home/airflow/.local/lib/python3.9/site-packages/airflow/providers/apache/spark/operators/spark_submit.py", line 174, in execute
    self._hook.submit(self.application)
  File "/home/airflow/.local/lib/python3.9/site-packages/airflow/providers/apache/spark/hooks/spark_submit.py", line 505, in submit
    raise AirflowException(
airflow.exceptions.AirflowException: Cannot execute: spark-submit --master spark://dataeng-spark-master:7077 --packages org.postgresql:postgresql:42.2.18 --name arrow-spark /spark-scripts/spark-retail-analysis.py. Error code is: 1.
[2024-09-01T06:33:47.860+0000] {taskinstance.py:1149} INFO - Marking task as FAILED. dag_id=spark_retail_analysis_dag, task_id=spark_retail_analysis_task, execution_date=20240901T063109, start_date=20240901T063128, end_date=20240901T063347
[2024-09-01T06:33:48.103+0000] {standard_task_runner.py:107} ERROR - Failed to execute job 70 for task spark_retail_analysis_task (Cannot execute: spark-submit --master spark://dataeng-spark-master:7077 --packages org.postgresql:postgresql:42.2.18 --name arrow-spark /spark-scripts/spark-retail-analysis.py. Error code is: 1.; 6183)
[2024-09-01T06:33:48.507+0000] {local_task_job_runner.py:234} INFO - Task exited with return code 1
[2024-09-01T06:33:48.624+0000] {taskinstance.py:3309} INFO - 0 downstream tasks scheduled from follow-on schedule check
