[2024-08-31T17:42:24.528+0000] {taskinstance.py:1979} INFO - Dependencies all met for dep_context=non-requeueable deps ti=<TaskInstance: spark_retail_analysis_dag.spark_retail_analysis_task manual__2024-08-31T17:42:16.951769+00:00 [queued]>
[2024-08-31T17:42:24.563+0000] {taskinstance.py:1979} INFO - Dependencies all met for dep_context=requeueable deps ti=<TaskInstance: spark_retail_analysis_dag.spark_retail_analysis_task manual__2024-08-31T17:42:16.951769+00:00 [queued]>
[2024-08-31T17:42:24.564+0000] {taskinstance.py:2193} INFO - Starting attempt 1 of 1
[2024-08-31T17:42:24.606+0000] {taskinstance.py:2214} INFO - Executing <Task(SparkSubmitOperator): spark_retail_analysis_task> on 2024-08-31 17:42:16.951769+00:00
[2024-08-31T17:42:24.635+0000] {standard_task_runner.py:60} INFO - Started process 14360 to run task
[2024-08-31T17:42:24.649+0000] {standard_task_runner.py:87} INFO - Running: ['airflow', 'tasks', 'run', 'spark_retail_analysis_dag', 'spark_retail_analysis_task', 'manual__2024-08-31T17:42:16.951769+00:00', '--job-id', '51', '--raw', '--subdir', 'DAGS_FOLDER/spark_retail_analysis_dag.py', '--cfg-path', '/tmp/tmpb3f_w6av']
[2024-08-31T17:42:24.671+0000] {standard_task_runner.py:88} INFO - Job 51: Subtask spark_retail_analysis_task
[2024-08-31T17:42:24.841+0000] {logging_mixin.py:188} WARNING - /home/airflow/.local/lib/python3.9/site-packages/airflow/settings.py:194 DeprecationWarning: The sql_alchemy_conn option in [core] has been moved to the sql_alchemy_conn option in [database] - the old setting has been used, but please update your config.
[2024-08-31T17:42:24.903+0000] {task_command.py:423} INFO - Running <TaskInstance: spark_retail_analysis_dag.spark_retail_analysis_task manual__2024-08-31T17:42:16.951769+00:00 [running]> on host dataeng-airflow-scheduler
[2024-08-31T17:42:25.123+0000] {taskinstance.py:2510} INFO - Exporting env vars: AIRFLOW_CTX_DAG_OWNER='dibimbing' AIRFLOW_CTX_DAG_ID='spark_retail_analysis_dag' AIRFLOW_CTX_TASK_ID='spark_retail_analysis_task' AIRFLOW_CTX_EXECUTION_DATE='2024-08-31T17:42:16.951769+00:00' AIRFLOW_CTX_TRY_NUMBER='1' AIRFLOW_CTX_DAG_RUN_ID='manual__2024-08-31T17:42:16.951769+00:00'
[2024-08-31T17:42:25.156+0000] {base.py:83} INFO - Using connection ID 'spark_main' for task execution.
[2024-08-31T17:42:25.159+0000] {spark_submit.py:403} INFO - Spark-Submit cmd: spark-submit --master spark://dataeng-spark-master:7077 --conf spark.executor.memory=2g --conf spark.driver.memory=1g --conf spark.jars=/opt/bitnami/spark/jars/postgresql-42.2.18.jar --name Dibimbing /spark-scripts/spark-retail-analysis.py --master spark://dibimbing-dataeng-spark-master:7077 --jars /opt/bitnami/spark/jars/postgresql-42.2.18.jar
[2024-08-31T17:42:34.962+0000] {spark_submit.py:579} INFO - 24/08/31 17:42:34 WARN NativeCodeLoader: Unable to load native-hadoop library for your platform... using builtin-java classes where applicable
[2024-08-31T17:42:35.738+0000] {spark_submit.py:579} INFO - 24/08/31 17:42:35 WARN DependencyUtils: Local jar /opt/bitnami/spark/jars/postgresql-42.2.18.jar does not exist, skipping.
[2024-08-31T17:42:38.407+0000] {spark_submit.py:579} INFO - 24/08/31 17:42:38 INFO SparkContext: Running Spark version 3.3.2
[2024-08-31T17:42:38.479+0000] {spark_submit.py:579} INFO - 24/08/31 17:42:38 INFO ResourceUtils: ==============================================================
[2024-08-31T17:42:38.482+0000] {spark_submit.py:579} INFO - 24/08/31 17:42:38 INFO ResourceUtils: No custom resources configured for spark.driver.
[2024-08-31T17:42:38.483+0000] {spark_submit.py:579} INFO - 24/08/31 17:42:38 INFO ResourceUtils: ==============================================================
[2024-08-31T17:42:38.483+0000] {spark_submit.py:579} INFO - 24/08/31 17:42:38 INFO SparkContext: Submitted application: Dibimbing
[2024-08-31T17:42:38.538+0000] {spark_submit.py:579} INFO - 24/08/31 17:42:38 INFO ResourceProfile: Default ResourceProfile created, executor resources: Map(cores -> name: cores, amount: 1, script: , vendor: , memory -> name: memory, amount: 2048, script: , vendor: , offHeap -> name: offHeap, amount: 0, script: , vendor: ), task resources: Map(cpus -> name: cpus, amount: 1.0)
[2024-08-31T17:42:38.553+0000] {spark_submit.py:579} INFO - 24/08/31 17:42:38 INFO ResourceProfile: Limiting resource is cpu
[2024-08-31T17:42:38.554+0000] {spark_submit.py:579} INFO - 24/08/31 17:42:38 INFO ResourceProfileManager: Added ResourceProfile id: 0
[2024-08-31T17:42:38.886+0000] {spark_submit.py:579} INFO - 24/08/31 17:42:38 INFO SecurityManager: Changing view acls to: airflow
[2024-08-31T17:42:38.899+0000] {spark_submit.py:579} INFO - 24/08/31 17:42:38 INFO SecurityManager: Changing modify acls to: airflow
[2024-08-31T17:42:38.900+0000] {spark_submit.py:579} INFO - 24/08/31 17:42:38 INFO SecurityManager: Changing view acls groups to:
[2024-08-31T17:42:38.900+0000] {spark_submit.py:579} INFO - 24/08/31 17:42:38 INFO SecurityManager: Changing modify acls groups to:
[2024-08-31T17:42:38.902+0000] {spark_submit.py:579} INFO - 24/08/31 17:42:38 INFO SecurityManager: SecurityManager: authentication disabled; ui acls disabled; users  with view permissions: Set(airflow); groups with view permissions: Set(); users  with modify permissions: Set(airflow); groups with modify permissions: Set()
[2024-08-31T17:42:40.448+0000] {spark_submit.py:579} INFO - 24/08/31 17:42:40 INFO Utils: Successfully started service 'sparkDriver' on port 38337.
[2024-08-31T17:42:40.589+0000] {spark_submit.py:579} INFO - 24/08/31 17:42:40 INFO SparkEnv: Registering MapOutputTracker
[2024-08-31T17:42:40.836+0000] {spark_submit.py:579} INFO - 24/08/31 17:42:40 INFO SparkEnv: Registering BlockManagerMaster
[2024-08-31T17:42:40.893+0000] {spark_submit.py:579} INFO - 24/08/31 17:42:40 INFO BlockManagerMasterEndpoint: Using org.apache.spark.storage.DefaultTopologyMapper for getting topology information
[2024-08-31T17:42:40.897+0000] {spark_submit.py:579} INFO - 24/08/31 17:42:40 INFO BlockManagerMasterEndpoint: BlockManagerMasterEndpoint up
[2024-08-31T17:42:40.903+0000] {spark_submit.py:579} INFO - 24/08/31 17:42:40 INFO SparkEnv: Registering BlockManagerMasterHeartbeat
[2024-08-31T17:42:40.965+0000] {spark_submit.py:579} INFO - 24/08/31 17:42:40 INFO DiskBlockManager: Created local directory at /tmp/blockmgr-8487a71b-d08e-469d-854b-b321e69a1611
[2024-08-31T17:42:40.996+0000] {spark_submit.py:579} INFO - 24/08/31 17:42:40 INFO MemoryStore: MemoryStore started with capacity 434.4 MiB
[2024-08-31T17:42:41.036+0000] {spark_submit.py:579} INFO - 24/08/31 17:42:41 INFO SparkEnv: Registering OutputCommitCoordinator
[2024-08-31T17:42:41.503+0000] {spark_submit.py:579} INFO - 24/08/31 17:42:41 INFO Utils: Successfully started service 'SparkUI' on port 4040.
[2024-08-31T17:42:41.598+0000] {spark_submit.py:579} INFO - 24/08/31 17:42:41 ERROR SparkContext: Failed to add /opt/bitnami/spark/jars/postgresql-42.2.18.jar to Spark environment
[2024-08-31T17:42:41.599+0000] {spark_submit.py:579} INFO - java.io.FileNotFoundException: Jar /opt/bitnami/spark/jars/postgresql-42.2.18.jar not found
[2024-08-31T17:42:41.600+0000] {spark_submit.py:579} INFO - at org.apache.spark.SparkContext.addLocalJarFile$1(SparkContext.scala:1959)
[2024-08-31T17:42:41.600+0000] {spark_submit.py:579} INFO - at org.apache.spark.SparkContext.addJar(SparkContext.scala:2014)
[2024-08-31T17:42:41.601+0000] {spark_submit.py:579} INFO - at org.apache.spark.SparkContext.$anonfun$new$12(SparkContext.scala:507)
[2024-08-31T17:42:41.601+0000] {spark_submit.py:579} INFO - at org.apache.spark.SparkContext.$anonfun$new$12$adapted(SparkContext.scala:507)
[2024-08-31T17:42:41.602+0000] {spark_submit.py:579} INFO - at scala.collection.mutable.ResizableArray.foreach(ResizableArray.scala:62)
[2024-08-31T17:42:41.602+0000] {spark_submit.py:579} INFO - at scala.collection.mutable.ResizableArray.foreach$(ResizableArray.scala:55)
[2024-08-31T17:42:41.603+0000] {spark_submit.py:579} INFO - at scala.collection.mutable.ArrayBuffer.foreach(ArrayBuffer.scala:49)
[2024-08-31T17:42:41.603+0000] {spark_submit.py:579} INFO - at org.apache.spark.SparkContext.<init>(SparkContext.scala:507)
[2024-08-31T17:42:41.604+0000] {spark_submit.py:579} INFO - at org.apache.spark.api.java.JavaSparkContext.<init>(JavaSparkContext.scala:58)
[2024-08-31T17:42:41.604+0000] {spark_submit.py:579} INFO - at java.base/jdk.internal.reflect.NativeConstructorAccessorImpl.newInstance0(Native Method)
[2024-08-31T17:42:41.615+0000] {spark_submit.py:579} INFO - at java.base/jdk.internal.reflect.NativeConstructorAccessorImpl.newInstance(NativeConstructorAccessorImpl.java:77)
[2024-08-31T17:42:41.615+0000] {spark_submit.py:579} INFO - at java.base/jdk.internal.reflect.DelegatingConstructorAccessorImpl.newInstance(DelegatingConstructorAccessorImpl.java:45)
[2024-08-31T17:42:41.616+0000] {spark_submit.py:579} INFO - at java.base/java.lang.reflect.Constructor.newInstanceWithCaller(Constructor.java:500)
[2024-08-31T17:42:41.616+0000] {spark_submit.py:579} INFO - at java.base/java.lang.reflect.Constructor.newInstance(Constructor.java:481)
[2024-08-31T17:42:41.617+0000] {spark_submit.py:579} INFO - at py4j.reflection.MethodInvoker.invoke(MethodInvoker.java:247)
[2024-08-31T17:42:41.617+0000] {spark_submit.py:579} INFO - at py4j.reflection.ReflectionEngine.invoke(ReflectionEngine.java:357)
[2024-08-31T17:42:41.618+0000] {spark_submit.py:579} INFO - at py4j.Gateway.invoke(Gateway.java:238)
[2024-08-31T17:42:41.622+0000] {spark_submit.py:579} INFO - at py4j.commands.ConstructorCommand.invokeConstructor(ConstructorCommand.java:80)
[2024-08-31T17:42:41.650+0000] {spark_submit.py:579} INFO - at py4j.commands.ConstructorCommand.execute(ConstructorCommand.java:69)
[2024-08-31T17:42:41.652+0000] {spark_submit.py:579} INFO - at py4j.ClientServerConnection.waitForCommands(ClientServerConnection.java:182)
[2024-08-31T17:42:41.668+0000] {spark_submit.py:579} INFO - at py4j.ClientServerConnection.run(ClientServerConnection.java:106)
[2024-08-31T17:42:41.673+0000] {spark_submit.py:579} INFO - at java.base/java.lang.Thread.run(Thread.java:840)
[2024-08-31T17:42:41.966+0000] {spark_submit.py:579} INFO - 24/08/31 17:42:41 INFO StandaloneAppClient$ClientEndpoint: Connecting to master spark://dibimbing-dataeng-spark-master:7077...
[2024-08-31T17:42:43.368+0000] {spark_submit.py:579} INFO - 24/08/31 17:42:43 WARN StandaloneAppClient$ClientEndpoint: Failed to connect to master dibimbing-dataeng-spark-master:7077
[2024-08-31T17:42:43.369+0000] {spark_submit.py:579} INFO - org.apache.spark.SparkException: Exception thrown in awaitResult:
[2024-08-31T17:42:43.370+0000] {spark_submit.py:579} INFO - at org.apache.spark.util.ThreadUtils$.awaitResult(ThreadUtils.scala:301)
[2024-08-31T17:42:43.371+0000] {spark_submit.py:579} INFO - at org.apache.spark.rpc.RpcTimeout.awaitResult(RpcTimeout.scala:75)
[2024-08-31T17:42:43.371+0000] {spark_submit.py:579} INFO - at org.apache.spark.rpc.RpcEnv.setupEndpointRefByURI(RpcEnv.scala:102)
[2024-08-31T17:42:43.372+0000] {spark_submit.py:579} INFO - at org.apache.spark.rpc.RpcEnv.setupEndpointRef(RpcEnv.scala:110)
[2024-08-31T17:42:43.372+0000] {spark_submit.py:579} INFO - at org.apache.spark.deploy.client.StandaloneAppClient$ClientEndpoint$$anon$1.run(StandaloneAppClient.scala:107)
[2024-08-31T17:42:43.373+0000] {spark_submit.py:579} INFO - at java.base/java.util.concurrent.Executors$RunnableAdapter.call(Executors.java:539)
[2024-08-31T17:42:43.374+0000] {spark_submit.py:579} INFO - at java.base/java.util.concurrent.FutureTask.run(FutureTask.java:264)
[2024-08-31T17:42:43.377+0000] {spark_submit.py:579} INFO - at java.base/java.util.concurrent.ThreadPoolExecutor.runWorker(ThreadPoolExecutor.java:1136)
[2024-08-31T17:42:43.378+0000] {spark_submit.py:579} INFO - at java.base/java.util.concurrent.ThreadPoolExecutor$Worker.run(ThreadPoolExecutor.java:635)
[2024-08-31T17:42:43.380+0000] {spark_submit.py:579} INFO - at java.base/java.lang.Thread.run(Thread.java:840)
[2024-08-31T17:42:43.380+0000] {spark_submit.py:579} INFO - Caused by: java.io.IOException: Failed to connect to dibimbing-dataeng-spark-master/<unresolved>:7077
[2024-08-31T17:42:43.381+0000] {spark_submit.py:579} INFO - at org.apache.spark.network.client.TransportClientFactory.createClient(TransportClientFactory.java:288)
[2024-08-31T17:42:43.381+0000] {spark_submit.py:579} INFO - at org.apache.spark.network.client.TransportClientFactory.createClient(TransportClientFactory.java:218)
[2024-08-31T17:42:43.384+0000] {spark_submit.py:579} INFO - at org.apache.spark.network.client.TransportClientFactory.createClient(TransportClientFactory.java:230)
[2024-08-31T17:42:43.385+0000] {spark_submit.py:579} INFO - at org.apache.spark.rpc.netty.NettyRpcEnv.createClient(NettyRpcEnv.scala:204)
[2024-08-31T17:42:43.386+0000] {spark_submit.py:579} INFO - at org.apache.spark.rpc.netty.Outbox$$anon$1.call(Outbox.scala:202)
[2024-08-31T17:42:43.386+0000] {spark_submit.py:579} INFO - at org.apache.spark.rpc.netty.Outbox$$anon$1.call(Outbox.scala:198)
[2024-08-31T17:42:43.387+0000] {spark_submit.py:579} INFO - ... 4 more
[2024-08-31T17:42:43.387+0000] {spark_submit.py:579} INFO - Caused by: java.net.UnknownHostException: dibimbing-dataeng-spark-master
[2024-08-31T17:42:43.388+0000] {spark_submit.py:579} INFO - at java.base/java.net.InetAddress$CachedAddresses.get(InetAddress.java:801)
[2024-08-31T17:42:43.388+0000] {spark_submit.py:579} INFO - at java.base/java.net.InetAddress.getAllByName0(InetAddress.java:1533)
[2024-08-31T17:42:43.389+0000] {spark_submit.py:579} INFO - at java.base/java.net.InetAddress.getAllByName(InetAddress.java:1385)
[2024-08-31T17:42:43.390+0000] {spark_submit.py:579} INFO - at java.base/java.net.InetAddress.getAllByName(InetAddress.java:1306)
[2024-08-31T17:42:43.390+0000] {spark_submit.py:579} INFO - at java.base/java.net.InetAddress.getByName(InetAddress.java:1256)
[2024-08-31T17:42:43.393+0000] {spark_submit.py:579} INFO - at io.netty.util.internal.SocketUtils$8.run(SocketUtils.java:156)
[2024-08-31T17:42:43.396+0000] {spark_submit.py:579} INFO - at io.netty.util.internal.SocketUtils$8.run(SocketUtils.java:153)
[2024-08-31T17:42:43.397+0000] {spark_submit.py:579} INFO - at java.base/java.security.AccessController.doPrivileged(AccessController.java:569)
[2024-08-31T17:42:43.398+0000] {spark_submit.py:579} INFO - at io.netty.util.internal.SocketUtils.addressByName(SocketUtils.java:153)
[2024-08-31T17:42:43.399+0000] {spark_submit.py:579} INFO - at io.netty.resolver.DefaultNameResolver.doResolve(DefaultNameResolver.java:41)
[2024-08-31T17:42:43.400+0000] {spark_submit.py:579} INFO - at io.netty.resolver.SimpleNameResolver.resolve(SimpleNameResolver.java:61)
[2024-08-31T17:42:43.400+0000] {spark_submit.py:579} INFO - at io.netty.resolver.SimpleNameResolver.resolve(SimpleNameResolver.java:53)
[2024-08-31T17:42:43.401+0000] {spark_submit.py:579} INFO - at io.netty.resolver.InetSocketAddressResolver.doResolve(InetSocketAddressResolver.java:55)
[2024-08-31T17:42:43.401+0000] {spark_submit.py:579} INFO - at io.netty.resolver.InetSocketAddressResolver.doResolve(InetSocketAddressResolver.java:31)
[2024-08-31T17:42:43.402+0000] {spark_submit.py:579} INFO - at io.netty.resolver.AbstractAddressResolver.resolve(AbstractAddressResolver.java:106)
[2024-08-31T17:42:43.403+0000] {spark_submit.py:579} INFO - at io.netty.bootstrap.Bootstrap.doResolveAndConnect0(Bootstrap.java:206)
[2024-08-31T17:42:43.403+0000] {spark_submit.py:579} INFO - at io.netty.bootstrap.Bootstrap.access$000(Bootstrap.java:46)
[2024-08-31T17:42:43.404+0000] {spark_submit.py:579} INFO - at io.netty.bootstrap.Bootstrap$1.operationComplete(Bootstrap.java:180)
[2024-08-31T17:42:43.404+0000] {spark_submit.py:579} INFO - at io.netty.bootstrap.Bootstrap$1.operationComplete(Bootstrap.java:166)
[2024-08-31T17:42:43.405+0000] {spark_submit.py:579} INFO - at io.netty.util.concurrent.DefaultPromise.notifyListener0(DefaultPromise.java:578)
[2024-08-31T17:42:43.406+0000] {spark_submit.py:579} INFO - at io.netty.util.concurrent.DefaultPromise.notifyListenersNow(DefaultPromise.java:552)
[2024-08-31T17:42:43.406+0000] {spark_submit.py:579} INFO - at io.netty.util.concurrent.DefaultPromise.notifyListeners(DefaultPromise.java:491)
[2024-08-31T17:42:43.407+0000] {spark_submit.py:579} INFO - at io.netty.util.concurrent.DefaultPromise.setValue0(DefaultPromise.java:616)
[2024-08-31T17:42:43.409+0000] {spark_submit.py:579} INFO - at io.netty.util.concurrent.DefaultPromise.setSuccess0(DefaultPromise.java:605)
[2024-08-31T17:42:43.411+0000] {spark_submit.py:579} INFO - at io.netty.util.concurrent.DefaultPromise.trySuccess(DefaultPromise.java:104)
[2024-08-31T17:42:43.412+0000] {spark_submit.py:579} INFO - at io.netty.channel.DefaultChannelPromise.trySuccess(DefaultChannelPromise.java:84)
[2024-08-31T17:42:43.412+0000] {spark_submit.py:579} INFO - at io.netty.channel.AbstractChannel$AbstractUnsafe.safeSetSuccess(AbstractChannel.java:990)
[2024-08-31T17:42:43.415+0000] {spark_submit.py:579} INFO - at io.netty.channel.AbstractChannel$AbstractUnsafe.register0(AbstractChannel.java:516)
[2024-08-31T17:42:43.415+0000] {spark_submit.py:579} INFO - at io.netty.channel.AbstractChannel$AbstractUnsafe.access$200(AbstractChannel.java:429)
[2024-08-31T17:42:43.416+0000] {spark_submit.py:579} INFO - at io.netty.channel.AbstractChannel$AbstractUnsafe$1.run(AbstractChannel.java:486)
[2024-08-31T17:42:43.417+0000] {spark_submit.py:579} INFO - at io.netty.util.concurrent.AbstractEventExecutor.safeExecute(AbstractEventExecutor.java:164)
[2024-08-31T17:42:43.417+0000] {spark_submit.py:579} INFO - at io.netty.util.concurrent.SingleThreadEventExecutor.runAllTasks(SingleThreadEventExecutor.java:469)
[2024-08-31T17:42:43.418+0000] {spark_submit.py:579} INFO - at io.netty.channel.nio.NioEventLoop.run(NioEventLoop.java:503)
[2024-08-31T17:42:43.418+0000] {spark_submit.py:579} INFO - at io.netty.util.concurrent.SingleThreadEventExecutor$4.run(SingleThreadEventExecutor.java:986)
[2024-08-31T17:42:43.419+0000] {spark_submit.py:579} INFO - at io.netty.util.internal.ThreadExecutorMap$2.run(ThreadExecutorMap.java:74)
[2024-08-31T17:42:43.419+0000] {spark_submit.py:579} INFO - at io.netty.util.concurrent.FastThreadLocalRunnable.run(FastThreadLocalRunnable.java:30)
[2024-08-31T17:42:43.420+0000] {spark_submit.py:579} INFO - ... 1 more
[2024-08-31T17:43:01.964+0000] {spark_submit.py:579} INFO - 24/08/31 17:43:01 INFO StandaloneAppClient$ClientEndpoint: Connecting to master spark://dibimbing-dataeng-spark-master:7077...
[2024-08-31T17:43:03.037+0000] {spark_submit.py:579} INFO - 24/08/31 17:43:03 WARN StandaloneAppClient$ClientEndpoint: Failed to connect to master dibimbing-dataeng-spark-master:7077
[2024-08-31T17:43:03.039+0000] {spark_submit.py:579} INFO - org.apache.spark.SparkException: Exception thrown in awaitResult:
[2024-08-31T17:43:03.044+0000] {spark_submit.py:579} INFO - at org.apache.spark.util.ThreadUtils$.awaitResult(ThreadUtils.scala:301)
[2024-08-31T17:43:03.045+0000] {spark_submit.py:579} INFO - at org.apache.spark.rpc.RpcTimeout.awaitResult(RpcTimeout.scala:75)
[2024-08-31T17:43:03.045+0000] {spark_submit.py:579} INFO - at org.apache.spark.rpc.RpcEnv.setupEndpointRefByURI(RpcEnv.scala:102)
[2024-08-31T17:43:03.046+0000] {spark_submit.py:579} INFO - at org.apache.spark.rpc.RpcEnv.setupEndpointRef(RpcEnv.scala:110)
[2024-08-31T17:43:03.047+0000] {spark_submit.py:579} INFO - at org.apache.spark.deploy.client.StandaloneAppClient$ClientEndpoint$$anon$1.run(StandaloneAppClient.scala:107)
[2024-08-31T17:43:03.047+0000] {spark_submit.py:579} INFO - at java.base/java.util.concurrent.Executors$RunnableAdapter.call(Executors.java:539)
[2024-08-31T17:43:03.048+0000] {spark_submit.py:579} INFO - at java.base/java.util.concurrent.FutureTask.run(FutureTask.java:264)
[2024-08-31T17:43:03.049+0000] {spark_submit.py:579} INFO - at java.base/java.util.concurrent.ThreadPoolExecutor.runWorker(ThreadPoolExecutor.java:1136)
[2024-08-31T17:43:03.050+0000] {spark_submit.py:579} INFO - at java.base/java.util.concurrent.ThreadPoolExecutor$Worker.run(ThreadPoolExecutor.java:635)
[2024-08-31T17:43:03.050+0000] {spark_submit.py:579} INFO - at java.base/java.lang.Thread.run(Thread.java:840)
[2024-08-31T17:43:03.051+0000] {spark_submit.py:579} INFO - Caused by: java.io.IOException: Failed to connect to dibimbing-dataeng-spark-master/<unresolved>:7077
[2024-08-31T17:43:03.053+0000] {spark_submit.py:579} INFO - at org.apache.spark.network.client.TransportClientFactory.createClient(TransportClientFactory.java:288)
[2024-08-31T17:43:03.054+0000] {spark_submit.py:579} INFO - at org.apache.spark.network.client.TransportClientFactory.createClient(TransportClientFactory.java:218)
[2024-08-31T17:43:03.054+0000] {spark_submit.py:579} INFO - at org.apache.spark.network.client.TransportClientFactory.createClient(TransportClientFactory.java:230)
[2024-08-31T17:43:03.055+0000] {spark_submit.py:579} INFO - at org.apache.spark.rpc.netty.NettyRpcEnv.createClient(NettyRpcEnv.scala:204)
[2024-08-31T17:43:03.058+0000] {spark_submit.py:579} INFO - at org.apache.spark.rpc.netty.Outbox$$anon$1.call(Outbox.scala:202)
[2024-08-31T17:43:03.059+0000] {spark_submit.py:579} INFO - at org.apache.spark.rpc.netty.Outbox$$anon$1.call(Outbox.scala:198)
[2024-08-31T17:43:03.059+0000] {spark_submit.py:579} INFO - ... 4 more
[2024-08-31T17:43:03.060+0000] {spark_submit.py:579} INFO - Caused by: java.net.UnknownHostException: dibimbing-dataeng-spark-master
[2024-08-31T17:43:03.061+0000] {spark_submit.py:579} INFO - at java.base/java.net.InetAddress$CachedAddresses.get(InetAddress.java:801)
[2024-08-31T17:43:03.063+0000] {spark_submit.py:579} INFO - at java.base/java.net.InetAddress.getAllByName0(InetAddress.java:1533)
[2024-08-31T17:43:03.064+0000] {spark_submit.py:579} INFO - at java.base/java.net.InetAddress.getAllByName(InetAddress.java:1385)
[2024-08-31T17:43:03.065+0000] {spark_submit.py:579} INFO - at java.base/java.net.InetAddress.getAllByName(InetAddress.java:1306)
[2024-08-31T17:43:03.067+0000] {spark_submit.py:579} INFO - at java.base/java.net.InetAddress.getByName(InetAddress.java:1256)
[2024-08-31T17:43:03.077+0000] {spark_submit.py:579} INFO - at io.netty.util.internal.SocketUtils$8.run(SocketUtils.java:156)
[2024-08-31T17:43:03.079+0000] {spark_submit.py:579} INFO - at io.netty.util.internal.SocketUtils$8.run(SocketUtils.java:153)
[2024-08-31T17:43:03.082+0000] {spark_submit.py:579} INFO - at java.base/java.security.AccessController.doPrivileged(AccessController.java:569)
[2024-08-31T17:43:03.086+0000] {spark_submit.py:579} INFO - at io.netty.util.internal.SocketUtils.addressByName(SocketUtils.java:153)
[2024-08-31T17:43:03.089+0000] {spark_submit.py:579} INFO - at io.netty.resolver.DefaultNameResolver.doResolve(DefaultNameResolver.java:41)
[2024-08-31T17:43:03.093+0000] {spark_submit.py:579} INFO - at io.netty.resolver.SimpleNameResolver.resolve(SimpleNameResolver.java:61)
[2024-08-31T17:43:03.095+0000] {spark_submit.py:579} INFO - at io.netty.resolver.SimpleNameResolver.resolve(SimpleNameResolver.java:53)
[2024-08-31T17:43:03.096+0000] {spark_submit.py:579} INFO - at io.netty.resolver.InetSocketAddressResolver.doResolve(InetSocketAddressResolver.java:55)
[2024-08-31T17:43:03.097+0000] {spark_submit.py:579} INFO - at io.netty.resolver.InetSocketAddressResolver.doResolve(InetSocketAddressResolver.java:31)
[2024-08-31T17:43:03.098+0000] {spark_submit.py:579} INFO - at io.netty.resolver.AbstractAddressResolver.resolve(AbstractAddressResolver.java:106)
[2024-08-31T17:43:03.100+0000] {spark_submit.py:579} INFO - at io.netty.bootstrap.Bootstrap.doResolveAndConnect0(Bootstrap.java:206)
[2024-08-31T17:43:03.101+0000] {spark_submit.py:579} INFO - at io.netty.bootstrap.Bootstrap.access$000(Bootstrap.java:46)
[2024-08-31T17:43:03.101+0000] {spark_submit.py:579} INFO - at io.netty.bootstrap.Bootstrap$1.operationComplete(Bootstrap.java:180)
[2024-08-31T17:43:03.102+0000] {spark_submit.py:579} INFO - at io.netty.bootstrap.Bootstrap$1.operationComplete(Bootstrap.java:166)
[2024-08-31T17:43:03.108+0000] {spark_submit.py:579} INFO - at io.netty.util.concurrent.DefaultPromise.notifyListener0(DefaultPromise.java:578)
[2024-08-31T17:43:03.108+0000] {spark_submit.py:579} INFO - at io.netty.util.concurrent.DefaultPromise.notifyListenersNow(DefaultPromise.java:552)
[2024-08-31T17:43:03.109+0000] {spark_submit.py:579} INFO - at io.netty.util.concurrent.DefaultPromise.notifyListeners(DefaultPromise.java:491)
[2024-08-31T17:43:03.112+0000] {spark_submit.py:579} INFO - at io.netty.util.concurrent.DefaultPromise.setValue0(DefaultPromise.java:616)
[2024-08-31T17:43:03.114+0000] {spark_submit.py:579} INFO - at io.netty.util.concurrent.DefaultPromise.setSuccess0(DefaultPromise.java:605)
[2024-08-31T17:43:03.116+0000] {spark_submit.py:579} INFO - at io.netty.util.concurrent.DefaultPromise.trySuccess(DefaultPromise.java:104)
[2024-08-31T17:43:03.118+0000] {spark_submit.py:579} INFO - at io.netty.channel.DefaultChannelPromise.trySuccess(DefaultChannelPromise.java:84)
[2024-08-31T17:43:03.119+0000] {spark_submit.py:579} INFO - at io.netty.channel.AbstractChannel$AbstractUnsafe.safeSetSuccess(AbstractChannel.java:990)
[2024-08-31T17:43:03.154+0000] {spark_submit.py:579} INFO - at io.netty.channel.AbstractChannel$AbstractUnsafe.register0(AbstractChannel.java:516)
[2024-08-31T17:43:03.181+0000] {spark_submit.py:579} INFO - at io.netty.channel.AbstractChannel$AbstractUnsafe.access$200(AbstractChannel.java:429)
[2024-08-31T17:43:03.198+0000] {spark_submit.py:579} INFO - at io.netty.channel.AbstractChannel$AbstractUnsafe$1.run(AbstractChannel.java:486)
[2024-08-31T17:43:03.201+0000] {spark_submit.py:579} INFO - at io.netty.util.concurrent.AbstractEventExecutor.safeExecute(AbstractEventExecutor.java:164)
[2024-08-31T17:43:03.202+0000] {spark_submit.py:579} INFO - at io.netty.util.concurrent.SingleThreadEventExecutor.runAllTasks(SingleThreadEventExecutor.java:469)
[2024-08-31T17:43:03.204+0000] {spark_submit.py:579} INFO - at io.netty.channel.nio.NioEventLoop.run(NioEventLoop.java:503)
[2024-08-31T17:43:03.212+0000] {spark_submit.py:579} INFO - at io.netty.util.concurrent.SingleThreadEventExecutor$4.run(SingleThreadEventExecutor.java:986)
[2024-08-31T17:43:03.213+0000] {spark_submit.py:579} INFO - at io.netty.util.internal.ThreadExecutorMap$2.run(ThreadExecutorMap.java:74)
[2024-08-31T17:43:03.214+0000] {spark_submit.py:579} INFO - at io.netty.util.concurrent.FastThreadLocalRunnable.run(FastThreadLocalRunnable.java:30)
[2024-08-31T17:43:03.216+0000] {spark_submit.py:579} INFO - ... 1 more
[2024-08-31T17:43:21.965+0000] {spark_submit.py:579} INFO - 24/08/31 17:43:21 INFO StandaloneAppClient$ClientEndpoint: Connecting to master spark://dibimbing-dataeng-spark-master:7077...
[2024-08-31T17:43:23.023+0000] {spark_submit.py:579} INFO - 24/08/31 17:43:23 WARN StandaloneAppClient$ClientEndpoint: Failed to connect to master dibimbing-dataeng-spark-master:7077
[2024-08-31T17:43:23.030+0000] {spark_submit.py:579} INFO - org.apache.spark.SparkException: Exception thrown in awaitResult:
[2024-08-31T17:43:23.030+0000] {spark_submit.py:579} INFO - at org.apache.spark.util.ThreadUtils$.awaitResult(ThreadUtils.scala:301)
[2024-08-31T17:43:23.031+0000] {spark_submit.py:579} INFO - at org.apache.spark.rpc.RpcTimeout.awaitResult(RpcTimeout.scala:75)
[2024-08-31T17:43:23.031+0000] {spark_submit.py:579} INFO - at org.apache.spark.rpc.RpcEnv.setupEndpointRefByURI(RpcEnv.scala:102)
[2024-08-31T17:43:23.032+0000] {spark_submit.py:579} INFO - at org.apache.spark.rpc.RpcEnv.setupEndpointRef(RpcEnv.scala:110)
[2024-08-31T17:43:23.032+0000] {spark_submit.py:579} INFO - at org.apache.spark.deploy.client.StandaloneAppClient$ClientEndpoint$$anon$1.run(StandaloneAppClient.scala:107)
[2024-08-31T17:43:23.039+0000] {spark_submit.py:579} INFO - at java.base/java.util.concurrent.Executors$RunnableAdapter.call(Executors.java:539)
[2024-08-31T17:43:23.040+0000] {spark_submit.py:579} INFO - at java.base/java.util.concurrent.FutureTask.run(FutureTask.java:264)
[2024-08-31T17:43:23.041+0000] {spark_submit.py:579} INFO - at java.base/java.util.concurrent.ThreadPoolExecutor.runWorker(ThreadPoolExecutor.java:1136)
[2024-08-31T17:43:23.041+0000] {spark_submit.py:579} INFO - at java.base/java.util.concurrent.ThreadPoolExecutor$Worker.run(ThreadPoolExecutor.java:635)
[2024-08-31T17:43:23.042+0000] {spark_submit.py:579} INFO - at java.base/java.lang.Thread.run(Thread.java:840)
[2024-08-31T17:43:23.043+0000] {spark_submit.py:579} INFO - Caused by: java.io.IOException: Failed to connect to dibimbing-dataeng-spark-master/<unresolved>:7077
[2024-08-31T17:43:23.043+0000] {spark_submit.py:579} INFO - at org.apache.spark.network.client.TransportClientFactory.createClient(TransportClientFactory.java:288)
[2024-08-31T17:43:23.044+0000] {spark_submit.py:579} INFO - at org.apache.spark.network.client.TransportClientFactory.createClient(TransportClientFactory.java:218)
[2024-08-31T17:43:23.048+0000] {spark_submit.py:579} INFO - at org.apache.spark.network.client.TransportClientFactory.createClient(TransportClientFactory.java:230)
[2024-08-31T17:43:23.049+0000] {spark_submit.py:579} INFO - at org.apache.spark.rpc.netty.NettyRpcEnv.createClient(NettyRpcEnv.scala:204)
[2024-08-31T17:43:23.050+0000] {spark_submit.py:579} INFO - at org.apache.spark.rpc.netty.Outbox$$anon$1.call(Outbox.scala:202)
[2024-08-31T17:43:23.051+0000] {spark_submit.py:579} INFO - at org.apache.spark.rpc.netty.Outbox$$anon$1.call(Outbox.scala:198)
[2024-08-31T17:43:23.055+0000] {spark_submit.py:579} INFO - ... 4 more
[2024-08-31T17:43:23.057+0000] {spark_submit.py:579} INFO - Caused by: java.net.UnknownHostException: dibimbing-dataeng-spark-master
[2024-08-31T17:43:23.058+0000] {spark_submit.py:579} INFO - at java.base/java.net.InetAddress$CachedAddresses.get(InetAddress.java:801)
[2024-08-31T17:43:23.059+0000] {spark_submit.py:579} INFO - at java.base/java.net.InetAddress.getAllByName0(InetAddress.java:1533)
[2024-08-31T17:43:23.060+0000] {spark_submit.py:579} INFO - at java.base/java.net.InetAddress.getAllByName(InetAddress.java:1385)
[2024-08-31T17:43:23.060+0000] {spark_submit.py:579} INFO - at java.base/java.net.InetAddress.getAllByName(InetAddress.java:1306)
[2024-08-31T17:43:23.061+0000] {spark_submit.py:579} INFO - at java.base/java.net.InetAddress.getByName(InetAddress.java:1256)
[2024-08-31T17:43:23.061+0000] {spark_submit.py:579} INFO - at io.netty.util.internal.SocketUtils$8.run(SocketUtils.java:156)
[2024-08-31T17:43:23.062+0000] {spark_submit.py:579} INFO - at io.netty.util.internal.SocketUtils$8.run(SocketUtils.java:153)
[2024-08-31T17:43:23.062+0000] {spark_submit.py:579} INFO - at java.base/java.security.AccessController.doPrivileged(AccessController.java:569)
[2024-08-31T17:43:23.063+0000] {spark_submit.py:579} INFO - at io.netty.util.internal.SocketUtils.addressByName(SocketUtils.java:153)
[2024-08-31T17:43:23.064+0000] {spark_submit.py:579} INFO - at io.netty.resolver.DefaultNameResolver.doResolve(DefaultNameResolver.java:41)
[2024-08-31T17:43:23.064+0000] {spark_submit.py:579} INFO - at io.netty.resolver.SimpleNameResolver.resolve(SimpleNameResolver.java:61)
[2024-08-31T17:43:23.064+0000] {spark_submit.py:579} INFO - at io.netty.resolver.SimpleNameResolver.resolve(SimpleNameResolver.java:53)
[2024-08-31T17:43:23.065+0000] {spark_submit.py:579} INFO - at io.netty.resolver.InetSocketAddressResolver.doResolve(InetSocketAddressResolver.java:55)
[2024-08-31T17:43:23.072+0000] {spark_submit.py:579} INFO - at io.netty.resolver.InetSocketAddressResolver.doResolve(InetSocketAddressResolver.java:31)
[2024-08-31T17:43:23.073+0000] {spark_submit.py:579} INFO - at io.netty.resolver.AbstractAddressResolver.resolve(AbstractAddressResolver.java:106)
[2024-08-31T17:43:23.074+0000] {spark_submit.py:579} INFO - at io.netty.bootstrap.Bootstrap.doResolveAndConnect0(Bootstrap.java:206)
[2024-08-31T17:43:23.074+0000] {spark_submit.py:579} INFO - at io.netty.bootstrap.Bootstrap.access$000(Bootstrap.java:46)
[2024-08-31T17:43:23.075+0000] {spark_submit.py:579} INFO - at io.netty.bootstrap.Bootstrap$1.operationComplete(Bootstrap.java:180)
[2024-08-31T17:43:23.075+0000] {spark_submit.py:579} INFO - at io.netty.bootstrap.Bootstrap$1.operationComplete(Bootstrap.java:166)
[2024-08-31T17:43:23.076+0000] {spark_submit.py:579} INFO - at io.netty.util.concurrent.DefaultPromise.notifyListener0(DefaultPromise.java:578)
[2024-08-31T17:43:23.077+0000] {spark_submit.py:579} INFO - at io.netty.util.concurrent.DefaultPromise.notifyListenersNow(DefaultPromise.java:552)
[2024-08-31T17:43:23.077+0000] {spark_submit.py:579} INFO - at io.netty.util.concurrent.DefaultPromise.notifyListeners(DefaultPromise.java:491)
[2024-08-31T17:43:23.078+0000] {spark_submit.py:579} INFO - at io.netty.util.concurrent.DefaultPromise.setValue0(DefaultPromise.java:616)
[2024-08-31T17:43:23.078+0000] {spark_submit.py:579} INFO - at io.netty.util.concurrent.DefaultPromise.setSuccess0(DefaultPromise.java:605)
[2024-08-31T17:43:23.079+0000] {spark_submit.py:579} INFO - at io.netty.util.concurrent.DefaultPromise.trySuccess(DefaultPromise.java:104)
[2024-08-31T17:43:23.079+0000] {spark_submit.py:579} INFO - at io.netty.channel.DefaultChannelPromise.trySuccess(DefaultChannelPromise.java:84)
[2024-08-31T17:43:23.079+0000] {spark_submit.py:579} INFO - at io.netty.channel.AbstractChannel$AbstractUnsafe.safeSetSuccess(AbstractChannel.java:990)
[2024-08-31T17:43:23.080+0000] {spark_submit.py:579} INFO - at io.netty.channel.AbstractChannel$AbstractUnsafe.register0(AbstractChannel.java:516)
[2024-08-31T17:43:23.089+0000] {spark_submit.py:579} INFO - at io.netty.channel.AbstractChannel$AbstractUnsafe.access$200(AbstractChannel.java:429)
[2024-08-31T17:43:23.090+0000] {spark_submit.py:579} INFO - at io.netty.channel.AbstractChannel$AbstractUnsafe$1.run(AbstractChannel.java:486)
[2024-08-31T17:43:23.090+0000] {spark_submit.py:579} INFO - at io.netty.util.concurrent.AbstractEventExecutor.safeExecute(AbstractEventExecutor.java:164)
[2024-08-31T17:43:23.091+0000] {spark_submit.py:579} INFO - at io.netty.util.concurrent.SingleThreadEventExecutor.runAllTasks(SingleThreadEventExecutor.java:469)
[2024-08-31T17:43:23.092+0000] {spark_submit.py:579} INFO - at io.netty.channel.nio.NioEventLoop.run(NioEventLoop.java:503)
[2024-08-31T17:43:23.092+0000] {spark_submit.py:579} INFO - at io.netty.util.concurrent.SingleThreadEventExecutor$4.run(SingleThreadEventExecutor.java:986)
[2024-08-31T17:43:23.093+0000] {spark_submit.py:579} INFO - at io.netty.util.internal.ThreadExecutorMap$2.run(ThreadExecutorMap.java:74)
[2024-08-31T17:43:23.093+0000] {spark_submit.py:579} INFO - at io.netty.util.concurrent.FastThreadLocalRunnable.run(FastThreadLocalRunnable.java:30)
[2024-08-31T17:43:23.094+0000] {spark_submit.py:579} INFO - ... 1 more
[2024-08-31T17:43:41.975+0000] {spark_submit.py:579} INFO - 24/08/31 17:43:41 WARN StandaloneSchedulerBackend: Application ID is not initialized yet.
[2024-08-31T17:43:41.975+0000] {spark_submit.py:579} INFO - 24/08/31 17:43:41 ERROR StandaloneSchedulerBackend: Application has been killed. Reason: All masters are unresponsive! Giving up.
[2024-08-31T17:43:42.009+0000] {spark_submit.py:579} INFO - 24/08/31 17:43:42 INFO Utils: Successfully started service 'org.apache.spark.network.netty.NettyBlockTransferService' on port 34507.
[2024-08-31T17:43:42.010+0000] {spark_submit.py:579} INFO - 24/08/31 17:43:42 INFO NettyBlockTransferService: Server created on dataeng-airflow-scheduler:34507
[2024-08-31T17:43:42.011+0000] {spark_submit.py:579} INFO - 24/08/31 17:43:42 INFO BlockManager: Using org.apache.spark.storage.RandomBlockReplicationPolicy for block replication policy
[2024-08-31T17:43:42.038+0000] {spark_submit.py:579} INFO - 24/08/31 17:43:42 INFO BlockManagerMaster: Registering BlockManager BlockManagerId(driver, dataeng-airflow-scheduler, 34507, None)
[2024-08-31T17:43:42.040+0000] {spark_submit.py:579} INFO - 24/08/31 17:43:42 INFO SparkUI: Stopped Spark web UI at http://dataeng-airflow-scheduler:4040
[2024-08-31T17:43:42.045+0000] {spark_submit.py:579} INFO - 24/08/31 17:43:42 INFO BlockManagerMasterEndpoint: Registering block manager dataeng-airflow-scheduler:34507 with 434.4 MiB RAM, BlockManagerId(driver, dataeng-airflow-scheduler, 34507, None)
[2024-08-31T17:43:42.053+0000] {spark_submit.py:579} INFO - 24/08/31 17:43:42 INFO BlockManagerMaster: Registered BlockManager BlockManagerId(driver, dataeng-airflow-scheduler, 34507, None)
[2024-08-31T17:43:42.057+0000] {spark_submit.py:579} INFO - 24/08/31 17:43:42 INFO BlockManager: Initialized BlockManager: BlockManagerId(driver, dataeng-airflow-scheduler, 34507, None)
[2024-08-31T17:43:42.074+0000] {spark_submit.py:579} INFO - 24/08/31 17:43:42 INFO StandaloneSchedulerBackend: Shutting down all executors
[2024-08-31T17:43:42.077+0000] {spark_submit.py:579} INFO - 24/08/31 17:43:42 INFO CoarseGrainedSchedulerBackend$DriverEndpoint: Asking each executor to shut down
[2024-08-31T17:43:42.104+0000] {spark_submit.py:579} INFO - 24/08/31 17:43:42 WARN StandaloneAppClient$ClientEndpoint: Drop UnregisterApplication(null) because has not yet connected to master
[2024-08-31T17:43:42.147+0000] {spark_submit.py:579} INFO - 24/08/31 17:43:42 INFO MapOutputTrackerMasterEndpoint: MapOutputTrackerMasterEndpoint stopped!
[2024-08-31T17:43:42.250+0000] {spark_submit.py:579} INFO - 24/08/31 17:43:42 INFO MemoryStore: MemoryStore cleared
[2024-08-31T17:43:42.251+0000] {spark_submit.py:579} INFO - 24/08/31 17:43:42 INFO BlockManager: BlockManager stopped
[2024-08-31T17:43:42.259+0000] {spark_submit.py:579} INFO - 24/08/31 17:43:42 INFO BlockManagerMaster: BlockManagerMaster stopped
[2024-08-31T17:43:42.263+0000] {spark_submit.py:579} INFO - 24/08/31 17:43:42 INFO OutputCommitCoordinator$OutputCommitCoordinatorEndpoint: OutputCommitCoordinator stopped!
[2024-08-31T17:43:42.309+0000] {spark_submit.py:579} INFO - 24/08/31 17:43:42 INFO SparkContext: Successfully stopped SparkContext
[2024-08-31T17:43:42.645+0000] {spark_submit.py:579} INFO - 24/08/31 17:43:42 ERROR AsyncEventQueue: Listener AppStatusListener threw an exception
[2024-08-31T17:43:42.677+0000] {spark_submit.py:579} INFO - java.lang.NullPointerException: Cannot invoke "org.apache.spark.status.api.v1.ApplicationInfo.attempts()" because the return value of "org.apache.spark.status.AppStatusListener.appInfo()" is null
[2024-08-31T17:43:42.695+0000] {spark_submit.py:579} INFO - at org.apache.spark.status.AppStatusListener.onApplicationEnd(AppStatusListener.scala:192)
[2024-08-31T17:43:42.697+0000] {spark_submit.py:579} INFO - at org.apache.spark.scheduler.SparkListenerBus.doPostEvent(SparkListenerBus.scala:57)
[2024-08-31T17:43:42.709+0000] {spark_submit.py:579} INFO - at org.apache.spark.scheduler.SparkListenerBus.doPostEvent$(SparkListenerBus.scala:28)
[2024-08-31T17:43:42.745+0000] {spark_submit.py:579} INFO - at org.apache.spark.scheduler.AsyncEventQueue.doPostEvent(AsyncEventQueue.scala:37)
[2024-08-31T17:43:42.746+0000] {spark_submit.py:579} INFO - at org.apache.spark.scheduler.AsyncEventQueue.doPostEvent(AsyncEventQueue.scala:37)
[2024-08-31T17:43:42.747+0000] {spark_submit.py:579} INFO - at org.apache.spark.util.ListenerBus.postToAll(ListenerBus.scala:117)
[2024-08-31T17:43:42.753+0000] {spark_submit.py:579} INFO - at org.apache.spark.util.ListenerBus.postToAll$(ListenerBus.scala:101)
[2024-08-31T17:43:42.754+0000] {spark_submit.py:579} INFO - at org.apache.spark.scheduler.AsyncEventQueue.super$postToAll(AsyncEventQueue.scala:105)
[2024-08-31T17:43:42.779+0000] {spark_submit.py:579} INFO - at org.apache.spark.scheduler.AsyncEventQueue.$anonfun$dispatch$1(AsyncEventQueue.scala:105)
[2024-08-31T17:43:42.780+0000] {spark_submit.py:579} INFO - at scala.runtime.java8.JFunction0$mcJ$sp.apply(JFunction0$mcJ$sp.java:23)
[2024-08-31T17:43:42.789+0000] {spark_submit.py:579} INFO - at scala.util.DynamicVariable.withValue(DynamicVariable.scala:62)
[2024-08-31T17:43:42.791+0000] {spark_submit.py:579} INFO - at org.apache.spark.scheduler.AsyncEventQueue.org$apache$spark$scheduler$AsyncEventQueue$$dispatch(AsyncEventQueue.scala:100)
[2024-08-31T17:43:42.792+0000] {spark_submit.py:579} INFO - at org.apache.spark.scheduler.AsyncEventQueue$$anon$2.$anonfun$run$1(AsyncEventQueue.scala:96)
[2024-08-31T17:43:42.793+0000] {spark_submit.py:579} INFO - at org.apache.spark.util.Utils$.tryOrStopSparkContext(Utils.scala:1446)
[2024-08-31T17:43:42.794+0000] {spark_submit.py:579} INFO - at org.apache.spark.scheduler.AsyncEventQueue$$anon$2.run(AsyncEventQueue.scala:96)
[2024-08-31T17:43:42.808+0000] {spark_submit.py:579} INFO - 24/08/31 17:43:42 ERROR SparkContext: Error initializing SparkContext.
[2024-08-31T17:43:42.821+0000] {spark_submit.py:579} INFO - java.lang.IllegalArgumentException: requirement failed: Can only call getServletHandlers on a running MetricsSystem
[2024-08-31T17:43:42.823+0000] {spark_submit.py:579} INFO - at scala.Predef$.require(Predef.scala:281)
[2024-08-31T17:43:42.825+0000] {spark_submit.py:579} INFO - at org.apache.spark.metrics.MetricsSystem.getServletHandlers(MetricsSystem.scala:89)
[2024-08-31T17:43:42.840+0000] {spark_submit.py:579} INFO - at org.apache.spark.SparkContext.<init>(SparkContext.scala:660)
[2024-08-31T17:43:42.858+0000] {spark_submit.py:579} INFO - at org.apache.spark.api.java.JavaSparkContext.<init>(JavaSparkContext.scala:58)
[2024-08-31T17:43:42.874+0000] {spark_submit.py:579} INFO - at java.base/jdk.internal.reflect.NativeConstructorAccessorImpl.newInstance0(Native Method)
[2024-08-31T17:43:42.876+0000] {spark_submit.py:579} INFO - at java.base/jdk.internal.reflect.NativeConstructorAccessorImpl.newInstance(NativeConstructorAccessorImpl.java:77)
[2024-08-31T17:43:42.876+0000] {spark_submit.py:579} INFO - at java.base/jdk.internal.reflect.DelegatingConstructorAccessorImpl.newInstance(DelegatingConstructorAccessorImpl.java:45)
[2024-08-31T17:43:42.877+0000] {spark_submit.py:579} INFO - at java.base/java.lang.reflect.Constructor.newInstanceWithCaller(Constructor.java:500)
[2024-08-31T17:43:42.890+0000] {spark_submit.py:579} INFO - at java.base/java.lang.reflect.Constructor.newInstance(Constructor.java:481)
[2024-08-31T17:43:42.906+0000] {spark_submit.py:579} INFO - at py4j.reflection.MethodInvoker.invoke(MethodInvoker.java:247)
[2024-08-31T17:43:42.909+0000] {spark_submit.py:579} INFO - at py4j.reflection.ReflectionEngine.invoke(ReflectionEngine.java:357)
[2024-08-31T17:43:42.910+0000] {spark_submit.py:579} INFO - at py4j.Gateway.invoke(Gateway.java:238)
[2024-08-31T17:43:42.911+0000] {spark_submit.py:579} INFO - at py4j.commands.ConstructorCommand.invokeConstructor(ConstructorCommand.java:80)
[2024-08-31T17:43:42.938+0000] {spark_submit.py:579} INFO - at py4j.commands.ConstructorCommand.execute(ConstructorCommand.java:69)
[2024-08-31T17:43:42.954+0000] {spark_submit.py:579} INFO - at py4j.ClientServerConnection.waitForCommands(ClientServerConnection.java:182)
[2024-08-31T17:43:42.970+0000] {spark_submit.py:579} INFO - at py4j.ClientServerConnection.run(ClientServerConnection.java:106)
[2024-08-31T17:43:42.971+0000] {spark_submit.py:579} INFO - at java.base/java.lang.Thread.run(Thread.java:840)
[2024-08-31T17:43:42.972+0000] {spark_submit.py:579} INFO - 24/08/31 17:43:42 INFO SparkContext: SparkContext already stopped.
[2024-08-31T17:43:42.973+0000] {spark_submit.py:579} INFO - Error initializing SparkContext: An error occurred while calling None.org.apache.spark.api.java.JavaSparkContext.
[2024-08-31T17:43:42.973+0000] {spark_submit.py:579} INFO - : java.lang.IllegalArgumentException: requirement failed: Can only call getServletHandlers on a running MetricsSystem
[2024-08-31T17:43:42.974+0000] {spark_submit.py:579} INFO - at scala.Predef$.require(Predef.scala:281)
[2024-08-31T17:43:42.975+0000] {spark_submit.py:579} INFO - at org.apache.spark.metrics.MetricsSystem.getServletHandlers(MetricsSystem.scala:89)
[2024-08-31T17:43:42.975+0000] {spark_submit.py:579} INFO - at org.apache.spark.SparkContext.<init>(SparkContext.scala:660)
[2024-08-31T17:43:42.986+0000] {spark_submit.py:579} INFO - at org.apache.spark.api.java.JavaSparkContext.<init>(JavaSparkContext.scala:58)
[2024-08-31T17:43:43.002+0000] {spark_submit.py:579} INFO - at java.base/jdk.internal.reflect.NativeConstructorAccessorImpl.newInstance0(Native Method)
[2024-08-31T17:43:43.010+0000] {spark_submit.py:579} INFO - at java.base/jdk.internal.reflect.NativeConstructorAccessorImpl.newInstance(NativeConstructorAccessorImpl.java:77)
[2024-08-31T17:43:43.012+0000] {spark_submit.py:579} INFO - at java.base/jdk.internal.reflect.DelegatingConstructorAccessorImpl.newInstance(DelegatingConstructorAccessorImpl.java:45)
[2024-08-31T17:43:43.013+0000] {spark_submit.py:579} INFO - at java.base/java.lang.reflect.Constructor.newInstanceWithCaller(Constructor.java:500)
[2024-08-31T17:43:43.017+0000] {spark_submit.py:579} INFO - at java.base/java.lang.reflect.Constructor.newInstance(Constructor.java:481)
[2024-08-31T17:43:43.021+0000] {spark_submit.py:579} INFO - at py4j.reflection.MethodInvoker.invoke(MethodInvoker.java:247)
[2024-08-31T17:43:43.023+0000] {spark_submit.py:579} INFO - at py4j.reflection.ReflectionEngine.invoke(ReflectionEngine.java:357)
[2024-08-31T17:43:43.026+0000] {spark_submit.py:579} INFO - at py4j.Gateway.invoke(Gateway.java:238)
[2024-08-31T17:43:43.027+0000] {spark_submit.py:579} INFO - at py4j.commands.ConstructorCommand.invokeConstructor(ConstructorCommand.java:80)
[2024-08-31T17:43:43.028+0000] {spark_submit.py:579} INFO - at py4j.commands.ConstructorCommand.execute(ConstructorCommand.java:69)
[2024-08-31T17:43:43.031+0000] {spark_submit.py:579} INFO - at py4j.ClientServerConnection.waitForCommands(ClientServerConnection.java:182)
[2024-08-31T17:43:43.035+0000] {spark_submit.py:579} INFO - at py4j.ClientServerConnection.run(ClientServerConnection.java:106)
[2024-08-31T17:43:43.050+0000] {spark_submit.py:579} INFO - at java.base/java.lang.Thread.run(Thread.java:840)
[2024-08-31T17:43:43.053+0000] {spark_submit.py:579} INFO - 
[2024-08-31T17:43:43.055+0000] {spark_submit.py:579} INFO - Traceback (most recent call last):
[2024-08-31T17:43:43.060+0000] {spark_submit.py:579} INFO - File "/spark-scripts/spark-retail-analysis.py", line 20, in <module>
[2024-08-31T17:43:43.061+0000] {spark_submit.py:579} INFO - sparkcontext = pyspark.SparkContext.getOrCreate(conf=(
[2024-08-31T17:43:43.064+0000] {spark_submit.py:579} INFO - File "/home/airflow/.local/lib/python3.9/site-packages/pyspark/python/lib/pyspark.zip/pyspark/context.py", line 483, in getOrCreate
[2024-08-31T17:43:43.074+0000] {spark_submit.py:579} INFO - File "/home/airflow/.local/lib/python3.9/site-packages/pyspark/python/lib/pyspark.zip/pyspark/context.py", line 197, in __init__
[2024-08-31T17:43:43.076+0000] {spark_submit.py:579} INFO - File "/home/airflow/.local/lib/python3.9/site-packages/pyspark/python/lib/pyspark.zip/pyspark/context.py", line 282, in _do_init
[2024-08-31T17:43:43.085+0000] {spark_submit.py:579} INFO - File "/home/airflow/.local/lib/python3.9/site-packages/pyspark/python/lib/pyspark.zip/pyspark/context.py", line 402, in _initialize_context
[2024-08-31T17:43:43.086+0000] {spark_submit.py:579} INFO - File "/home/airflow/.local/lib/python3.9/site-packages/pyspark/python/lib/py4j-0.10.9.5-src.zip/py4j/java_gateway.py", line 1585, in __call__
[2024-08-31T17:43:43.088+0000] {spark_submit.py:579} INFO - File "/home/airflow/.local/lib/python3.9/site-packages/pyspark/python/lib/py4j-0.10.9.5-src.zip/py4j/protocol.py", line 326, in get_return_value
[2024-08-31T17:43:43.090+0000] {spark_submit.py:579} INFO - py4j.protocol.Py4JJavaError: An error occurred while calling None.org.apache.spark.api.java.JavaSparkContext.
[2024-08-31T17:43:43.091+0000] {spark_submit.py:579} INFO - : java.lang.IllegalArgumentException: requirement failed: Can only call getServletHandlers on a running MetricsSystem
[2024-08-31T17:43:43.102+0000] {spark_submit.py:579} INFO - at scala.Predef$.require(Predef.scala:281)
[2024-08-31T17:43:43.105+0000] {spark_submit.py:579} INFO - at org.apache.spark.metrics.MetricsSystem.getServletHandlers(MetricsSystem.scala:89)
[2024-08-31T17:43:43.106+0000] {spark_submit.py:579} INFO - at org.apache.spark.SparkContext.<init>(SparkContext.scala:660)
[2024-08-31T17:43:43.108+0000] {spark_submit.py:579} INFO - at org.apache.spark.api.java.JavaSparkContext.<init>(JavaSparkContext.scala:58)
[2024-08-31T17:43:43.118+0000] {spark_submit.py:579} INFO - at java.base/jdk.internal.reflect.NativeConstructorAccessorImpl.newInstance0(Native Method)
[2024-08-31T17:43:43.122+0000] {spark_submit.py:579} INFO - at java.base/jdk.internal.reflect.NativeConstructorAccessorImpl.newInstance(NativeConstructorAccessorImpl.java:77)
[2024-08-31T17:43:43.125+0000] {spark_submit.py:579} INFO - at java.base/jdk.internal.reflect.DelegatingConstructorAccessorImpl.newInstance(DelegatingConstructorAccessorImpl.java:45)
[2024-08-31T17:43:43.155+0000] {spark_submit.py:579} INFO - at java.base/java.lang.reflect.Constructor.newInstanceWithCaller(Constructor.java:500)
[2024-08-31T17:43:43.161+0000] {spark_submit.py:579} INFO - at java.base/java.lang.reflect.Constructor.newInstance(Constructor.java:481)
[2024-08-31T17:43:43.167+0000] {spark_submit.py:579} INFO - at py4j.reflection.MethodInvoker.invoke(MethodInvoker.java:247)
[2024-08-31T17:43:43.172+0000] {spark_submit.py:579} INFO - at py4j.reflection.ReflectionEngine.invoke(ReflectionEngine.java:357)
[2024-08-31T17:43:43.188+0000] {spark_submit.py:579} INFO - at py4j.Gateway.invoke(Gateway.java:238)
[2024-08-31T17:43:43.190+0000] {spark_submit.py:579} INFO - at py4j.commands.ConstructorCommand.invokeConstructor(ConstructorCommand.java:80)
[2024-08-31T17:43:43.191+0000] {spark_submit.py:579} INFO - at py4j.commands.ConstructorCommand.execute(ConstructorCommand.java:69)
[2024-08-31T17:43:43.192+0000] {spark_submit.py:579} INFO - at py4j.ClientServerConnection.waitForCommands(ClientServerConnection.java:182)
[2024-08-31T17:43:43.192+0000] {spark_submit.py:579} INFO - at py4j.ClientServerConnection.run(ClientServerConnection.java:106)
[2024-08-31T17:43:43.193+0000] {spark_submit.py:579} INFO - at java.base/java.lang.Thread.run(Thread.java:840)
[2024-08-31T17:43:43.194+0000] {spark_submit.py:579} INFO - 
[2024-08-31T17:43:43.195+0000] {spark_submit.py:579} INFO - 24/08/31 17:43:43 INFO ShutdownHookManager: Shutdown hook called
[2024-08-31T17:43:43.196+0000] {spark_submit.py:579} INFO - 24/08/31 17:43:43 INFO ShutdownHookManager: Deleting directory /tmp/spark-e6312e25-805f-4ad6-b767-ed2187a83b83
[2024-08-31T17:43:43.197+0000] {spark_submit.py:579} INFO - 24/08/31 17:43:43 INFO ShutdownHookManager: Deleting directory /tmp/spark-2260a2e1-0318-4757-9a07-01023230d832
[2024-08-31T17:43:43.340+0000] {taskinstance.py:2728} ERROR - Task failed with exception
Traceback (most recent call last):
  File "/home/airflow/.local/lib/python3.9/site-packages/airflow/models/taskinstance.py", line 444, in _execute_task
    result = _execute_callable(context=context, **execute_callable_kwargs)
  File "/home/airflow/.local/lib/python3.9/site-packages/airflow/models/taskinstance.py", line 414, in _execute_callable
    return execute_callable(context=context, **execute_callable_kwargs)
  File "/home/airflow/.local/lib/python3.9/site-packages/airflow/providers/apache/spark/operators/spark_submit.py", line 174, in execute
    self._hook.submit(self.application)
  File "/home/airflow/.local/lib/python3.9/site-packages/airflow/providers/apache/spark/hooks/spark_submit.py", line 505, in submit
    raise AirflowException(
airflow.exceptions.AirflowException: Cannot execute: spark-submit --master spark://dataeng-spark-master:7077 --conf spark.executor.memory=2g --conf spark.driver.memory=1g --conf spark.jars=/opt/bitnami/spark/jars/postgresql-42.2.18.jar --name Dibimbing /spark-scripts/spark-retail-analysis.py --master spark://dibimbing-dataeng-spark-master:7077 --jars /opt/bitnami/spark/jars/postgresql-42.2.18.jar. Error code is: 1.
[2024-08-31T17:43:43.356+0000] {taskinstance.py:1149} INFO - Marking task as FAILED. dag_id=spark_retail_analysis_dag, task_id=spark_retail_analysis_task, execution_date=20240831T174216, start_date=20240831T174224, end_date=20240831T174343
[2024-08-31T17:43:43.407+0000] {standard_task_runner.py:107} ERROR - Failed to execute job 51 for task spark_retail_analysis_task (Cannot execute: spark-submit --master spark://dataeng-spark-master:7077 --conf spark.executor.memory=2g --conf spark.driver.memory=1g --conf spark.jars=/opt/bitnami/spark/jars/postgresql-42.2.18.jar --name Dibimbing /spark-scripts/spark-retail-analysis.py --master spark://dibimbing-dataeng-spark-master:7077 --jars /opt/bitnami/spark/jars/postgresql-42.2.18.jar. Error code is: 1.; 14360)
[2024-08-31T17:43:43.452+0000] {local_task_job_runner.py:234} INFO - Task exited with return code 1
[2024-08-31T17:43:43.510+0000] {taskinstance.py:3309} INFO - 0 downstream tasks scheduled from follow-on schedule check
